{
"contracts/compliance/legacy/BasicCompliance.sol":{"l":{"80":1,"81":1,"89":0,"93":0,"100":4,"101":3,"103":1,"110":1,"111":0,"113":1,"120":0,"121":0,"122":0,"129":0,"130":0,"131":0,"138":7,"140":7,"141":7,"148":2,"149":2,"150":2,"151":2,"158":1},"path":"/Users/joachimlebrun/IdeaProjects/T-REX/contracts/compliance/legacy/BasicCompliance.sol","s":{"1":1,"2":0,"3":0,"4":4,"5":3,"6":1,"7":1,"8":0,"9":1,"10":0,"11":0,"12":0,"13":0,"14":0,"15":0,"16":7,"17":7,"18":7,"19":2,"20":2,"21":2,"22":1},"b":{"1":[1,0],"2":[3,1],"3":[0,1],"4":[0,0],"5":[0,0],"6":[7,0],"7":[2,0],"8":[2,0]},"f":{"1":1,"2":0,"3":0,"4":4,"5":1,"6":0,"7":0,"8":7,"9":2,"10":1},"fnMap":{"1":{"name":"onlyToken","line":79,"loc":{"start":{"line":79,"column":4},"end":{"line":82,"column":4}}},"2":{"name":"_getIdentity","line":88,"loc":{"start":{"line":88,"column":4},"end":{"line":90,"column":4}}},"3":{"name":"_getCountry","line":92,"loc":{"start":{"line":92,"column":4},"end":{"line":94,"column":4}}},"4":{"name":"isTokenAgent","line":99,"loc":{"start":{"line":99,"column":4},"end":{"line":104,"column":4}}},"5":{"name":"isTokenBound","line":109,"loc":{"start":{"line":109,"column":4},"end":{"line":114,"column":4}}},"6":{"name":"addTokenAgent","line":119,"loc":{"start":{"line":119,"column":4},"end":{"line":123,"column":4}}},"7":{"name":"removeTokenAgent","line":128,"loc":{"start":{"line":128,"column":4},"end":{"line":132,"column":4}}},"8":{"name":"bindToken","line":137,"loc":{"start":{"line":137,"column":4},"end":{"line":142,"column":4}}},"9":{"name":"unbindToken","line":147,"loc":{"start":{"line":147,"column":4},"end":{"line":152,"column":4}}},"10":{"name":"isToken","line":157,"loc":{"start":{"line":157,"column":4},"end":{"line":159,"column":4}}}},"statementMap":{"1":{"start":{"line":80,"column":8},"end":{"line":80,"column":97}},"2":{"start":{"line":89,"column":8},"end":{"line":89,"column":77}},"3":{"start":{"line":93,"column":8},"end":{"line":93,"column":75}},"4":{"start":{"line":100,"column":8},"end":{"line":100,"column":5036}},"5":{"start":{"line":101,"column":12},"end":{"line":101,"column":24}},"6":{"start":{"line":103,"column":8},"end":{"line":103,"column":19}},"7":{"start":{"line":110,"column":8},"end":{"line":110,"column":5348}},"8":{"start":{"line":111,"column":12},"end":{"line":111,"column":24}},"9":{"start":{"line":113,"column":8},"end":{"line":113,"column":19}},"10":{"start":{"line":120,"column":8},"end":{"line":120,"column":84}},"11":{"start":{"line":121,"column":8},"end":{"line":121,"column":45}},"12":{"start":{"line":122,"column":8},"end":{"line":122,"column":43}},"13":{"start":{"line":129,"column":8},"end":{"line":129,"column":83}},"14":{"start":{"line":130,"column":8},"end":{"line":130,"column":46}},"15":{"start":{"line":131,"column":8},"end":{"line":131,"column":45}},"16":{"start":{"line":138,"column":8},"end":{"line":138,"column":6268}},"17":{"start":{"line":140,"column":8},"end":{"line":140,"column":35}},"18":{"start":{"line":141,"column":8},"end":{"line":141,"column":31}},"19":{"start":{"line":148,"column":8},"end":{"line":148,"column":94}},"20":{"start":{"line":149,"column":8},"end":{"line":149,"column":73}},"21":{"start":{"line":151,"column":8},"end":{"line":151,"column":33}},"22":{"start":{"line":158,"column":8},"end":{"line":158,"column":39}}},"branchMap":{"1":{"line":80,"type":"if","locations":[{"start":{"line":80,"column":8},"end":{"line":80,"column":8}},{"start":{"line":80,"column":8},"end":{"line":80,"column":8}}]},"2":{"line":100,"type":"if","locations":[{"start":{"line":100,"column":8},"end":{"line":100,"column":8}},{"start":{"line":100,"column":8},"end":{"line":100,"column":8}}]},"3":{"line":110,"type":"if","locations":[{"start":{"line":110,"column":8},"end":{"line":110,"column":8}},{"start":{"line":110,"column":8},"end":{"line":110,"column":8}}]},"4":{"line":120,"type":"if","locations":[{"start":{"line":120,"column":8},"end":{"line":120,"column":8}},{"start":{"line":120,"column":8},"end":{"line":120,"column":8}}]},"5":{"line":129,"type":"if","locations":[{"start":{"line":129,"column":8},"end":{"line":129,"column":8}},{"start":{"line":129,"column":8},"end":{"line":129,"column":8}}]},"6":{"line":138,"type":"if","locations":[{"start":{"line":138,"column":8},"end":{"line":138,"column":8}},{"start":{"line":138,"column":8},"end":{"line":138,"column":8}}]},"7":{"line":148,"type":"if","locations":[{"start":{"line":148,"column":8},"end":{"line":148,"column":8}},{"start":{"line":148,"column":8},"end":{"line":148,"column":8}}]},"8":{"line":149,"type":"if","locations":[{"start":{"line":149,"column":8},"end":{"line":149,"column":8}},{"start":{"line":149,"column":8},"end":{"line":149,"column":8}}]}}},
"contracts/compliance/legacy/DefaultCompliance.sol":{"l":{"89":21},"path":"/Users/joachimlebrun/IdeaProjects/T-REX/contracts/compliance/legacy/DefaultCompliance.sol","s":{"1":21},"b":{},"f":{"1":20,"2":6,"3":3,"4":21},"fnMap":{"1":{"name":"transferred","line":70,"loc":{"start":{"line":70,"column":4},"end":{"line":71,"column":4}}},"2":{"name":"created","line":76,"loc":{"start":{"line":76,"column":4},"end":{"line":77,"column":4}}},"3":{"name":"destroyed","line":82,"loc":{"start":{"line":82,"column":4},"end":{"line":83,"column":4}}},"4":{"name":"canTransfer","line":88,"loc":{"start":{"line":88,"column":4},"end":{"line":90,"column":4}}}},"statementMap":{"1":{"start":{"line":89,"column":8},"end":{"line":89,"column":19}}},"branchMap":{}},
"contracts/compliance/legacy/deployed/GCHCompliance.sol":{"l":{"72":0,"73":0,"80":0,"81":0,"88":0,"89":0,"96":0,"100":0,"102":0},"path":"/Users/joachimlebrun/IdeaProjects/T-REX/contracts/compliance/legacy/deployed/GCHCompliance.sol","s":{"1":0,"2":0,"3":0,"4":0,"5":0,"6":0,"7":0,"8":0,"9":0},"b":{"1":[0,0]},"f":{"1":0,"2":0,"3":0,"4":0},"fnMap":{"1":{"name":"transferred","line":71,"loc":{"start":{"line":71,"column":4},"end":{"line":74,"column":4}}},"2":{"name":"created","line":79,"loc":{"start":{"line":79,"column":4},"end":{"line":82,"column":4}}},"3":{"name":"destroyed","line":87,"loc":{"start":{"line":87,"column":4},"end":{"line":90,"column":4}}},"4":{"name":"canTransfer","line":95,"loc":{"start":{"line":95,"column":4},"end":{"line":103,"column":4}}}},"statementMap":{"1":{"start":{"line":72,"column":8},"end":{"line":72,"column":58}},"2":{"start":{"line":73,"column":8},"end":{"line":73,"column":62}},"3":{"start":{"line":80,"column":8},"end":{"line":80,"column":51}},"4":{"start":{"line":81,"column":8},"end":{"line":81,"column":55}},"5":{"start":{"line":88,"column":8},"end":{"line":88,"column":56}},"6":{"start":{"line":89,"column":8},"end":{"line":89,"column":60}},"7":{"start":{"line":96,"column":8},"end":{"line":96,"column":4959}},"8":{"start":{"line":100,"column":12},"end":{"line":100,"column":24}},"9":{"start":{"line":102,"column":8},"end":{"line":102,"column":19}}},"branchMap":{"1":{"line":96,"type":"if","locations":[{"start":{"line":96,"column":8},"end":{"line":96,"column":8}},{"start":{"line":96,"column":8},"end":{"line":96,"column":8}}]}}},
"contracts/compliance/legacy/features/ApproveTransfer.sol":{"l":{"81":5,"82":5,"86":1,"87":1,"88":1,"89":1,"90":1,"94":0,"95":0,"96":0,"97":0,"101":1,"102":1,"103":1,"104":1,"109":0,"110":0,"114":1,"122":3,"123":3,"124":3,"125":2,"128":1},"path":"/Users/joachimlebrun/IdeaProjects/T-REX/contracts/compliance/legacy/features/ApproveTransfer.sol","s":{"1":5,"2":5,"3":1,"4":1,"5":1,"6":1,"7":1,"8":0,"9":0,"10":0,"11":0,"12":1,"13":1,"14":1,"15":1,"16":0,"17":0,"18":1,"19":3,"20":3,"21":3,"22":2,"23":1},"b":{"1":[1,0],"2":[1,0],"3":[0,0],"4":[1,0],"5":[3,0],"6":[2,1]},"f":{"1":5,"2":1,"3":0,"4":1,"5":0,"6":1,"7":0,"8":0,"9":3},"fnMap":{"1":{"name":"calculateTransferID","line":75,"loc":{"start":{"line":75,"column":4},"end":{"line":83,"column":4}}},"2":{"name":"approveTransfer","line":85,"loc":{"start":{"line":85,"column":4},"end":{"line":91,"column":4}}},"3":{"name":"removeApproval","line":93,"loc":{"start":{"line":93,"column":4},"end":{"line":98,"column":4}}},"4":{"name":"transferProcessed","line":100,"loc":{"start":{"line":100,"column":4},"end":{"line":106,"column":4}}},"5":{"name":"approveAndTransfer","line":108,"loc":{"start":{"line":108,"column":4},"end":{"line":111,"column":4}}},"6":{"name":"transferActionOnApproveTransfer","line":113,"loc":{"start":{"line":113,"column":4},"end":{"line":115,"column":4}}},"7":{"name":"creationActionOnApproveTransfer","line":117,"loc":{"start":{"line":117,"column":4},"end":{"line":117,"column":84}}},"8":{"name":"destructionActionOnApproveTransfer","line":119,"loc":{"start":{"line":119,"column":4},"end":{"line":119,"column":89}}},"9":{"name":"complianceCheckOnApproveTransfer","line":121,"loc":{"start":{"line":121,"column":4},"end":{"line":129,"column":4}}}},"statementMap":{"1":{"start":{"line":81,"column":8},"end":{"line":81,"column":79}},"2":{"start":{"line":82,"column":8},"end":{"line":82,"column":25}},"3":{"start":{"line":86,"column":8},"end":{"line":86,"column":69}},"4":{"start":{"line":87,"column":8},"end":{"line":87,"column":92}},"5":{"start":{"line":88,"column":8},"end":{"line":88,"column":84}},"6":{"start":{"line":89,"column":8},"end":{"line":89,"column":44}},"7":{"start":{"line":90,"column":8},"end":{"line":90,"column":72}},"8":{"start":{"line":94,"column":8},"end":{"line":94,"column":69}},"9":{"start":{"line":95,"column":8},"end":{"line":95,"column":92}},"10":{"start":{"line":96,"column":8},"end":{"line":96,"column":45}},"11":{"start":{"line":97,"column":8},"end":{"line":97,"column":71}},"12":{"start":{"line":101,"column":8},"end":{"line":101,"column":92}},"13":{"start":{"line":102,"column":8},"end":{"line":102,"column":5470}},"14":{"start":{"line":103,"column":12},"end":{"line":103,"column":49}},"15":{"start":{"line":104,"column":12},"end":{"line":104,"column":75}},"16":{"start":{"line":109,"column":8},"end":{"line":109,"column":43}},"17":{"start":{"line":110,"column":8},"end":{"line":110,"column":52}},"18":{"start":{"line":114,"column":8},"end":{"line":114,"column":44}},"19":{"start":{"line":122,"column":8},"end":{"line":122,"column":6309}},"20":{"start":{"line":123,"column":12},"end":{"line":123,"column":95}},"21":{"start":{"line":124,"column":12},"end":{"line":124,"column":6450}},"22":{"start":{"line":125,"column":16},"end":{"line":125,"column":28}},"23":{"start":{"line":128,"column":8},"end":{"line":128,"column":19}}},"branchMap":{"1":{"line":86,"type":"if","locations":[{"start":{"line":86,"column":8},"end":{"line":86,"column":8}},{"start":{"line":86,"column":8},"end":{"line":86,"column":8}}]},"2":{"line":88,"type":"if","locations":[{"start":{"line":88,"column":8},"end":{"line":88,"column":8}},{"start":{"line":88,"column":8},"end":{"line":88,"column":8}}]},"3":{"line":94,"type":"if","locations":[{"start":{"line":94,"column":8},"end":{"line":94,"column":8}},{"start":{"line":94,"column":8},"end":{"line":94,"column":8}}]},"4":{"line":102,"type":"if","locations":[{"start":{"line":102,"column":8},"end":{"line":102,"column":8}},{"start":{"line":102,"column":8},"end":{"line":102,"column":8}}]},"5":{"line":122,"type":"if","locations":[{"start":{"line":122,"column":8},"end":{"line":122,"column":8}},{"start":{"line":122,"column":8},"end":{"line":122,"column":8}}]},"6":{"line":124,"type":"if","locations":[{"start":{"line":124,"column":12},"end":{"line":124,"column":12}},{"start":{"line":124,"column":12},"end":{"line":124,"column":12}}]}}},
"contracts/compliance/legacy/features/CountryRestrictions.sol":{"l":{"90":0,"101":0,"102":0,"113":0,"114":0,"125":0,"126":0,"127":0,"139":0,"140":0,"141":0,"154":0,"155":0,"156":0,"158":0},"path":"/Users/joachimlebrun/IdeaProjects/T-REX/contracts/compliance/legacy/features/CountryRestrictions.sol","s":{"1":0,"2":0,"3":0,"4":0,"5":0,"6":0,"7":0,"8":0,"9":0,"10":0,"11":0,"12":0,"13":0,"14":0,"15":0},"b":{"1":[0,0]},"f":{"1":0,"2":0,"3":0,"4":0,"5":0,"6":0,"7":0,"8":0,"9":0},"fnMap":{"1":{"name":"isCountryRestricted","line":89,"loc":{"start":{"line":89,"column":4},"end":{"line":91,"column":4}}},"2":{"name":"addCountryRestriction","line":100,"loc":{"start":{"line":100,"column":4},"end":{"line":103,"column":4}}},"3":{"name":"removeCountryRestriction","line":112,"loc":{"start":{"line":112,"column":4},"end":{"line":115,"column":4}}},"4":{"name":"batchRestrictCountries","line":124,"loc":{"start":{"line":124,"column":4},"end":{"line":129,"column":4}}},"5":{"name":"batchUnrestrictCountries","line":138,"loc":{"start":{"line":138,"column":4},"end":{"line":143,"column":4}}},"6":{"name":"transferActionOnCountryRestrictions","line":145,"loc":{"start":{"line":145,"column":4},"end":{"line":145,"column":115}}},"7":{"name":"creationActionOnCountryRestrictions","line":147,"loc":{"start":{"line":147,"column":4},"end":{"line":147,"column":96}}},"8":{"name":"destructionActionOnCountryRestrictions","line":149,"loc":{"start":{"line":149,"column":4},"end":{"line":149,"column":93}}},"9":{"name":"complianceCheckOnCountryRestrictions","line":152,"loc":{"start":{"line":152,"column":4},"end":{"line":159,"column":4}}}},"statementMap":{"1":{"start":{"line":90,"column":8},"end":{"line":90,"column":47}},"2":{"start":{"line":101,"column":8},"end":{"line":101,"column":44}},"3":{"start":{"line":102,"column":8},"end":{"line":102,"column":45}},"4":{"start":{"line":113,"column":8},"end":{"line":113,"column":45}},"5":{"start":{"line":114,"column":8},"end":{"line":114,"column":47}},"6":{"start":{"line":125,"column":8},"end":{"line":125,"column":6593}},"7":{"start":{"line":126,"column":12},"end":{"line":126,"column":53}},"8":{"start":{"line":127,"column":12},"end":{"line":127,"column":54}},"9":{"start":{"line":139,"column":8},"end":{"line":139,"column":7294}},"10":{"start":{"line":140,"column":12},"end":{"line":140,"column":54}},"11":{"start":{"line":141,"column":12},"end":{"line":141,"column":56}},"12":{"start":{"line":154,"column":8},"end":{"line":154,"column":49}},"13":{"start":{"line":155,"column":8},"end":{"line":155,"column":7984}},"14":{"start":{"line":156,"column":12},"end":{"line":156,"column":24}},"15":{"start":{"line":158,"column":8},"end":{"line":158,"column":19}}},"branchMap":{"1":{"line":155,"type":"if","locations":[{"start":{"line":155,"column":8},"end":{"line":155,"column":8}},{"start":{"line":155,"column":8},"end":{"line":155,"column":8}}]}}},
"contracts/compliance/legacy/features/CountryWhitelisting.sol":{"l":{"90":0,"101":0,"102":0,"114":0,"115":0,"126":0,"127":0,"128":0,"140":0,"141":0,"142":0,"155":0,"156":0,"157":0,"159":0},"path":"/Users/joachimlebrun/IdeaProjects/T-REX/contracts/compliance/legacy/features/CountryWhitelisting.sol","s":{"1":0,"2":0,"3":0,"4":0,"5":0,"6":0,"7":0,"8":0,"9":0,"10":0,"11":0,"12":0,"13":0,"14":0,"15":0},"b":{"1":[0,0]},"f":{"1":0,"2":0,"3":0,"4":0,"5":0,"6":0,"7":0,"8":0,"9":0},"fnMap":{"1":{"name":"isCountryWhitelisted","line":89,"loc":{"start":{"line":89,"column":4},"end":{"line":91,"column":4}}},"2":{"name":"whitelistCountry","line":100,"loc":{"start":{"line":100,"column":4},"end":{"line":103,"column":4}}},"3":{"name":"unWhitelistCountry","line":113,"loc":{"start":{"line":113,"column":4},"end":{"line":116,"column":4}}},"4":{"name":"batchWhitelistCountries","line":125,"loc":{"start":{"line":125,"column":4},"end":{"line":130,"column":4}}},"5":{"name":"batchBlacklistCountries","line":139,"loc":{"start":{"line":139,"column":4},"end":{"line":144,"column":4}}},"6":{"name":"transferActionOnCountryWhitelisting","line":146,"loc":{"start":{"line":146,"column":4},"end":{"line":146,"column":103}}},"7":{"name":"creationActionOnCountryWhitelisting","line":148,"loc":{"start":{"line":148,"column":4},"end":{"line":148,"column":88}}},"8":{"name":"destructionActionOnCountryWhitelisting","line":150,"loc":{"start":{"line":150,"column":4},"end":{"line":150,"column":93}}},"9":{"name":"complianceCheckOnCountryWhitelisting","line":153,"loc":{"start":{"line":153,"column":4},"end":{"line":160,"column":4}}}},"statementMap":{"1":{"start":{"line":90,"column":8},"end":{"line":90,"column":48}},"2":{"start":{"line":101,"column":8},"end":{"line":101,"column":45}},"3":{"start":{"line":102,"column":8},"end":{"line":102,"column":41}},"4":{"start":{"line":114,"column":8},"end":{"line":114,"column":46}},"5":{"start":{"line":115,"column":8},"end":{"line":115,"column":43}},"6":{"start":{"line":126,"column":8},"end":{"line":126,"column":6595}},"7":{"start":{"line":127,"column":12},"end":{"line":127,"column":54}},"8":{"start":{"line":128,"column":12},"end":{"line":128,"column":50}},"9":{"start":{"line":140,"column":8},"end":{"line":140,"column":7233}},"10":{"start":{"line":141,"column":12},"end":{"line":141,"column":55}},"11":{"start":{"line":142,"column":12},"end":{"line":142,"column":52}},"12":{"start":{"line":155,"column":8},"end":{"line":155,"column":49}},"13":{"start":{"line":156,"column":8},"end":{"line":156,"column":7900}},"14":{"start":{"line":157,"column":12},"end":{"line":157,"column":23}},"15":{"start":{"line":159,"column":8},"end":{"line":159,"column":20}}},"branchMap":{"1":{"line":156,"type":"if","locations":[{"start":{"line":156,"column":8},"end":{"line":156,"column":8}},{"start":{"line":156,"column":8},"end":{"line":156,"column":8}}]}}},
"contracts/compliance/legacy/features/DayMonthLimits.sol":{"l":{"104":0,"112":0,"120":0,"121":0,"122":0,"131":0,"132":0,"133":0,"144":0,"145":0,"146":0,"147":0,"148":0,"150":0,"151":0,"160":0,"161":0,"169":0,"170":0,"174":0,"183":0,"184":0,"185":0,"186":0,"188":0,"191":0,"193":0,"194":0,"197":0},"path":"/Users/joachimlebrun/IdeaProjects/T-REX/contracts/compliance/legacy/features/DayMonthLimits.sol","s":{"1":0,"2":0,"3":0,"4":0,"5":0,"6":0,"7":0,"8":0,"9":0,"10":0,"11":0,"12":0,"13":0,"14":0,"15":0,"16":0,"17":0,"18":0,"19":0,"20":0,"21":0,"22":0,"23":0,"24":0,"25":0,"26":0,"27":0,"28":0,"29":0},"b":{"1":[0,0],"2":[0,0],"3":[0,0],"4":[0,0],"5":[0,0],"6":[0,0],"7":[0,0],"8":[0,0]},"f":{"1":0,"2":0,"3":0,"4":0,"5":0,"6":0,"7":0,"8":0,"9":0,"10":0,"11":0},"fnMap":{"1":{"name":"_isDayFinished","line":103,"loc":{"start":{"line":103,"column":4},"end":{"line":105,"column":4}}},"2":{"name":"_isMonthFinished","line":111,"loc":{"start":{"line":111,"column":4},"end":{"line":113,"column":4}}},"3":{"name":"_resetDailyCooldown","line":119,"loc":{"start":{"line":119,"column":4},"end":{"line":124,"column":4}}},"4":{"name":"_resetMonthlyCooldown","line":130,"loc":{"start":{"line":130,"column":4},"end":{"line":135,"column":4}}},"5":{"name":"_increaseCounters","line":143,"loc":{"start":{"line":143,"column":4},"end":{"line":153,"column":4}}},"6":{"name":"setDailyLimit","line":159,"loc":{"start":{"line":159,"column":4},"end":{"line":162,"column":4}}},"7":{"name":"setMonthlyLimit","line":168,"loc":{"start":{"line":168,"column":4},"end":{"line":171,"column":4}}},"8":{"name":"transferActionOnDayMonthLimits","line":173,"loc":{"start":{"line":173,"column":4},"end":{"line":175,"column":4}}},"9":{"name":"creationActionOnDayMonthLimits","line":177,"loc":{"start":{"line":177,"column":4},"end":{"line":177,"column":83}}},"10":{"name":"destructionActionOnDayMonthLimits","line":179,"loc":{"start":{"line":179,"column":4},"end":{"line":179,"column":88}}},"11":{"name":"complianceCheckOnDayMonthLimits","line":182,"loc":{"start":{"line":182,"column":4},"end":{"line":198,"column":4}}}},"statementMap":{"1":{"start":{"line":104,"column":8},"end":{"line":104,"column":71}},"2":{"start":{"line":112,"column":8},"end":{"line":112,"column":73}},"3":{"start":{"line":120,"column":8},"end":{"line":120,"column":5801}},"4":{"start":{"line":121,"column":12},"end":{"line":121,"column":73}},"5":{"start":{"line":122,"column":12},"end":{"line":122,"column":50}},"6":{"start":{"line":131,"column":8},"end":{"line":131,"column":6207}},"7":{"start":{"line":132,"column":12},"end":{"line":132,"column":76}},"8":{"start":{"line":133,"column":12},"end":{"line":133,"column":52}},"9":{"start":{"line":144,"column":8},"end":{"line":144,"column":53}},"10":{"start":{"line":145,"column":8},"end":{"line":145,"column":36}},"11":{"start":{"line":146,"column":8},"end":{"line":146,"column":38}},"12":{"start":{"line":147,"column":8},"end":{"line":147,"column":6925}},"13":{"start":{"line":148,"column":12},"end":{"line":148,"column":55}},"14":{"start":{"line":150,"column":8},"end":{"line":150,"column":7068}},"15":{"start":{"line":151,"column":12},"end":{"line":151,"column":57}},"16":{"start":{"line":160,"column":8},"end":{"line":160,"column":34}},"17":{"start":{"line":161,"column":8},"end":{"line":161,"column":46}},"18":{"start":{"line":169,"column":8},"end":{"line":169,"column":38}},"19":{"start":{"line":170,"column":8},"end":{"line":170,"column":50}},"20":{"start":{"line":174,"column":8},"end":{"line":174,"column":39}},"21":{"start":{"line":183,"column":8},"end":{"line":183,"column":52}},"22":{"start":{"line":184,"column":8},"end":{"line":184,"column":8366}},"23":{"start":{"line":185,"column":12},"end":{"line":185,"column":8410}},"24":{"start":{"line":186,"column":16},"end":{"line":186,"column":28}},"25":{"start":{"line":188,"column":12},"end":{"line":188,"column":8493}},"26":{"start":{"line":191,"column":16},"end":{"line":191,"column":28}},"27":{"start":{"line":193,"column":12},"end":{"line":193,"column":8754}},"28":{"start":{"line":194,"column":16},"end":{"line":194,"column":56}},"29":{"start":{"line":197,"column":8},"end":{"line":197,"column":19}}},"branchMap":{"1":{"line":120,"type":"if","locations":[{"start":{"line":120,"column":8},"end":{"line":120,"column":8}},{"start":{"line":120,"column":8},"end":{"line":120,"column":8}}]},"2":{"line":131,"type":"if","locations":[{"start":{"line":131,"column":8},"end":{"line":131,"column":8}},{"start":{"line":131,"column":8},"end":{"line":131,"column":8}}]},"3":{"line":147,"type":"if","locations":[{"start":{"line":147,"column":8},"end":{"line":147,"column":8}},{"start":{"line":147,"column":8},"end":{"line":147,"column":8}}]},"4":{"line":150,"type":"if","locations":[{"start":{"line":150,"column":8},"end":{"line":150,"column":8}},{"start":{"line":150,"column":8},"end":{"line":150,"column":8}}]},"5":{"line":184,"type":"if","locations":[{"start":{"line":184,"column":8},"end":{"line":184,"column":8}},{"start":{"line":184,"column":8},"end":{"line":184,"column":8}}]},"6":{"line":185,"type":"if","locations":[{"start":{"line":185,"column":12},"end":{"line":185,"column":12}},{"start":{"line":185,"column":12},"end":{"line":185,"column":12}}]},"7":{"line":188,"type":"if","locations":[{"start":{"line":188,"column":12},"end":{"line":188,"column":12}},{"start":{"line":188,"column":12},"end":{"line":188,"column":12}}]},"8":{"line":193,"type":"if","locations":[{"start":{"line":193,"column":12},"end":{"line":193,"column":12}},{"start":{"line":193,"column":12},"end":{"line":193,"column":12}}]}}},
"contracts/compliance/legacy/features/ExchangeMonthlyLimits.sol":{"l":{"112":0,"113":0,"114":0,"115":0,"123":0,"124":0,"125":0,"126":0,"127":0,"135":0,"136":0,"137":0,"138":0,"146":0,"154":0,"155":0,"156":0,"167":0,"168":0,"170":0,"171":0,"180":0,"181":0,"185":0,"194":0,"195":0,"196":0,"197":0,"199":0,"201":0,"204":0},"path":"/Users/joachimlebrun/IdeaProjects/T-REX/contracts/compliance/legacy/features/ExchangeMonthlyLimits.sol","s":{"1":0,"2":0,"3":0,"4":0,"5":0,"6":0,"7":0,"8":0,"9":0,"10":0,"11":0,"12":0,"13":0,"14":0,"15":0,"16":0,"17":0,"18":0,"19":0,"20":0,"21":0,"22":0,"23":0,"24":0,"25":0,"26":0,"27":0,"28":0,"29":0,"30":0,"31":0},"b":{"1":[0,0],"2":[0,0],"3":[0,0],"4":[0,0],"5":[0,0],"6":[0,0],"7":[0,0],"8":[0,0],"9":[0,0],"10":[0,0]},"f":{"1":0,"2":0,"3":0,"4":0,"5":0,"6":0,"7":0,"8":0,"9":0,"10":0,"11":0},"fnMap":{"1":{"name":"whitelistExchangeWallet","line":111,"loc":{"start":{"line":111,"column":4},"end":{"line":116,"column":4}}},"2":{"name":"addExchangeWallet","line":122,"loc":{"start":{"line":122,"column":4},"end":{"line":128,"column":4}}},"3":{"name":"removeExchangeWallet","line":134,"loc":{"start":{"line":134,"column":4},"end":{"line":139,"column":4}}},"4":{"name":"_isExchangeMonthFinished","line":145,"loc":{"start":{"line":145,"column":4},"end":{"line":147,"column":4}}},"5":{"name":"_resetExchangeMonthlyCooldown","line":153,"loc":{"start":{"line":153,"column":4},"end":{"line":158,"column":4}}},"6":{"name":"_increaseExchangeCounters","line":166,"loc":{"start":{"line":166,"column":4},"end":{"line":173,"column":4}}},"7":{"name":"setExchangeMonthlyLimit","line":179,"loc":{"start":{"line":179,"column":4},"end":{"line":182,"column":4}}},"8":{"name":"transferActionOnExchangeMonthlyLimits","line":184,"loc":{"start":{"line":184,"column":4},"end":{"line":186,"column":4}}},"9":{"name":"creationActionOnExchangeMonthlyLimits","line":188,"loc":{"start":{"line":188,"column":4},"end":{"line":188,"column":90}}},"10":{"name":"destructionActionOnExchangeMonthlyLimits","line":190,"loc":{"start":{"line":190,"column":4},"end":{"line":190,"column":95}}},"11":{"name":"complianceCheckOnExchangeMonthlyLimits","line":193,"loc":{"start":{"line":193,"column":4},"end":{"line":205,"column":4}}}},"statementMap":{"1":{"start":{"line":112,"column":8},"end":{"line":112,"column":112}},"2":{"start":{"line":113,"column":8},"end":{"line":113,"column":94}},"3":{"start":{"line":114,"column":8},"end":{"line":114,"column":82}},"4":{"start":{"line":115,"column":8},"end":{"line":115,"column":33}},"5":{"start":{"line":123,"column":8},"end":{"line":123,"column":78}},"6":{"start":{"line":124,"column":8},"end":{"line":124,"column":112}},"7":{"start":{"line":125,"column":8},"end":{"line":125,"column":38}},"8":{"start":{"line":126,"column":8},"end":{"line":126,"column":48}},"9":{"start":{"line":127,"column":8},"end":{"line":127,"column":51}},"10":{"start":{"line":135,"column":8},"end":{"line":135,"column":73}},"11":{"start":{"line":136,"column":8},"end":{"line":136,"column":112}},"12":{"start":{"line":137,"column":8},"end":{"line":137,"column":39}},"13":{"start":{"line":138,"column":8},"end":{"line":138,"column":43}},"14":{"start":{"line":146,"column":8},"end":{"line":146,"column":76}},"15":{"start":{"line":154,"column":8},"end":{"line":154,"column":7684}},"16":{"start":{"line":155,"column":12},"end":{"line":155,"column":79}},"17":{"start":{"line":156,"column":12},"end":{"line":156,"column":55}},"18":{"start":{"line":167,"column":8},"end":{"line":167,"column":53}},"19":{"start":{"line":168,"column":8},"end":{"line":168,"column":46}},"20":{"start":{"line":170,"column":8},"end":{"line":170,"column":8381}},"21":{"start":{"line":171,"column":12},"end":{"line":171,"column":60}},"22":{"start":{"line":180,"column":8},"end":{"line":180,"column":54}},"23":{"start":{"line":181,"column":8},"end":{"line":181,"column":66}},"24":{"start":{"line":185,"column":8},"end":{"line":185,"column":45}},"25":{"start":{"line":194,"column":8},"end":{"line":194,"column":52}},"26":{"start":{"line":195,"column":8},"end":{"line":195,"column":9505}},"27":{"start":{"line":196,"column":12},"end":{"line":196,"column":9549}},"28":{"start":{"line":197,"column":16},"end":{"line":197,"column":28}},"29":{"start":{"line":199,"column":12},"end":{"line":199,"column":9666}},"30":{"start":{"line":201,"column":16},"end":{"line":201,"column":28}},"31":{"start":{"line":204,"column":8},"end":{"line":204,"column":19}}},"branchMap":{"1":{"line":112,"type":"if","locations":[{"start":{"line":112,"column":8},"end":{"line":112,"column":8}},{"start":{"line":112,"column":8},"end":{"line":112,"column":8}}]},"2":{"line":123,"type":"if","locations":[{"start":{"line":123,"column":8},"end":{"line":123,"column":8}},{"start":{"line":123,"column":8},"end":{"line":123,"column":8}}]},"3":{"line":124,"type":"if","locations":[{"start":{"line":124,"column":8},"end":{"line":124,"column":8}},{"start":{"line":124,"column":8},"end":{"line":124,"column":8}}]},"4":{"line":135,"type":"if","locations":[{"start":{"line":135,"column":8},"end":{"line":135,"column":8}},{"start":{"line":135,"column":8},"end":{"line":135,"column":8}}]},"5":{"line":136,"type":"if","locations":[{"start":{"line":136,"column":8},"end":{"line":136,"column":8}},{"start":{"line":136,"column":8},"end":{"line":136,"column":8}}]},"6":{"line":154,"type":"if","locations":[{"start":{"line":154,"column":8},"end":{"line":154,"column":8}},{"start":{"line":154,"column":8},"end":{"line":154,"column":8}}]},"7":{"line":170,"type":"if","locations":[{"start":{"line":170,"column":8},"end":{"line":170,"column":8}},{"start":{"line":170,"column":8},"end":{"line":170,"column":8}}]},"8":{"line":195,"type":"if","locations":[{"start":{"line":195,"column":8},"end":{"line":195,"column":8}},{"start":{"line":195,"column":8},"end":{"line":195,"column":8}}]},"9":{"line":196,"type":"if","locations":[{"start":{"line":196,"column":12},"end":{"line":196,"column":12}},{"start":{"line":196,"column":12},"end":{"line":196,"column":12}}]},"10":{"line":199,"type":"if","locations":[{"start":{"line":199,"column":12},"end":{"line":199,"column":12}},{"start":{"line":199,"column":12},"end":{"line":199,"column":12}}]}}},
"contracts/compliance/legacy/features/MaxBalance.sol":{"l":{"91":0,"92":0,"93":0,"97":0,"98":0,"102":0,"103":0,"104":0,"105":0,"107":0,"108":0,"110":0,"115":0,"116":0,"117":0,"118":0,"119":0,"120":0,"125":0,"126":0,"127":0,"128":0,"132":0,"133":0,"139":0,"140":0,"142":0},"path":"/Users/joachimlebrun/IdeaProjects/T-REX/contracts/compliance/legacy/features/MaxBalance.sol","s":{"1":0,"2":0,"3":0,"4":0,"5":0,"6":0,"7":0,"8":0,"9":0,"10":0,"11":0,"12":0,"13":0,"14":0,"15":0,"16":0,"17":0,"18":0,"19":0,"20":0,"21":0,"22":0,"23":0,"24":0,"25":0,"26":0,"27":0},"b":{"1":[0,0],"2":[0,0],"3":[0,0],"4":[0,0],"5":[0,0],"6":[0,0]},"f":{"1":0,"2":0,"3":0,"4":0,"5":0,"6":0,"7":0},"fnMap":{"1":{"name":"setMaxBalance","line":90,"loc":{"start":{"line":90,"column":4},"end":{"line":94,"column":4}}},"2":{"name":"setMaxSupply","line":96,"loc":{"start":{"line":96,"column":4},"end":{"line":99,"column":0}}},"3":{"name":"isBalanceTooMuch","line":101,"loc":{"start":{"line":101,"column":4},"end":{"line":111,"column":0}}},"4":{"name":"transferActionOnMaxBalance","line":114,"loc":{"start":{"line":114,"column":4},"end":{"line":122,"column":4}}},"5":{"name":"creationActionOnMaxBalance","line":124,"loc":{"start":{"line":124,"column":4},"end":{"line":129,"column":4}}},"6":{"name":"destructionActionOnMaxBalance","line":131,"loc":{"start":{"line":131,"column":4},"end":{"line":134,"column":4}}},"7":{"name":"complianceCheckOnMaxBalance","line":137,"loc":{"start":{"line":137,"column":4},"end":{"line":143,"column":4}}}},"statementMap":{"1":{"start":{"line":91,"column":8},"end":{"line":91,"column":85}},"2":{"start":{"line":92,"column":8},"end":{"line":92,"column":31}},"3":{"start":{"line":93,"column":8},"end":{"line":93,"column":39}},"4":{"start":{"line":97,"column":8},"end":{"line":97,"column":29}},"5":{"start":{"line":98,"column":8},"end":{"line":98,"column":37}},"6":{"start":{"line":102,"column":8},"end":{"line":102,"column":70}},"7":{"start":{"line":103,"column":8},"end":{"line":103,"column":43}},"8":{"start":{"line":104,"column":8},"end":{"line":104,"column":5301}},"9":{"start":{"line":105,"column":12},"end":{"line":105,"column":23}},"10":{"start":{"line":107,"column":8},"end":{"line":107,"column":5376}},"11":{"start":{"line":108,"column":12},"end":{"line":108,"column":23}},"12":{"start":{"line":110,"column":8},"end":{"line":110,"column":20}},"13":{"start":{"line":115,"column":8},"end":{"line":115,"column":70}},"14":{"start":{"line":116,"column":8},"end":{"line":116,"column":45}},"15":{"start":{"line":117,"column":8},"end":{"line":117,"column":41}},"16":{"start":{"line":118,"column":8},"end":{"line":118,"column":33}},"17":{"start":{"line":119,"column":8},"end":{"line":119,"column":35}},"18":{"start":{"line":120,"column":8},"end":{"line":120,"column":85}},"19":{"start":{"line":125,"column":8},"end":{"line":125,"column":70}},"20":{"start":{"line":126,"column":8},"end":{"line":126,"column":41}},"21":{"start":{"line":127,"column":8},"end":{"line":127,"column":33}},"22":{"start":{"line":128,"column":8},"end":{"line":128,"column":85}},"23":{"start":{"line":132,"column":8},"end":{"line":132,"column":45}},"24":{"start":{"line":133,"column":8},"end":{"line":133,"column":35}},"25":{"start":{"line":139,"column":8},"end":{"line":139,"column":6552}},"26":{"start":{"line":140,"column":12},"end":{"line":140,"column":24}},"27":{"start":{"line":142,"column":8},"end":{"line":142,"column":19}}},"branchMap":{"1":{"line":91,"type":"if","locations":[{"start":{"line":91,"column":8},"end":{"line":91,"column":8}},{"start":{"line":91,"column":8},"end":{"line":91,"column":8}}]},"2":{"line":104,"type":"if","locations":[{"start":{"line":104,"column":8},"end":{"line":104,"column":8}},{"start":{"line":104,"column":8},"end":{"line":104,"column":8}}]},"3":{"line":107,"type":"if","locations":[{"start":{"line":107,"column":8},"end":{"line":107,"column":8}},{"start":{"line":107,"column":8},"end":{"line":107,"column":8}}]},"4":{"line":120,"type":"if","locations":[{"start":{"line":120,"column":8},"end":{"line":120,"column":8}},{"start":{"line":120,"column":8},"end":{"line":120,"column":8}}]},"5":{"line":128,"type":"if","locations":[{"start":{"line":128,"column":8},"end":{"line":128,"column":8}},{"start":{"line":128,"column":8},"end":{"line":128,"column":8}}]},"6":{"line":139,"type":"if","locations":[{"start":{"line":139,"column":8},"end":{"line":139,"column":8}},{"start":{"line":139,"column":8},"end":{"line":139,"column":8}}]}}},
"contracts/compliance/legacy/features/SupplyLimit.sol":{"l":{"84":0,"85":0,"92":0,"100":0},"path":"/Users/joachimlebrun/IdeaProjects/T-REX/contracts/compliance/legacy/features/SupplyLimit.sol","s":{"1":0,"2":0,"3":0,"4":0},"b":{"1":[0,0]},"f":{"1":0,"2":0,"3":0,"4":0,"5":0},"fnMap":{"1":{"name":"setSupplyLimit","line":83,"loc":{"start":{"line":83,"column":4},"end":{"line":86,"column":4}}},"2":{"name":"transferActionOnSupplyLimit","line":89,"loc":{"start":{"line":89,"column":4},"end":{"line":89,"column":95}}},"3":{"name":"creationActionOnSupplyLimit","line":91,"loc":{"start":{"line":91,"column":4},"end":{"line":93,"column":4}}},"4":{"name":"destructionActionOnSupplyLimit","line":95,"loc":{"start":{"line":95,"column":4},"end":{"line":95,"column":85}}},"5":{"name":"complianceCheckOnSupplyLimit","line":98,"loc":{"start":{"line":98,"column":4},"end":{"line":101,"column":4}}}},"statementMap":{"1":{"start":{"line":84,"column":8},"end":{"line":84,"column":27}},"2":{"start":{"line":85,"column":8},"end":{"line":85,"column":35}},"3":{"start":{"line":92,"column":8},"end":{"line":92,"column":83}},"4":{"start":{"line":100,"column":8},"end":{"line":100,"column":19}}},"branchMap":{"1":{"line":92,"type":"if","locations":[{"start":{"line":92,"column":8},"end":{"line":92,"column":8}},{"start":{"line":92,"column":8},"end":{"line":92,"column":8}}]}}},
"contracts/compliance/legacy/ICompliance.sol":{"l":{},"path":"/Users/joachimlebrun/IdeaProjects/T-REX/contracts/compliance/legacy/ICompliance.sol","s":{},"b":{},"f":{},"fnMap":{},"statementMap":{},"branchMap":{}},
"contracts/compliance/legacy/test/ApproveTransferTest.sol":{"l":{"71":1,"78":0,"85":0,"92":3,"94":2,"96":1},"path":"/Users/joachimlebrun/IdeaProjects/T-REX/contracts/compliance/legacy/test/ApproveTransferTest.sol","s":{"1":1,"2":0,"3":0,"4":3,"5":2,"6":1},"b":{"1":[2,1]},"f":{"1":1,"2":0,"3":0,"4":3},"fnMap":{"1":{"name":"transferred","line":70,"loc":{"start":{"line":70,"column":4},"end":{"line":72,"column":4}}},"2":{"name":"created","line":77,"loc":{"start":{"line":77,"column":4},"end":{"line":79,"column":4}}},"3":{"name":"destroyed","line":84,"loc":{"start":{"line":84,"column":4},"end":{"line":86,"column":4}}},"4":{"name":"canTransfer","line":91,"loc":{"start":{"line":91,"column":4},"end":{"line":97,"column":4}}}},"statementMap":{"1":{"start":{"line":71,"column":8},"end":{"line":71,"column":58}},"2":{"start":{"line":78,"column":8},"end":{"line":78,"column":51}},"3":{"start":{"line":85,"column":8},"end":{"line":85,"column":56}},"4":{"start":{"line":92,"column":8},"end":{"line":92,"column":4712}},"5":{"start":{"line":94,"column":12},"end":{"line":94,"column":24}},"6":{"start":{"line":96,"column":8},"end":{"line":96,"column":19}}},"branchMap":{"1":{"line":92,"type":"if","locations":[{"start":{"line":92,"column":8},"end":{"line":92,"column":8}},{"start":{"line":92,"column":8},"end":{"line":92,"column":8}}]}}},
"contracts/compliance/legacy/test/CountryRestrictionsTest.sol":{"l":{"71":0,"78":0,"85":0,"92":0,"94":0,"96":0},"path":"/Users/joachimlebrun/IdeaProjects/T-REX/contracts/compliance/legacy/test/CountryRestrictionsTest.sol","s":{"1":0,"2":0,"3":0,"4":0,"5":0,"6":0},"b":{"1":[0,0]},"f":{"1":0,"2":0,"3":0,"4":0},"fnMap":{"1":{"name":"transferred","line":70,"loc":{"start":{"line":70,"column":4},"end":{"line":72,"column":4}}},"2":{"name":"created","line":77,"loc":{"start":{"line":77,"column":4},"end":{"line":79,"column":4}}},"3":{"name":"destroyed","line":84,"loc":{"start":{"line":84,"column":4},"end":{"line":86,"column":4}}},"4":{"name":"canTransfer","line":91,"loc":{"start":{"line":91,"column":4},"end":{"line":97,"column":4}}}},"statementMap":{"1":{"start":{"line":71,"column":8},"end":{"line":71,"column":62}},"2":{"start":{"line":78,"column":8},"end":{"line":78,"column":55}},"3":{"start":{"line":85,"column":8},"end":{"line":85,"column":60}},"4":{"start":{"line":92,"column":8},"end":{"line":92,"column":4736}},"5":{"start":{"line":94,"column":12},"end":{"line":94,"column":24}},"6":{"start":{"line":96,"column":8},"end":{"line":96,"column":19}}},"branchMap":{"1":{"line":92,"type":"if","locations":[{"start":{"line":92,"column":8},"end":{"line":92,"column":8}},{"start":{"line":92,"column":8},"end":{"line":92,"column":8}}]}}},
"contracts/compliance/legacy/test/CountryWhitelistingTest.sol":{"l":{"71":0,"78":0,"85":0,"92":0,"94":0,"96":0},"path":"/Users/joachimlebrun/IdeaProjects/T-REX/contracts/compliance/legacy/test/CountryWhitelistingTest.sol","s":{"1":0,"2":0,"3":0,"4":0,"5":0,"6":0},"b":{"1":[0,0]},"f":{"1":0,"2":0,"3":0,"4":0},"fnMap":{"1":{"name":"transferred","line":70,"loc":{"start":{"line":70,"column":4},"end":{"line":72,"column":4}}},"2":{"name":"created","line":77,"loc":{"start":{"line":77,"column":4},"end":{"line":79,"column":4}}},"3":{"name":"destroyed","line":84,"loc":{"start":{"line":84,"column":4},"end":{"line":86,"column":4}}},"4":{"name":"canTransfer","line":91,"loc":{"start":{"line":91,"column":4},"end":{"line":97,"column":4}}}},"statementMap":{"1":{"start":{"line":71,"column":8},"end":{"line":71,"column":62}},"2":{"start":{"line":78,"column":8},"end":{"line":78,"column":55}},"3":{"start":{"line":85,"column":8},"end":{"line":85,"column":60}},"4":{"start":{"line":92,"column":8},"end":{"line":92,"column":4736}},"5":{"start":{"line":94,"column":12},"end":{"line":94,"column":24}},"6":{"start":{"line":96,"column":8},"end":{"line":96,"column":19}}},"branchMap":{"1":{"line":92,"type":"if","locations":[{"start":{"line":92,"column":8},"end":{"line":92,"column":8}},{"start":{"line":92,"column":8},"end":{"line":92,"column":8}}]}}},
"contracts/compliance/legacy/test/DayMonthLimitsTest.sol":{"l":{"71":0,"78":0,"85":0,"92":0,"94":0,"96":0},"path":"/Users/joachimlebrun/IdeaProjects/T-REX/contracts/compliance/legacy/test/DayMonthLimitsTest.sol","s":{"1":0,"2":0,"3":0,"4":0,"5":0,"6":0},"b":{"1":[0,0]},"f":{"1":0,"2":0,"3":0,"4":0},"fnMap":{"1":{"name":"transferred","line":70,"loc":{"start":{"line":70,"column":4},"end":{"line":72,"column":4}}},"2":{"name":"created","line":77,"loc":{"start":{"line":77,"column":4},"end":{"line":79,"column":4}}},"3":{"name":"destroyed","line":84,"loc":{"start":{"line":84,"column":4},"end":{"line":86,"column":4}}},"4":{"name":"canTransfer","line":91,"loc":{"start":{"line":91,"column":4},"end":{"line":97,"column":4}}}},"statementMap":{"1":{"start":{"line":71,"column":8},"end":{"line":71,"column":57}},"2":{"start":{"line":78,"column":8},"end":{"line":78,"column":50}},"3":{"start":{"line":85,"column":8},"end":{"line":85,"column":55}},"4":{"start":{"line":92,"column":8},"end":{"line":92,"column":4706}},"5":{"start":{"line":94,"column":12},"end":{"line":94,"column":24}},"6":{"start":{"line":96,"column":8},"end":{"line":96,"column":19}}},"branchMap":{"1":{"line":92,"type":"if","locations":[{"start":{"line":92,"column":8},"end":{"line":92,"column":8}},{"start":{"line":92,"column":8},"end":{"line":92,"column":8}}]}}},
"contracts/compliance/legacy/test/ExchangeMonthlyLimitsTest.sol":{"l":{"71":0,"78":0,"85":0,"92":0,"94":0,"96":0},"path":"/Users/joachimlebrun/IdeaProjects/T-REX/contracts/compliance/legacy/test/ExchangeMonthlyLimitsTest.sol","s":{"1":0,"2":0,"3":0,"4":0,"5":0,"6":0},"b":{"1":[0,0]},"f":{"1":0,"2":0,"3":0,"4":0},"fnMap":{"1":{"name":"transferred","line":70,"loc":{"start":{"line":70,"column":4},"end":{"line":72,"column":4}}},"2":{"name":"created","line":77,"loc":{"start":{"line":77,"column":4},"end":{"line":79,"column":4}}},"3":{"name":"destroyed","line":84,"loc":{"start":{"line":84,"column":4},"end":{"line":86,"column":4}}},"4":{"name":"canTransfer","line":91,"loc":{"start":{"line":91,"column":4},"end":{"line":97,"column":4}}}},"statementMap":{"1":{"start":{"line":71,"column":8},"end":{"line":71,"column":64}},"2":{"start":{"line":78,"column":8},"end":{"line":78,"column":57}},"3":{"start":{"line":85,"column":8},"end":{"line":85,"column":62}},"4":{"start":{"line":92,"column":8},"end":{"line":92,"column":4748}},"5":{"start":{"line":94,"column":12},"end":{"line":94,"column":24}},"6":{"start":{"line":96,"column":8},"end":{"line":96,"column":19}}},"branchMap":{"1":{"line":92,"type":"if","locations":[{"start":{"line":92,"column":8},"end":{"line":92,"column":8}},{"start":{"line":92,"column":8},"end":{"line":92,"column":8}}]}}},
"contracts/compliance/legacy/test/MaxBalanceTest.sol":{"l":{"71":0,"78":0,"85":0,"92":0,"94":0,"96":0},"path":"/Users/joachimlebrun/IdeaProjects/T-REX/contracts/compliance/legacy/test/MaxBalanceTest.sol","s":{"1":0,"2":0,"3":0,"4":0,"5":0,"6":0},"b":{"1":[0,0]},"f":{"1":0,"2":0,"3":0,"4":0},"fnMap":{"1":{"name":"transferred","line":70,"loc":{"start":{"line":70,"column":4},"end":{"line":72,"column":4}}},"2":{"name":"created","line":77,"loc":{"start":{"line":77,"column":4},"end":{"line":79,"column":4}}},"3":{"name":"destroyed","line":84,"loc":{"start":{"line":84,"column":4},"end":{"line":86,"column":4}}},"4":{"name":"canTransfer","line":91,"loc":{"start":{"line":91,"column":4},"end":{"line":97,"column":4}}}},"statementMap":{"1":{"start":{"line":71,"column":8},"end":{"line":71,"column":53}},"2":{"start":{"line":78,"column":8},"end":{"line":78,"column":46}},"3":{"start":{"line":85,"column":8},"end":{"line":85,"column":51}},"4":{"start":{"line":92,"column":8},"end":{"line":92,"column":4682}},"5":{"start":{"line":94,"column":12},"end":{"line":94,"column":24}},"6":{"start":{"line":96,"column":8},"end":{"line":96,"column":19}}},"branchMap":{"1":{"line":92,"type":"if","locations":[{"start":{"line":92,"column":8},"end":{"line":92,"column":8}},{"start":{"line":92,"column":8},"end":{"line":92,"column":8}}]}}},
"contracts/compliance/legacy/test/SupplyLimitTest.sol":{"l":{"71":0,"78":0,"85":0,"92":0,"94":0,"96":0},"path":"/Users/joachimlebrun/IdeaProjects/T-REX/contracts/compliance/legacy/test/SupplyLimitTest.sol","s":{"1":0,"2":0,"3":0,"4":0,"5":0,"6":0},"b":{"1":[0,0]},"f":{"1":0,"2":0,"3":0,"4":0},"fnMap":{"1":{"name":"transferred","line":70,"loc":{"start":{"line":70,"column":4},"end":{"line":72,"column":4}}},"2":{"name":"created","line":77,"loc":{"start":{"line":77,"column":4},"end":{"line":79,"column":4}}},"3":{"name":"destroyed","line":84,"loc":{"start":{"line":84,"column":4},"end":{"line":86,"column":4}}},"4":{"name":"canTransfer","line":91,"loc":{"start":{"line":91,"column":4},"end":{"line":97,"column":4}}}},"statementMap":{"1":{"start":{"line":71,"column":8},"end":{"line":71,"column":54}},"2":{"start":{"line":78,"column":8},"end":{"line":78,"column":47}},"3":{"start":{"line":85,"column":8},"end":{"line":85,"column":52}},"4":{"start":{"line":92,"column":8},"end":{"line":92,"column":4688}},"5":{"start":{"line":94,"column":12},"end":{"line":94,"column":24}},"6":{"start":{"line":96,"column":8},"end":{"line":96,"column":19}}},"branchMap":{"1":{"line":92,"type":"if","locations":[{"start":{"line":92,"column":8},"end":{"line":92,"column":8}},{"start":{"line":92,"column":8},"end":{"line":92,"column":8}}]}}},
"contracts/compliance/modular/IModularCompliance.sol":{"l":{},"path":"/Users/joachimlebrun/IdeaProjects/T-REX/contracts/compliance/modular/IModularCompliance.sol","s":{},"b":{},"f":{},"fnMap":{},"statementMap":{},"branchMap":{}},
"contracts/compliance/modular/MCStorage.sol":{"l":{},"path":"/Users/joachimlebrun/IdeaProjects/T-REX/contracts/compliance/modular/MCStorage.sol","s":{},"b":{},"f":{},"fnMap":{},"statementMap":{},"branchMap":{}},
"contracts/compliance/modular/ModularCompliance.sol":{"l":{"77":132,"78":132,"82":7,"89":10,"96":7,"98":7,"99":7,"106":1,"107":1,"108":1,"109":1,"116":4,"117":4,"118":4,"119":4,"120":4,"127":0,"128":0,"129":0,"130":0,"131":0,"132":0,"133":0,"134":0,"135":0,"136":0,"145":6,"152":0,"159":80,"160":80,"161":4,"169":27,"170":27,"171":0,"179":25,"180":25,"181":0,"189":83,"190":83,"191":10,"192":4,"195":79,"207":12,"215":12,"234":12,"243":12,"251":12},"path":"/Users/joachimlebrun/IdeaProjects/T-REX/contracts/compliance/modular/ModularCompliance.sol","s":{"1":132,"2":7,"3":10,"4":7,"5":7,"6":7,"7":1,"8":1,"9":1,"10":4,"11":4,"12":4,"13":4,"14":4,"15":0,"16":0,"17":0,"18":0,"19":0,"20":0,"21":0,"22":0,"23":0,"24":6,"25":0,"26":80,"27":80,"28":4,"29":27,"30":27,"31":0,"32":25,"33":25,"34":0,"35":83,"36":83,"37":10,"38":4,"39":79,"40":12,"41":12,"42":12},"b":{"1":[132,0],"2":[7,0],"3":[1,0],"4":[1,0],"5":[4,0],"6":[0,0],"7":[0,0],"8":[4,6],"9":[12,0],"10":[12,0]},"f":{"1":132,"2":7,"3":10,"4":7,"5":1,"6":4,"7":0,"8":6,"9":0,"10":80,"11":27,"12":25,"13":83,"14":12,"15":12},"fnMap":{"1":{"name":"onlyToken","line":76,"loc":{"start":{"line":76,"column":4},"end":{"line":79,"column":4}}},"2":{"name":"init","line":81,"loc":{"start":{"line":81,"column":4},"end":{"line":83,"column":4}}},"3":{"name":"getTokenBound","line":88,"loc":{"start":{"line":88,"column":4},"end":{"line":90,"column":4}}},"4":{"name":"bindToken","line":95,"loc":{"start":{"line":95,"column":4},"end":{"line":100,"column":4}}},"5":{"name":"unbindToken","line":105,"loc":{"start":{"line":105,"column":4},"end":{"line":110,"column":4}}},"6":{"name":"addModule","line":115,"loc":{"start":{"line":115,"column":4},"end":{"line":121,"column":4}}},"7":{"name":"removeModule","line":126,"loc":{"start":{"line":126,"column":4},"end":{"line":139,"column":4}}},"8":{"name":"isModuleBound","line":144,"loc":{"start":{"line":144,"column":4},"end":{"line":146,"column":4}}},"9":{"name":"getModules","line":151,"loc":{"start":{"line":151,"column":4},"end":{"line":153,"column":4}}},"10":{"name":"transferred","line":158,"loc":{"start":{"line":158,"column":4},"end":{"line":163,"column":4}}},"11":{"name":"created","line":168,"loc":{"start":{"line":168,"column":4},"end":{"line":173,"column":4}}},"12":{"name":"destroyed","line":178,"loc":{"start":{"line":178,"column":4},"end":{"line":183,"column":4}}},"13":{"name":"canTransfer","line":188,"loc":{"start":{"line":188,"column":4},"end":{"line":196,"column":4}}},"14":{"name":"callModuleFunction","line":206,"loc":{"start":{"line":206,"column":4},"end":{"line":236,"column":4}}},"15":{"name":"selector","line":242,"loc":{"start":{"line":242,"column":4},"end":{"line":255,"column":4}}}},"statementMap":{"1":{"start":{"line":77,"column":8},"end":{"line":77,"column":113}},"2":{"start":{"line":82,"column":8},"end":{"line":82,"column":23}},"3":{"start":{"line":89,"column":8},"end":{"line":89,"column":26}},"4":{"start":{"line":96,"column":8},"end":{"line":96,"column":4775}},"5":{"start":{"line":98,"column":8},"end":{"line":98,"column":27}},"6":{"start":{"line":99,"column":8},"end":{"line":99,"column":31}},"7":{"start":{"line":106,"column":8},"end":{"line":106,"column":94}},"8":{"start":{"line":107,"column":8},"end":{"line":107,"column":64}},"9":{"start":{"line":109,"column":8},"end":{"line":109,"column":33}},"10":{"start":{"line":116,"column":8},"end":{"line":116,"column":61}},"11":{"start":{"line":117,"column":8},"end":{"line":117,"column":28}},"12":{"start":{"line":118,"column":8},"end":{"line":118,"column":53}},"13":{"start":{"line":119,"column":8},"end":{"line":119,"column":34}},"14":{"start":{"line":120,"column":8},"end":{"line":120,"column":33}},"15":{"start":{"line":127,"column":8},"end":{"line":127,"column":56}},"16":{"start":{"line":128,"column":8},"end":{"line":128,"column":39}},"17":{"start":{"line":129,"column":8},"end":{"line":129,"column":5916}},"18":{"start":{"line":130,"column":12},"end":{"line":130,"column":5971}},"19":{"start":{"line":131,"column":16},"end":{"line":131,"column":47}},"20":{"start":{"line":132,"column":16},"end":{"line":132,"column":28}},"21":{"start":{"line":133,"column":16},"end":{"line":133,"column":63}},"22":{"start":{"line":134,"column":16},"end":{"line":134,"column":43}},"23":{"start":{"line":135,"column":16},"end":{"line":135,"column":43}},"24":{"start":{"line":145,"column":8},"end":{"line":145,"column":35}},"25":{"start":{"line":152,"column":8},"end":{"line":152,"column":22}},"26":{"start":{"line":159,"column":8},"end":{"line":159,"column":39}},"27":{"start":{"line":160,"column":8},"end":{"line":160,"column":6873}},"28":{"start":{"line":161,"column":12},"end":{"line":161,"column":71}},"29":{"start":{"line":169,"column":8},"end":{"line":169,"column":39}},"30":{"start":{"line":170,"column":8},"end":{"line":170,"column":7195}},"31":{"start":{"line":171,"column":12},"end":{"line":171,"column":60}},"32":{"start":{"line":179,"column":8},"end":{"line":179,"column":39}},"33":{"start":{"line":180,"column":8},"end":{"line":180,"column":7512}},"34":{"start":{"line":181,"column":12},"end":{"line":181,"column":62}},"35":{"start":{"line":189,"column":8},"end":{"line":189,"column":39}},"36":{"start":{"line":190,"column":8},"end":{"line":190,"column":7858}},"37":{"start":{"line":191,"column":12},"end":{"line":191,"column":7913}},"38":{"start":{"line":192,"column":16},"end":{"line":192,"column":28}},"39":{"start":{"line":195,"column":8},"end":{"line":195,"column":19}},"40":{"start":{"line":207,"column":8},"end":{"line":207,"column":65}},"41":{"start":{"line":234,"column":8},"end":{"line":234,"column":59}},"42":{"start":{"line":243,"column":8},"end":{"line":243,"column":9896}}},"branchMap":{"1":{"line":77,"type":"if","locations":[{"start":{"line":77,"column":8},"end":{"line":77,"column":8}},{"start":{"line":77,"column":8},"end":{"line":77,"column":8}}]},"2":{"line":96,"type":"if","locations":[{"start":{"line":96,"column":8},"end":{"line":96,"column":8}},{"start":{"line":96,"column":8},"end":{"line":96,"column":8}}]},"3":{"line":106,"type":"if","locations":[{"start":{"line":106,"column":8},"end":{"line":106,"column":8}},{"start":{"line":106,"column":8},"end":{"line":106,"column":8}}]},"4":{"line":107,"type":"if","locations":[{"start":{"line":107,"column":8},"end":{"line":107,"column":8}},{"start":{"line":107,"column":8},"end":{"line":107,"column":8}}]},"5":{"line":116,"type":"if","locations":[{"start":{"line":116,"column":8},"end":{"line":116,"column":8}},{"start":{"line":116,"column":8},"end":{"line":116,"column":8}}]},"6":{"line":127,"type":"if","locations":[{"start":{"line":127,"column":8},"end":{"line":127,"column":8}},{"start":{"line":127,"column":8},"end":{"line":127,"column":8}}]},"7":{"line":130,"type":"if","locations":[{"start":{"line":130,"column":12},"end":{"line":130,"column":12}},{"start":{"line":130,"column":12},"end":{"line":130,"column":12}}]},"8":{"line":191,"type":"if","locations":[{"start":{"line":191,"column":12},"end":{"line":191,"column":12}},{"start":{"line":191,"column":12},"end":{"line":191,"column":12}}]},"9":{"line":207,"type":"if","locations":[{"start":{"line":207,"column":8},"end":{"line":207,"column":8}},{"start":{"line":207,"column":8},"end":{"line":207,"column":8}}]},"10":{"line":243,"type":"if","locations":[{"start":{"line":243,"column":8},"end":{"line":243,"column":8}},{"start":{"line":243,"column":8},"end":{"line":243,"column":8}}]}}},
"contracts/compliance/modular/modules/AbstractModule.sol":{"l":{"76":4,"77":4,"84":37,"85":37,"92":16,"93":16,"100":6,"107":4,"108":4,"109":4,"116":0,"117":0,"118":0},"path":"/Users/joachimlebrun/IdeaProjects/T-REX/contracts/compliance/modular/modules/AbstractModule.sol","s":{"1":4,"2":37,"3":16,"4":6,"5":4,"6":4,"7":4,"8":0,"9":0,"10":0},"b":{"1":[4,0],"2":[37,0],"3":[16,0],"4":[4,0],"5":[0,0]},"f":{"1":4,"2":37,"3":16,"4":6,"5":4,"6":0},"fnMap":{"1":{"name":"onlyCompliance","line":75,"loc":{"start":{"line":75,"column":4},"end":{"line":78,"column":4}}},"2":{"name":"onlyBoundCompliance","line":83,"loc":{"start":{"line":83,"column":4},"end":{"line":86,"column":4}}},"3":{"name":"onlyComplianceCall","line":91,"loc":{"start":{"line":91,"column":4},"end":{"line":94,"column":4}}},"4":{"name":"isComplianceBound","line":99,"loc":{"start":{"line":99,"column":4},"end":{"line":101,"column":4}}},"5":{"name":"bindCompliance","line":106,"loc":{"start":{"line":106,"column":4},"end":{"line":110,"column":4}}},"6":{"name":"unbindCompliance","line":115,"loc":{"start":{"line":115,"column":4},"end":{"line":119,"column":4}}}},"statementMap":{"1":{"start":{"line":76,"column":8},"end":{"line":76,"column":78}},"2":{"start":{"line":84,"column":8},"end":{"line":84,"column":68}},"3":{"start":{"line":92,"column":8},"end":{"line":92,"column":77}},"4":{"start":{"line":100,"column":8},"end":{"line":100,"column":43}},"5":{"start":{"line":107,"column":8},"end":{"line":107,"column":73}},"6":{"start":{"line":108,"column":8},"end":{"line":108,"column":42}},"7":{"start":{"line":109,"column":8},"end":{"line":109,"column":41}},"8":{"start":{"line":116,"column":8},"end":{"line":116,"column":68}},"9":{"start":{"line":117,"column":8},"end":{"line":117,"column":43}},"10":{"start":{"line":118,"column":8},"end":{"line":118,"column":43}}},"branchMap":{"1":{"line":76,"type":"if","locations":[{"start":{"line":76,"column":8},"end":{"line":76,"column":8}},{"start":{"line":76,"column":8},"end":{"line":76,"column":8}}]},"2":{"line":84,"type":"if","locations":[{"start":{"line":84,"column":8},"end":{"line":84,"column":8}},{"start":{"line":84,"column":8},"end":{"line":84,"column":8}}]},"3":{"line":92,"type":"if","locations":[{"start":{"line":92,"column":8},"end":{"line":92,"column":8}},{"start":{"line":92,"column":8},"end":{"line":92,"column":8}}]},"4":{"line":107,"type":"if","locations":[{"start":{"line":107,"column":8},"end":{"line":107,"column":8}},{"start":{"line":107,"column":8},"end":{"line":107,"column":8}}]},"5":{"line":116,"type":"if","locations":[{"start":{"line":116,"column":8},"end":{"line":116,"column":8}},{"start":{"line":116,"column":8},"end":{"line":116,"column":8}}]}}},
"contracts/compliance/modular/modules/ConditionalTransferModule.sol":{"l":{"99":0,"100":0,"102":0,"111":0,"120":0,"121":0,"126":0,"127":0,"128":0,"133":0,"134":0,"135":0,"136":0,"142":0,"143":0,"149":0,"150":0,"163":0,"194":0,"195":0},"path":"/Users/joachimlebrun/IdeaProjects/T-REX/contracts/compliance/modular/modules/ConditionalTransferModule.sol","s":{"1":0,"2":0,"3":0,"4":0,"5":0,"6":0,"7":0,"8":0,"9":0,"10":0,"11":0,"12":0,"13":0,"14":0,"15":0,"16":0,"17":0,"18":0},"b":{"1":[0,0],"2":[0,0]},"f":{"1":0,"2":0,"3":0,"4":0,"5":0,"6":0,"7":0,"8":0,"9":0,"10":0,"11":0},"fnMap":{"1":{"name":"isTransferApproved","line":97,"loc":{"start":{"line":97,"column":4},"end":{"line":103,"column":4}}},"2":{"name":"getTransferApprovals","line":110,"loc":{"start":{"line":109,"column":4},"end":{"line":112,"column":4}}},"3":{"name":"calculateTransferHash","line":114,"loc":{"start":{"line":114,"column":4},"end":{"line":122,"column":4}}},"4":{"name":"approveTransfer","line":125,"loc":{"start":{"line":125,"column":4},"end":{"line":129,"column":4}}},"5":{"name":"unApproveTransfer","line":132,"loc":{"start":{"line":132,"column":4},"end":{"line":138,"column":4}}},"6":{"name":"batchApproveTransfers","line":141,"loc":{"start":{"line":140,"column":4},"end":{"line":145,"column":4}}},"7":{"name":"batchUnApproveTransfers","line":148,"loc":{"start":{"line":147,"column":4},"end":{"line":152,"column":4}}},"8":{"name":"moduleTransferAction","line":162,"loc":{"start":{"line":158,"column":4},"end":{"line":164,"column":4}}},"9":{"name":"moduleMintAction","line":173,"loc":{"start":{"line":170,"column":4},"end":{"line":173,"column":44}}},"10":{"name":"moduleBurnAction","line":182,"loc":{"start":{"line":179,"column":4},"end":{"line":182,"column":44}}},"11":{"name":"moduleCheck","line":193,"loc":{"start":{"line":188,"column":4},"end":{"line":196,"column":4}}}},"statementMap":{"1":{"start":{"line":99,"column":8},"end":{"line":99,"column":5464}},"2":{"start":{"line":100,"column":12},"end":{"line":100,"column":23}},"3":{"start":{"line":102,"column":8},"end":{"line":102,"column":20}},"4":{"start":{"line":111,"column":8},"end":{"line":111,"column":63}},"5":{"start":{"line":120,"column":8},"end":{"line":120,"column":81}},"6":{"start":{"line":121,"column":8},"end":{"line":121,"column":27}},"7":{"start":{"line":126,"column":8},"end":{"line":126,"column":121}},"8":{"start":{"line":128,"column":8},"end":{"line":128,"column":98}},"9":{"start":{"line":133,"column":8},"end":{"line":133,"column":121}},"10":{"start":{"line":134,"column":8},"end":{"line":134,"column":80}},"11":{"start":{"line":136,"column":8},"end":{"line":136,"column":97}},"12":{"start":{"line":142,"column":8},"end":{"line":142,"column":7259}},"13":{"start":{"line":143,"column":12},"end":{"line":143,"column":56}},"14":{"start":{"line":149,"column":8},"end":{"line":149,"column":7533}},"15":{"start":{"line":150,"column":12},"end":{"line":150,"column":58}},"16":{"start":{"line":163,"column":12},"end":{"line":163,"column":48}},"17":{"start":{"line":194,"column":8},"end":{"line":194,"column":121}},"18":{"start":{"line":195,"column":8},"end":{"line":195,"column":60}}},"branchMap":{"1":{"line":99,"type":"if","locations":[{"start":{"line":99,"column":8},"end":{"line":99,"column":8}},{"start":{"line":99,"column":8},"end":{"line":99,"column":8}}]},"2":{"line":134,"type":"if","locations":[{"start":{"line":134,"column":8},"end":{"line":134,"column":8}},{"start":{"line":134,"column":8},"end":{"line":134,"column":8}}]}}},
"contracts/compliance/modular/modules/CountryAllowModule.sol":{"l":{"94":12,"105":3,"106":3,"107":3,"119":1,"120":1,"121":1,"133":1,"134":2,"135":2,"148":1,"149":1,"150":1,"162":3,"205":3,"206":3},"path":"/Users/joachimlebrun/IdeaProjects/T-REX/contracts/compliance/modular/modules/CountryAllowModule.sol","s":{"1":12,"2":3,"3":3,"4":3,"5":1,"6":1,"7":1,"8":1,"9":2,"10":2,"11":1,"12":1,"13":1,"14":3,"15":3,"16":3},"b":{"1":[0,3],"2":[0,1]},"f":{"1":12,"2":3,"3":1,"4":1,"5":1,"6":3,"7":1,"8":0,"9":0,"10":3},"fnMap":{"1":{"name":"isCountryAllowed","line":93,"loc":{"start":{"line":93,"column":4},"end":{"line":95,"column":4}}},"2":{"name":"addAllowedCountry","line":104,"loc":{"start":{"line":104,"column":4},"end":{"line":108,"column":4}}},"3":{"name":"removeAllowedCountry","line":118,"loc":{"start":{"line":118,"column":4},"end":{"line":122,"column":4}}},"4":{"name":"batchAllowCountries","line":132,"loc":{"start":{"line":132,"column":4},"end":{"line":137,"column":4}}},"5":{"name":"batchDisallowCountries","line":147,"loc":{"start":{"line":147,"column":4},"end":{"line":152,"column":4}}},"6":{"name":"_getCountry","line":161,"loc":{"start":{"line":161,"column":4},"end":{"line":163,"column":4}}},"7":{"name":"moduleTransferAction","line":173,"loc":{"start":{"line":169,"column":4},"end":{"line":173,"column":44}}},"8":{"name":"moduleMintAction","line":182,"loc":{"start":{"line":179,"column":4},"end":{"line":182,"column":44}}},"9":{"name":"moduleBurnAction","line":191,"loc":{"start":{"line":188,"column":4},"end":{"line":191,"column":44}}},"10":{"name":"moduleCheck","line":204,"loc":{"start":{"line":199,"column":4},"end":{"line":207,"column":4}}}},"statementMap":{"1":{"start":{"line":94,"column":8},"end":{"line":94,"column":55}},"2":{"start":{"line":105,"column":8},"end":{"line":105,"column":113}},"3":{"start":{"line":106,"column":8},"end":{"line":106,"column":55}},"4":{"start":{"line":107,"column":8},"end":{"line":107,"column":54}},"5":{"start":{"line":119,"column":8},"end":{"line":119,"column":110}},"6":{"start":{"line":120,"column":8},"end":{"line":120,"column":56}},"7":{"start":{"line":121,"column":8},"end":{"line":121,"column":55}},"8":{"start":{"line":133,"column":8},"end":{"line":133,"column":7376}},"9":{"start":{"line":134,"column":12},"end":{"line":134,"column":64}},"10":{"start":{"line":135,"column":12},"end":{"line":135,"column":63}},"11":{"start":{"line":148,"column":8},"end":{"line":148,"column":8193}},"12":{"start":{"line":149,"column":12},"end":{"line":149,"column":65}},"13":{"start":{"line":150,"column":12},"end":{"line":150,"column":64}},"14":{"start":{"line":162,"column":8},"end":{"line":162,"column":119}},"15":{"start":{"line":205,"column":8},"end":{"line":205,"column":62}},"16":{"start":{"line":206,"column":8},"end":{"line":206,"column":61}}},"branchMap":{"1":{"line":105,"type":"if","locations":[{"start":{"line":105,"column":8},"end":{"line":105,"column":8}},{"start":{"line":105,"column":8},"end":{"line":105,"column":8}}]},"2":{"line":119,"type":"if","locations":[{"start":{"line":119,"column":8},"end":{"line":119,"column":8}},{"start":{"line":119,"column":8},"end":{"line":119,"column":8}}]}}},
"contracts/compliance/modular/modules/CountryRestrictModule.sol":{"l":{"91":15,"102":3,"103":3,"104":3,"116":1,"117":1,"118":1,"130":1,"131":2,"132":2,"145":1,"146":2,"147":2,"159":7,"202":7,"203":7,"204":2,"206":5},"path":"/Users/joachimlebrun/IdeaProjects/T-REX/contracts/compliance/modular/modules/CountryRestrictModule.sol","s":{"1":15,"2":3,"3":3,"4":3,"5":1,"6":1,"7":1,"8":1,"9":2,"10":2,"11":1,"12":2,"13":2,"14":7,"15":7,"16":7,"17":2,"18":5},"b":{"1":[3,0],"2":[1,0],"3":[2,5]},"f":{"1":15,"2":3,"3":1,"4":1,"5":1,"6":7,"7":3,"8":0,"9":0,"10":7},"fnMap":{"1":{"name":"isCountryRestricted","line":90,"loc":{"start":{"line":90,"column":4},"end":{"line":92,"column":4}}},"2":{"name":"addCountryRestriction","line":101,"loc":{"start":{"line":101,"column":4},"end":{"line":105,"column":4}}},"3":{"name":"removeCountryRestriction","line":115,"loc":{"start":{"line":115,"column":4},"end":{"line":119,"column":4}}},"4":{"name":"batchRestrictCountries","line":129,"loc":{"start":{"line":129,"column":4},"end":{"line":134,"column":4}}},"5":{"name":"batchUnrestrictCountries","line":144,"loc":{"start":{"line":144,"column":4},"end":{"line":149,"column":4}}},"6":{"name":"_getCountry","line":158,"loc":{"start":{"line":158,"column":4},"end":{"line":160,"column":4}}},"7":{"name":"moduleTransferAction","line":170,"loc":{"start":{"line":166,"column":4},"end":{"line":170,"column":44}}},"8":{"name":"moduleMintAction","line":179,"loc":{"start":{"line":176,"column":4},"end":{"line":179,"column":44}}},"9":{"name":"moduleBurnAction","line":188,"loc":{"start":{"line":185,"column":4},"end":{"line":188,"column":44}}},"10":{"name":"moduleCheck","line":201,"loc":{"start":{"line":196,"column":4},"end":{"line":207,"column":4}}}},"statementMap":{"1":{"start":{"line":91,"column":8},"end":{"line":91,"column":62}},"2":{"start":{"line":102,"column":8},"end":{"line":102,"column":99}},"3":{"start":{"line":103,"column":8},"end":{"line":103,"column":58}},"4":{"start":{"line":104,"column":8},"end":{"line":104,"column":57}},"5":{"start":{"line":116,"column":8},"end":{"line":116,"column":94}},"6":{"start":{"line":117,"column":8},"end":{"line":117,"column":59}},"7":{"start":{"line":118,"column":8},"end":{"line":118,"column":59}},"8":{"start":{"line":130,"column":8},"end":{"line":130,"column":7296}},"9":{"start":{"line":131,"column":12},"end":{"line":131,"column":67}},"10":{"start":{"line":132,"column":12},"end":{"line":132,"column":66}},"11":{"start":{"line":145,"column":8},"end":{"line":145,"column":8131}},"12":{"start":{"line":146,"column":12},"end":{"line":146,"column":68}},"13":{"start":{"line":147,"column":12},"end":{"line":147,"column":68}},"14":{"start":{"line":159,"column":8},"end":{"line":159,"column":119}},"15":{"start":{"line":202,"column":8},"end":{"line":202,"column":62}},"16":{"start":{"line":203,"column":8},"end":{"line":203,"column":10299}},"17":{"start":{"line":204,"column":12},"end":{"line":204,"column":24}},"18":{"start":{"line":206,"column":8},"end":{"line":206,"column":19}}},"branchMap":{"1":{"line":102,"type":"if","locations":[{"start":{"line":102,"column":8},"end":{"line":102,"column":8}},{"start":{"line":102,"column":8},"end":{"line":102,"column":8}}]},"2":{"line":116,"type":"if","locations":[{"start":{"line":116,"column":8},"end":{"line":116,"column":8}},{"start":{"line":116,"column":8},"end":{"line":116,"column":8}}]},"3":{"line":203,"type":"if","locations":[{"start":{"line":203,"column":8},"end":{"line":203,"column":8}},{"start":{"line":203,"column":8},"end":{"line":203,"column":8}}]}}},
"contracts/compliance/modular/modules/IModule.sol":{"l":{},"path":"/Users/joachimlebrun/IdeaProjects/T-REX/contracts/compliance/modular/modules/IModule.sol","s":{},"b":{},"f":{},"fnMap":{},"statementMap":{},"branchMap":{}},
"contracts/DVD/DVDTransferManager.sol":{"l":{"130":1,"141":26,"142":26,"153":28,"154":16,"155":16,"157":0,"160":10,"172":13,"173":8,"175":5,"186":13,"187":7,"189":4,"212":22,"213":22,"235":26,"236":22,"237":20,"238":14,"239":9,"241":12,"242":8,"244":10,"245":10,"246":10,"247":10,"248":10,"249":10,"250":10,"251":10,"252":10,"253":10,"254":10,"255":10,"256":10,"257":10,"258":10,"259":10,"260":10,"261":10,"279":18,"280":16,"281":14,"282":12,"283":10,"284":10,"285":10,"286":10,"287":10,"288":10,"289":10,"290":10,"291":10,"292":10,"293":10,"294":10,"295":10,"316":20,"317":20,"318":20,"319":12,"320":12,"321":12,"322":10,"323":8,"324":6,"325":6,"326":1,"327":1,"329":6,"330":5,"332":6,"333":1,"334":1,"336":6,"337":5,"339":6,"340":6,"341":6,"353":10,"354":10,"355":10,"356":6,"357":4,"358":4,"359":4,"369":7,"370":7,"371":7,"372":7,"373":6,"374":6,"375":6,"376":2,"377":2,"378":2,"379":2,"380":2,"381":2,"382":2,"385":4,"386":4,"387":4,"388":4,"389":4},"path":"/Users/joachimlebrun/IdeaProjects/T-REX/contracts/DVD/DVDTransferManager.sol","s":{"1":1,"2":26,"3":26,"4":28,"5":16,"6":16,"7":0,"8":10,"9":13,"10":8,"11":5,"12":13,"13":7,"14":4,"15":22,"16":22,"17":26,"18":22,"19":20,"20":14,"21":9,"22":12,"23":8,"24":10,"25":10,"26":10,"27":10,"28":10,"29":10,"30":10,"31":10,"32":10,"33":10,"34":10,"35":10,"36":10,"37":10,"38":10,"39":10,"40":10,"41":10,"42":18,"43":16,"44":14,"45":12,"46":10,"47":10,"48":10,"49":10,"50":10,"51":10,"52":10,"53":10,"54":10,"55":10,"56":10,"57":10,"58":20,"59":20,"60":20,"61":12,"62":12,"63":12,"64":10,"65":8,"66":6,"67":6,"68":1,"69":1,"70":6,"71":5,"72":6,"73":1,"74":1,"75":6,"76":5,"77":6,"78":10,"79":10,"80":10,"81":6,"82":4,"83":7,"84":7,"85":7,"86":7,"87":6,"88":6,"89":6,"90":2,"91":2,"92":2,"93":2,"94":2,"95":2,"96":2,"97":4,"98":4,"99":4,"100":4,"101":4},"b":{"1":[16,0],"2":[8,5],"3":[7,4],"4":[22,4],"5":[20,2],"6":[14,6],"7":[9,5],"8":[7,2],"9":[8,4],"10":[6,2],"11":[16,2],"12":[14,2],"13":[12,2],"14":[10,2],"15":[12,8],"16":[10,2],"17":[8,2],"18":[6,2],"19":[1,5],"20":[5,1],"21":[1,5],"22":[5,1],"23":[6,4],"24":[4,2],"25":[6,1],"26":[2,4]},"f":{"1":1,"2":26,"3":28,"4":13,"5":13,"6":22,"7":26,"8":18,"9":20,"10":10,"11":7},"fnMap":{"1":{"name":"constructor","line":129,"loc":{"start":{"line":129,"column":4},"end":{"line":131,"column":4}}},"2":{"name":"calculateParity","line":140,"loc":{"start":{"line":140,"column":4},"end":{"line":143,"column":4}}},"3":{"name":"isTREX","line":152,"loc":{"start":{"line":152,"column":4},"end":{"line":162,"column":4}}},"4":{"name":"isTREXAgent","line":171,"loc":{"start":{"line":171,"column":4},"end":{"line":176,"column":4}}},"5":{"name":"isTREXOwner","line":185,"loc":{"start":{"line":185,"column":4},"end":{"line":190,"column":4}}},"6":{"name":"calculateTransferID","line":203,"loc":{"start":{"line":203,"column":4},"end":{"line":214,"column":4}}},"7":{"name":"modifyFee","line":234,"loc":{"start":{"line":234,"column":4},"end":{"line":262,"column":4}}},"8":{"name":"initiateDVDTransfer","line":278,"loc":{"start":{"line":278,"column":4},"end":{"line":296,"column":4}}},"9":{"name":"takeDVDTransfer","line":315,"loc":{"start":{"line":315,"column":4},"end":{"line":342,"column":4}}},"10":{"name":"cancelDVDTransfer","line":352,"loc":{"start":{"line":352,"column":4},"end":{"line":360,"column":4}}},"11":{"name":"calculateFee","line":368,"loc":{"start":{"line":368,"column":4},"end":{"line":391,"column":4}}}},"statementMap":{"1":{"start":{"line":130,"column":8},"end":{"line":130,"column":18}},"2":{"start":{"line":141,"column":8},"end":{"line":141,"column":64}},"3":{"start":{"line":142,"column":8},"end":{"line":142,"column":21}},"4":{"start":{"line":153,"column":8},"end":{"line":153,"column":6989}},"5":{"start":{"line":154,"column":12},"end":{"line":154,"column":7077}},"6":{"start":{"line":155,"column":16},"end":{"line":155,"column":27}},"7":{"start":{"line":157,"column":8},"end":{"line":157,"column":20}},"8":{"start":{"line":160,"column":12},"end":{"line":160,"column":24}},"9":{"start":{"line":172,"column":4},"end":{"line":172,"column":7673}},"10":{"start":{"line":173,"column":8},"end":{"line":173,"column":47}},"11":{"start":{"line":175,"column":8},"end":{"line":175,"column":20}},"12":{"start":{"line":186,"column":8},"end":{"line":186,"column":8222}},"13":{"start":{"line":187,"column":12},"end":{"line":187,"column":51}},"14":{"start":{"line":189,"column":8},"end":{"line":189,"column":20}},"15":{"start":{"line":212,"column":8},"end":{"line":212,"column":122}},"16":{"start":{"line":213,"column":8},"end":{"line":213,"column":25}},"17":{"start":{"line":235,"column":8},"end":{"line":235,"column":141}},"18":{"start":{"line":236,"column":8},"end":{"line":236,"column":133}},"19":{"start":{"line":237,"column":8},"end":{"line":237,"column":148}},"20":{"start":{"line":238,"column":8},"end":{"line":238,"column":11504}},"21":{"start":{"line":239,"column":12},"end":{"line":239,"column":84}},"22":{"start":{"line":241,"column":8},"end":{"line":241,"column":11626}},"23":{"start":{"line":242,"column":12},"end":{"line":242,"column":84}},"24":{"start":{"line":244,"column":8},"end":{"line":244,"column":59}},"25":{"start":{"line":245,"column":8},"end":{"line":245,"column":28}},"26":{"start":{"line":246,"column":8},"end":{"line":246,"column":34}},"27":{"start":{"line":247,"column":8},"end":{"line":247,"column":34}},"28":{"start":{"line":248,"column":8},"end":{"line":248,"column":35}},"29":{"start":{"line":249,"column":8},"end":{"line":249,"column":41}},"30":{"start":{"line":250,"column":8},"end":{"line":250,"column":41}},"31":{"start":{"line":251,"column":8},"end":{"line":251,"column":31}},"32":{"start":{"line":252,"column":8},"end":{"line":252,"column":101}},"33":{"start":{"line":253,"column":8},"end":{"line":253,"column":66}},"34":{"start":{"line":254,"column":8},"end":{"line":254,"column":35}},"35":{"start":{"line":255,"column":8},"end":{"line":255,"column":41}},"36":{"start":{"line":256,"column":8},"end":{"line":256,"column":41}},"37":{"start":{"line":257,"column":8},"end":{"line":257,"column":42}},"38":{"start":{"line":258,"column":8},"end":{"line":258,"column":48}},"39":{"start":{"line":259,"column":8},"end":{"line":259,"column":48}},"40":{"start":{"line":260,"column":8},"end":{"line":260,"column":45}},"41":{"start":{"line":261,"column":8},"end":{"line":261,"column":108}},"42":{"start":{"line":279,"column":8},"end":{"line":279,"column":102}},"43":{"start":{"line":280,"column":8},"end":{"line":280,"column":130}},"44":{"start":{"line":281,"column":8},"end":{"line":281,"column":73}},"45":{"start":{"line":282,"column":8},"end":{"line":282,"column":95}},"46":{"start":{"line":283,"column":8},"end":{"line":283,"column":30}},"47":{"start":{"line":284,"column":8},"end":{"line":284,"column":38}},"48":{"start":{"line":285,"column":8},"end":{"line":285,"column":29}},"49":{"start":{"line":286,"column":8},"end":{"line":286,"column":36}},"50":{"start":{"line":287,"column":8},"end":{"line":287,"column":30}},"51":{"start":{"line":288,"column":8},"end":{"line":288,"column":40}},"52":{"start":{"line":289,"column":8},"end":{"line":289,"column":29}},"53":{"start":{"line":290,"column":8},"end":{"line":290,"column":36}},"54":{"start":{"line":291,"column":8},"end":{"line":291,"column":155}},"55":{"start":{"line":292,"column":8},"end":{"line":292,"column":43}},"56":{"start":{"line":293,"column":8},"end":{"line":293,"column":43}},"57":{"start":{"line":294,"column":8},"end":{"line":294,"column":142}},"58":{"start":{"line":316,"column":8},"end":{"line":316,"column":61}},"59":{"start":{"line":317,"column":8},"end":{"line":317,"column":61}},"60":{"start":{"line":318,"column":8},"end":{"line":318,"column":114}},"61":{"start":{"line":319,"column":8},"end":{"line":319,"column":52}},"62":{"start":{"line":320,"column":8},"end":{"line":320,"column":52}},"63":{"start":{"line":321,"column":8},"end":{"line":321,"column":189}},"64":{"start":{"line":322,"column":8},"end":{"line":322,"column":109}},"65":{"start":{"line":323,"column":8},"end":{"line":323,"column":128}},"66":{"start":{"line":324,"column":8},"end":{"line":324,"column":54}},"67":{"start":{"line":325,"column":8},"end":{"line":325,"column":17559}},"68":{"start":{"line":326,"column":8},"end":{"line":326,"column":105}},"69":{"start":{"line":327,"column":8},"end":{"line":327,"column":84}},"70":{"start":{"line":329,"column":8},"end":{"line":329,"column":17796}},"71":{"start":{"line":330,"column":12},"end":{"line":330,"column":93}},"72":{"start":{"line":332,"column":8},"end":{"line":332,"column":17934}},"73":{"start":{"line":333,"column":12},"end":{"line":333,"column":109}},"74":{"start":{"line":334,"column":12},"end":{"line":334,"column":88}},"75":{"start":{"line":336,"column":8},"end":{"line":336,"column":18179}},"76":{"start":{"line":337,"column":12},"end":{"line":337,"column":93}},"77":{"start":{"line":341,"column":8},"end":{"line":341,"column":45}},"78":{"start":{"line":353,"column":8},"end":{"line":353,"column":61}},"79":{"start":{"line":354,"column":8},"end":{"line":354,"column":61}},"80":{"start":{"line":355,"column":8},"end":{"line":355,"column":114}},"81":{"start":{"line":356,"column":8},"end":{"line":356,"column":239}},"82":{"start":{"line":359,"column":8},"end":{"line":359,"column":46}},"83":{"start":{"line":369,"column":8},"end":{"line":369,"column":26}},"84":{"start":{"line":370,"column":8},"end":{"line":370,"column":61}},"85":{"start":{"line":371,"column":8},"end":{"line":371,"column":61}},"86":{"start":{"line":372,"column":8},"end":{"line":372,"column":114}},"87":{"start":{"line":373,"column":8},"end":{"line":373,"column":68}},"88":{"start":{"line":374,"column":8},"end":{"line":374,"column":43}},"89":{"start":{"line":375,"column":8},"end":{"line":375,"column":20794}},"90":{"start":{"line":376,"column":12},"end":{"line":376,"column":123}},"91":{"start":{"line":377,"column":12},"end":{"line":377,"column":123}},"92":{"start":{"line":378,"column":12},"end":{"line":378,"column":32}},"93":{"start":{"line":379,"column":12},"end":{"line":379,"column":32}},"94":{"start":{"line":380,"column":12},"end":{"line":380,"column":50}},"95":{"start":{"line":381,"column":12},"end":{"line":381,"column":50}},"96":{"start":{"line":382,"column":12},"end":{"line":382,"column":23}},"97":{"start":{"line":385,"column":12},"end":{"line":385,"column":26}},"98":{"start":{"line":386,"column":12},"end":{"line":386,"column":26}},"99":{"start":{"line":387,"column":12},"end":{"line":387,"column":39}},"100":{"start":{"line":388,"column":12},"end":{"line":388,"column":39}},"101":{"start":{"line":389,"column":12},"end":{"line":389,"column":23}}},"branchMap":{"1":{"line":154,"type":"if","locations":[{"start":{"line":154,"column":12},"end":{"line":154,"column":12}},{"start":{"line":154,"column":12},"end":{"line":154,"column":12}}]},"2":{"line":172,"type":"if","locations":[{"start":{"line":172,"column":4},"end":{"line":172,"column":4}},{"start":{"line":172,"column":4},"end":{"line":172,"column":4}}]},"3":{"line":186,"type":"if","locations":[{"start":{"line":186,"column":8},"end":{"line":186,"column":8}},{"start":{"line":186,"column":8},"end":{"line":186,"column":8}}]},"4":{"line":235,"type":"if","locations":[{"start":{"line":235,"column":8},"end":{"line":235,"column":8}},{"start":{"line":235,"column":8},"end":{"line":235,"column":8}}]},"5":{"line":236,"type":"if","locations":[{"start":{"line":236,"column":8},"end":{"line":236,"column":8}},{"start":{"line":236,"column":8},"end":{"line":236,"column":8}}]},"6":{"line":237,"type":"if","locations":[{"start":{"line":237,"column":8},"end":{"line":237,"column":8}},{"start":{"line":237,"column":8},"end":{"line":237,"column":8}}]},"7":{"line":238,"type":"if","locations":[{"start":{"line":238,"column":8},"end":{"line":238,"column":8}},{"start":{"line":238,"column":8},"end":{"line":238,"column":8}}]},"8":{"line":239,"type":"if","locations":[{"start":{"line":239,"column":12},"end":{"line":239,"column":12}},{"start":{"line":239,"column":12},"end":{"line":239,"column":12}}]},"9":{"line":241,"type":"if","locations":[{"start":{"line":241,"column":8},"end":{"line":241,"column":8}},{"start":{"line":241,"column":8},"end":{"line":241,"column":8}}]},"10":{"line":242,"type":"if","locations":[{"start":{"line":242,"column":12},"end":{"line":242,"column":12}},{"start":{"line":242,"column":12},"end":{"line":242,"column":12}}]},"11":{"line":279,"type":"if","locations":[{"start":{"line":279,"column":8},"end":{"line":279,"column":8}},{"start":{"line":279,"column":8},"end":{"line":279,"column":8}}]},"12":{"line":280,"type":"if","locations":[{"start":{"line":280,"column":8},"end":{"line":280,"column":8}},{"start":{"line":280,"column":8},"end":{"line":280,"column":8}}]},"13":{"line":281,"type":"if","locations":[{"start":{"line":281,"column":8},"end":{"line":281,"column":8}},{"start":{"line":281,"column":8},"end":{"line":281,"column":8}}]},"14":{"line":282,"type":"if","locations":[{"start":{"line":282,"column":8},"end":{"line":282,"column":8}},{"start":{"line":282,"column":8},"end":{"line":282,"column":8}}]},"15":{"line":318,"type":"if","locations":[{"start":{"line":318,"column":8},"end":{"line":318,"column":8}},{"start":{"line":318,"column":8},"end":{"line":318,"column":8}}]},"16":{"line":321,"type":"if","locations":[{"start":{"line":321,"column":8},"end":{"line":321,"column":8}},{"start":{"line":321,"column":8},"end":{"line":321,"column":8}}]},"17":{"line":322,"type":"if","locations":[{"start":{"line":322,"column":8},"end":{"line":322,"column":8}},{"start":{"line":322,"column":8},"end":{"line":322,"column":8}}]},"18":{"line":323,"type":"if","locations":[{"start":{"line":323,"column":8},"end":{"line":323,"column":8}},{"start":{"line":323,"column":8},"end":{"line":323,"column":8}}]},"19":{"line":325,"type":"if","locations":[{"start":{"line":325,"column":8},"end":{"line":325,"column":8}},{"start":{"line":325,"column":8},"end":{"line":325,"column":8}}]},"20":{"line":329,"type":"if","locations":[{"start":{"line":329,"column":8},"end":{"line":329,"column":8}},{"start":{"line":329,"column":8},"end":{"line":329,"column":8}}]},"21":{"line":332,"type":"if","locations":[{"start":{"line":332,"column":8},"end":{"line":332,"column":8}},{"start":{"line":332,"column":8},"end":{"line":332,"column":8}}]},"22":{"line":336,"type":"if","locations":[{"start":{"line":336,"column":8},"end":{"line":336,"column":8}},{"start":{"line":336,"column":8},"end":{"line":336,"column":8}}]},"23":{"line":355,"type":"if","locations":[{"start":{"line":355,"column":8},"end":{"line":355,"column":8}},{"start":{"line":355,"column":8},"end":{"line":355,"column":8}}]},"24":{"line":356,"type":"if","locations":[{"start":{"line":356,"column":8},"end":{"line":356,"column":8}},{"start":{"line":356,"column":8},"end":{"line":356,"column":8}}]},"25":{"line":372,"type":"if","locations":[{"start":{"line":372,"column":8},"end":{"line":372,"column":8}},{"start":{"line":372,"column":8},"end":{"line":372,"column":8}}]},"26":{"line":375,"type":"if","locations":[{"start":{"line":375,"column":8},"end":{"line":375,"column":8}},{"start":{"line":375,"column":8},"end":{"line":
[...]
":4,"35":37,"36":5,"37":30,"38":5,"39":22,"40":6,"41":38,"42":6,"43":39,"44":7,"45":14,"46":13,"47":6},"fnMap":{"1":{"name":"init","line":95,"loc":{"start":{"line":88,"column":4},"end":{"line":105,"column":4}}},"2":{"name":"whenNotPaused","line":108,"loc":{"start":{"line":108,"column":4},"end":{"line":111,"column":4}}},"3":{"name":"whenPaused","line":114,"loc":{"start":{"line":114,"column":4},"end":{"line":117,"column":4}}},"4":{"name":"totalSupply","line":122,"loc":{"start":{"line":122,"column":4},"end":{"line":124,"column":4}}},"5":{"name":"balanceOf","line":129,"loc":{"start":{"line":129,"column":4},"end":{"line":131,"column":4}}},"6":{"name":"allowance","line":136,"loc":{"start":{"line":136,"column":4},"end":{"line":138,"column":4}}},"7":{"name":"approve","line":143,"loc":{"start":{"line":143,"column":4},"end":{"line":146,"column":4}}},"8":{"name":"increaseAllowance","line":151,"loc":{"start":{"line":151,"column":4},"end":{"line":154,"column":4}}},"9":{"name":"decreaseAllowance","line":159,"loc":{"start":{"line":159,"column":4},"end":{"line":162,"column":4}}},"10":{"name":"_transfer","line":167,"loc":{"start":{"line":167,"column":4},"end":{"line":180,"column":4}}},"11":{"name":"_mint","line":185,"loc":{"start":{"line":185,"column":4},"end":{"line":193,"column":4}}},"12":{"name":"_burn","line":198,"loc":{"start":{"line":198,"column":4},"end":{"line":206,"column":4}}},"13":{"name":"_approve","line":211,"loc":{"start":{"line":211,"column":4},"end":{"line":221,"column":4}}},"14":{"name":"_beforeTokenTransfer","line":226,"loc":{"start":{"line":226,"column":4},"end":{"line":230,"column":24}}},"15":{"name":"decimals","line":235,"loc":{"start":{"line":235,"column":4},"end":{"line":237,"column":4}}},"16":{"name":"name","line":242,"loc":{"start":{"line":242,"column":4},"end":{"line":244,"column":4}}},"17":{"name":"onchainID","line":249,"loc":{"start":{"line":249,"column":4},"end":{"line":251,"column":4}}},"18":{"name":"symbol","line":256,"loc":{"start":{"line":256,"column":4},"end":{"line":258,"column":4}}},"19":{"name":"version","line":263,"loc":{"start":{"line":263,"column":4},"end":{"line":265,"column":4}}},"20":{"name":"setName","line":270,"loc":{"start":{"line":270,"column":4},"end":{"line":273,"column":4}}},"21":{"name":"setSymbol","line":278,"loc":{"start":{"line":278,"column":4},"end":{"line":281,"column":4}}},"22":{"name":"setOnchainID","line":286,"loc":{"start":{"line":286,"column":4},"end":{"line":289,"column":4}}},"23":{"name":"paused","line":294,"loc":{"start":{"line":294,"column":4},"end":{"line":296,"column":4}}},"24":{"name":"isFrozen","line":301,"loc":{"start":{"line":301,"column":4},"end":{"line":303,"column":4}}},"25":{"name":"getFrozenTokens","line":308,"loc":{"start":{"line":308,"column":4},"end":{"line":310,"column":4}}},"26":{"name":"transfer","line":321,"loc":{"start":{"line":321,"column":4},"end":{"line":330,"column":4}}},"27":{"name":"pause","line":335,"loc":{"start":{"line":335,"column":4},"end":{"line":338,"column":4}}},"28":{"name":"unpause","line":343,"loc":{"start":{"line":343,"column":4},"end":{"line":346,"column":4}}},"29":{"name":"identityRegistry","line":351,"loc":{"start":{"line":351,"column":4},"end":{"line":353,"column":4}}},"30":{"name":"compliance","line":358,"loc":{"start":{"line":358,"column":4},"end":{"line":360,"column":4}}},"31":{"name":"batchTransfer","line":365,"loc":{"start":{"line":365,"column":4},"end":{"line":369,"column":4}}},"32":{"name":"transferFrom","line":385,"loc":{"start":{"line":381,"column":4},"end":{"line":396,"column":4}}},"33":{"name":"forcedTransfer","line":405,"loc":{"start":{"line":401,"column":4},"end":{"line":418,"column":4}}},"34":{"name":"batchForcedTransfer","line":423,"loc":{"start":{"line":423,"column":4},"end":{"line":431,"column":4}}},"35":{"name":"mint","line":436,"loc":{"start":{"line":436,"column":4},"end":{"line":441,"column":4}}},"36":{"name":"batchMint","line":446,"loc":{"start":{"line":446,"column":4},"end":{"line":450,"column":4}}},"37":{"name":"burn","line":455,"loc":{"start":{"line":455,"column":4},"end":{"line":464,"column":4}}},"38":{"name":"batchBurn","line":469,"loc":{"start":{"line":469,"column":4},"end":{"line":473,"column":4}}},"39":{"name":"setAddressFrozen","line":478,"loc":{"start":{"line":478,"column":4},"end":{"line":482,"column":4}}},"40":{"name":"batchSetAddressFrozen","line":487,"loc":{"start":{"line":487,"column":4},"end":{"line":491,"column":4}}},"41":{"name":"freezePartialTokens","line":496,"loc":{"start":{"line":496,"column":4},"end":{"line":501,"column":4}}},"42":{"name":"batchFreezePartialTokens","line":506,"loc":{"start":{"line":506,"column":4},"end":{"line":510,"column":4}}},"43":{"name":"unfreezePartialTokens","line":515,"loc":{"start":{"line":515,"column":4},"end":{"line":519,"column":4}}},"44":{"name":"batchUnfreezePartialTokens","line":524,"loc":{"start":{"line":524,"column":4},"end":{"line":528,"column":4}}},"45":{"name":"setIdentityRegistry","line":533,"loc":{"start":{"line":533,"column":4},"end":{"line":536,"column":4}}},"46":{"name":"setCompliance","line":541,"loc":{"start":{"line":541,"column":4},"end":{"line":548,"column":4}}},"47":{"name":"recoveryAddress","line":557,"loc":{"start":{"line":553,"column":4},"end":{"line":577,"column":4}}}},"statementMap":{"1":{"start":{"line":96,"column":8},"end":{"line":96,"column":23}},"2":{"start":{"line":97,"column":8},"end":{"line":97,"column":24}},"3":{"start":{"line":98,"column":8},"end":{"line":98,"column":28}},"4":{"start":{"line":99,"column":8},"end":{"line":99,"column":32}},"5":{"start":{"line":100,"column":8},"end":{"line":100,"column":34}},"6":{"start":{"line":101,"column":8},"end":{"line":101,"column":25}},"7":{"start":{"line":102,"column":8},"end":{"line":102,"column":45}},"8":{"start":{"line":103,"column":8},"end":{"line":103,"column":33}},"9":{"start":{"line":104,"column":8},"end":{"line":104,"column":106}},"10":{"start":{"line":109,"column":8},"end":{"line":109,"column":48}},"11":{"start":{"line":115,"column":8},"end":{"line":115,"column":51}},"12":{"start":{"line":123,"column":8},"end":{"line":123,"column":27}},"13":{"start":{"line":130,"column":8},"end":{"line":130,"column":38}},"14":{"start":{"line":137,"column":8},"end":{"line":137,"column":44}},"15":{"start":{"line":144,"column":8},"end":{"line":144,"column":46}},"16":{"start":{"line":145,"column":8},"end":{"line":145,"column":19}},"17":{"start":{"line":152,"column":8},"end":{"line":152,"column":88}},"18":{"start":{"line":153,"column":8},"end":{"line":153,"column":19}},"19":{"start":{"line":160,"column":8},"end":{"line":160,"column":91}},"20":{"start":{"line":161,"column":8},"end":{"line":161,"column":19}},"21":{"start":{"line":172,"column":8},"end":{"line":172,"column":76}},"22":{"start":{"line":173,"column":8},"end":{"line":173,"column":72}},"23":{"start":{"line":175,"column":8},"end":{"line":175,"column":48}},"24":{"start":{"line":177,"column":8},"end":{"line":177,"column":52}},"25":{"start":{"line":178,"column":8},"end":{"line":178,"column":48}},"26":{"start":{"line":179,"column":8},"end":{"line":179,"column":42}},"27":{"start":{"line":186,"column":8},"end":{"line":186,"column":77}},"28":{"start":{"line":188,"column":8},"end":{"line":188,"column":62}},"29":{"start":{"line":190,"column":8},"end":{"line":190,"column":44}},"30":{"start":{"line":191,"column":8},"end":{"line":191,"column":66}},"31":{"start":{"line":192,"column":8},"end":{"line":192,"column":56}},"32":{"start":{"line":199,"column":8},"end":{"line":199,"column":79}},"33":{"start":{"line":201,"column":8},"end":{"line":201,"column":62}},"34":{"start":{"line":203,"column":8},"end":{"line":203,"column":66}},"35":{"start":{"line":204,"column":8},"end":{"line":204,"column":44}},"36":{"start":{"line":205,"column":8},"end":{"line":205,"column":56}},"37":{"start":{"line":216,"column":8},"end":{"line":216,"column":76}},"38":{"start":{"line":217,"column":8},"end":{"line":217,"column":76}},"39":{"start":{"line":219,"column":8},"end":{"line":219,"column":46}},"40":{"start":{"line":220,"column":8},"end":{"line":220,"column":48}},"41":{"start":{"line":236,"column":8},"end":{"line":236,"column":28}},"42":{"start":{"line":243,"column":8},"end":{"line":243,"column":24}},"43":{"start":{"line":250,"column":8},"end":{"line":250,"column":29}},"44":{"start":{"line":257,"column":8},"end":{"line":257,"column":26}},"45":{"start":{"line":264,"column":8},"end":{"line":264,"column":28}},"46":{"start":{"line":271,"column":8},"end":{"line":271,"column":24}},"47":{"start":{"line":272,"column":8},"end":{"line":272,"column":106}},"48":{"start":{"line":279,"column":8},"end":{"line":279,"column":28}},"49":{"start":{"line":280,"column":8},"end":{"line":280,"column":106}},"50":{"start":{"line":287,"column":8},"end":{"line":287,"column":34}},"51":{"start":{"line":288,"column":8},"end":{"line":288,"column":106}},"52":{"start":{"line":295,"column":8},"end":{"line":295,"column":26}},"53":{"start":{"line":302,"column":8},"end":{"line":302,"column":35}},"54":{"start":{"line":309,"column":8},"end":{"line":309,"column":41}},"55":{"start":{"line":322,"column":8},"end":{"line":322,"column":71}},"56":{"start":{"line":323,"column":8},"end":{"line":323,"column":101}},"57":{"start":{"line":324,"column":8},"end":{"line":324,"column":12191}},"58":{"start":{"line":325,"column":12},"end":{"line":325,"column":64}},"59":{"start":{"line":326,"column":12},"end":{"line":326,"column":46}},"60":{"start":{"line":327,"column":12},"end":{"line":327,"column":23}},"61":{"start":{"line":329,"column":8},"end":{"line":329,"column":38}},"62":{"start":{"line":336,"column":8},"end":{"line":336,"column":25}},"63":{"start":{"line":337,"column":8},"end":{"line":337,"column":31}},"64":{"start":{"line":344,"column":8},"end":{"line":344,"column":26}},"65":{"start":{"line":345,"column":8},"end":{"line":345,"column":33}},"66":{"start":{"line":352,"column":8},"end":{"line":352,"column":36}},"67":{"start":{"line":359,"column":8},"end":{"line":359,"column":30}},"68":{"start":{"line":366,"column":8},"end":{"line":366,"column":13392}},"69":{"start":{"line":367,"column":12},"end":{"line":367,"column":44}},"70":{"start":{"line":386,"column":8},"end":{"line":386,"column":66}},"71":{"start":{"line":387,"column":8},"end":{"line":387,"column":91}},"72":{"start":{"line":388,"column":8},"end":{"line":388,"column":14335}},"73":{"start":{"line":389,"column":12},"end":{"line":389,"column":59}},"74":{"start":{"line":390,"column":12},"end":{"line":390,"column":41}},"75":{"start":{"line":391,"column":12},"end":{"line":391,"column":82}},"76":{"start":{"line":392,"column":12},"end":{"line":392,"column":23}},"77":{"start":{"line":395,"column":8},"end":{"line":395,"column":38}},"78":{"start":{"line":406,"column":8},"end":{"line":406,"column":70}},"79":{"start":{"line":407,"column":8},"end":{"line":407,"column":14991}},"80":{"start":{"line":408,"column":12},"end":{"line":408,"column":62}},"81":{"start":{"line":409,"column":12},"end":{"line":409,"column":73}},"82":{"start":{"line":410,"column":12},"end":{"line":410,"column":56}},"83":{"start":{"line":412,"column":8},"end":{"line":412,"column":15236}},"84":{"start":{"line":413,"column":12},"end":{"line":413,"column":59}},"85":{"start":{"line":414,"column":12},"end":{"line":414,"column":41}},"86":{"start":{"line":415,"column":12},"end":{"line":415,"column":23}},"87":{"start":{"line":417,"column":8},"end":{"line":417,"column":38}},"88":{"start":{"line":428,"column":8},"end":{"line":428,"column":15711}},"89":{"start":{"line":429,"column":12},"end":{"line":429,"column":64}},"90":{"start":{"line":437,"column":8},"end":{"line":437,"column":82}},"91":{"start":{"line":438,"column":8},"end":{"line":438,"column":96}},"92":{"start":{"line":439,"column":8},"end":{"line":439,"column":26}},"93":{"start":{"line":440,"column":8},"end":{"line":440,"column":44}},"94":{"start":{"line":447,"column":8},"end":{"line":447,"column":16396}},"95":{"start":{"line":448,"column":12},"end":{"line":448,"column":40}},"96":{"start":{"line":456,"column":8},"end":{"line":456,"column":82}},"97":{"start":{"line":457,"column":8},"end":{"line":457,"column":16728}},"98":{"start":{"line":458,"column":12},"end":{"line":458,"column":62}},"99":{"start":{"line":459,"column":12},"end":{"line":459,"column":87}},"100":{"start":{"line":460,"column":12},"end":{"line":460,"column":63}},"101":{"start":{"line":462,"column":8},"end":{"line":462,"column":35}},"102":{"start":{"line":463,"column":8},"end":{"line":463,"column":55}},"103":{"start":{"line":470,"column":8},"end":{"line":470,"column":17257}},"104":{"start":{"line":471,"column":12},"end":{"line":471,"column":47}},"105":{"start":{"line":479,"column":8},"end":{"line":479,"column":37}},"106":{"start":{"line":481,"column":8},"end":{"line":481,"column":61}},"107":{"start":{"line":488,"column":8},"end":{"line":488,"column":17831}},"108":{"start":{"line":489,"column":12},"end":{"line":489,"column":58}},"109":{"start":{"line":497,"column":8},"end":{"line":497,"column":49}},"110":{"start":{"line":498,"column":8},"end":{"line":498,"column":99}},"111":{"start":{"line":499,"column":8},"end":{"line":499,"column":74}},"112":{"start":{"line":500,"column":8},"end":{"line":500,"column":48}},"113":{"start":{"line":507,"column":8},"end":{"line":507,"column":18611}},"114":{"start":{"line":508,"column":12},"end":{"line":508,"column":62}},"115":{"start":{"line":516,"column":8},"end":{"line":516,"column":109}},"116":{"start":{"line":517,"column":8},"end":{"line":517,"column":74}},"117":{"start":{"line":518,"column":8},"end":{"line":518,"column":50}},"118":{"start":{"line":525,"column":8},"end":{"line":525,"column":19364}},"119":{"start":{"line":526,"column":12},"end":{"line":526,"column":64}},"120":{"start":{"line":534,"column":8},"end":{"line":534,"column":67}},"121":{"start":{"line":535,"column":8},"end":{"line":535,"column":53}},"122":{"start":{"line":542,"column":8},"end":{"line":542,"column":19926}},"123":{"start":{"line":543,"column":12},"end":{"line":543,"column":53}},"124":{"start":{"line":545,"column":8},"end":{"line":545,"column":56}},"125":{"start":{"line":546,"column":8},"end":{"line":546,"column":47}},"126":{"start":{"line":547,"column":8},"end":{"line":547,"column":41}},"127":{"start":{"line":558,"column":8},"end":{"line":558,"column":67}},"128":{"start":{"line":559,"column":8},"end":{"line":559,"column":60}},"129":{"start":{"line":560,"column":8},"end":{"line":560,"column":56}},"130":{"start":{"line":561,"column":8},"end":{"line":561,"column":20627}},"131":{"start":{"line":562,"column":12},"end":{"line":562,"column":59}},"132":{"start":{"line":563,"column":12},"end":{"line":563,"column":61}},"133":{"start":{"line":564,"column":12},"end":{"line":564,"column":125}},"134":{"start":{"line":565,"column":12},"end":{"line":565,"column":60}},"135":{"start":{"line":566,"column":12},"end":{"line":566,"column":66}},"136":{"start":{"line":567,"column":12},"end":{"line":567,"column":21068}},"137":{"start":{"line":568,"column":16},"end":{"line":568,"column":61}},"138":{"start":{"line":570,"column":12},"end":{"line":570,"column":21183}},"139":{"start":{"line":571,"column":16},"end":{"line":571,"column":49}},"140":{"start":{"line":573,"column":12},"end":{"line":573,"column":77}},"141":{"start":{"line":574,"column":12},"end":{"line":574,"column":23}},"142":{"start":{"line":576,"column":8},"end":{"line":576,"column":38}}},"branchMap":{"1":{"line":109,"type":"if","locations":[{"start":{"line":109,"column":8},"end":{"line":109,"column":8}},{"start":{"line":109,"column":8},"end":{"line":109,"column":8}}]},"2":{"line":115,"type":"if","locations":[{"start":{"line":115,"column":8},"end":{"line":115,"column":8}},{"start":{"line":115,"column":8},"end":{"line":115,"column":8}}]},"3":{"line":172,"type":"if","locations":[{"start":{"line":172,"column":8},"end":{"line":172,"column":8}},{"start":{"line":172,"column":8},"end":{"line":172,"column":8}}]},"4":{"line":173,"type":"if","locations":[{"start":{"line":173,"column":8},"end":{"line":173,"column":8}},{"start":{"line":173,"column":8},"end":{"line":173,"column":8}}]},"5":{"line":186,"type":"if","locations":[{"start":{"line":186,"column":8},"end":{"line":186,"column":8}},{"start":{"line":186,"column":8},"end":{"line":186,"column":8}}]},"6":{"line":199,"type":"if","locations":[{"start":{"line":199,"column":8},"end":{"line":199,"column":8}},{"start":{"line":199,"column":8},"end":{"line":199,"column":8}}]},"7":{"line":216,"type":"if","locations":[{"start":{"line":216,"column":8},"end":{"line":216,"column":8}},{"start":{"line":216,"column":8},"end":{"line":216,"column":8}}]},"8":{"line":217,"type":"if","locations":[{"start":{"line":217,"column":8},"end":{"line":217,"column":8}},{"start":{"line":217,"column":8},"end":{"line":217,"column":8}}]},"9":{"line":322,"type":"if","locations":[{"start":{"line":322,"column":8},"end":{"line":322,"column":8}},{"start":{"line":322,"column":8},"end":{"line":322,"column":8}}]},"10":{"line":323,"type":"if","locations":[{"start":{"line":323,"column":8},"end":{"line":323,"column":8}},{"start":{"line":323,"column":8},"end":{"line":323,"column":8}}]},"11":{"line":324,"type":"if","locations":[{"start":{"line":324,"column":8},"end":{"line":324,"column":8}},{"start":{"line":324,"column":8},"end":{"line":324,"column":8}}]},"12":{"line":386,"type":"if","locations":[{"start":{"line":386,"column":8},"end":{"line":386,"column":8}},{"start":{"line":386,"column":8},"end":{"line":386,"column":8}}]},"13":{"line":387,"type":"if","locations":[{"start":{"line":387,"column":8},"end":{"line":387,"column":8}},{"start":{"line":387,"column":8},"end":{"line":387,"column":8}}]},"14":{"line":388,"type":"if","locations":[{"start":{"line":388,"column":8},"end":{"line":388,"column":8}},{"start":{"line":388,"column":8},"end":{"line":388,"column":8}}]},"15":{"line":407,"type":"if","locations":[{"start":{"line":407,"column":8},"end":{"line":407,"column":8}},{"start":{"line":407,"column":8},"end":{"line":407,"column":8}}]},"16":{"line":412,"type":"if","locations":[{"start":{"line":412,"column":8},"end":{"line":412,"column":8}},{"start":{"line":412,"column":8},"end":{"line":412,"column":8}}]},"17":{"line":437,"type":"if","locations":[{"start":{"line":437,"column":8},"end":{"line":437,"column":8}},{"start":{"line":437,"column":8},"end":{"line":437,"column":8}}]},"18":{"line":438,"type":"if","locations":[{"start":{"line":438,"column":8},"end":{"line":438,"column":8}},{"start":{"line":438,"column":8},"end":{"line":438,"column":8}}]},"19":{"line":457,"type":"if","locations":[{"start":{"line":457,"column":8},"end":{"line":457,"column":8}},{"start":{"line":457,"column":8},"end":{"line":457,"column":8}}]},"20":{"line":498,"type":"if","locations":[{"start":{"line":498,"column":8},"end":{"line":498,"column":8}},{"start":{"line":498,"column":8},"end":{"line":498,"column":8}}]},"21":{"line":516,"type":"if","locations":[{"start":{"line":516,"column":8},"end":{"line":516,"column":8}},{"start":{"line":516,"column":8},"end":{"line":516,"column":8}}]},"22":{"line":542,"type":"if","locations":[{"start":{"line":542,"column":8},"end":{"line":542,"column":8}},{"start":{"line":542,"column":8},"end":{"line":542,"column":8}}]},"23":{"line":558,"type":"if","locations":[{"start":{"line":558,"column":8},"end":{"line":558,"column":8}},{"start":{"line":558,"column":8},"end":{"line":558,"column":8}}]},"24":{"line":561,"type":"if","locations":[{"start":{"line":561,"column":8},"end":{"line":561,"column":8}},{"start":{"line":561,"column":8},"end":{"line":561,"column":8}}]},"25":{"line":567,"type":"if","locations":[{"start":{"line":567,"column":12},"end":{"line":567,"column":12}},{"start":{"line":567,"column":12},"end":{"line":567,"column":12}}]},"26":{"line":570,"type":"if","locations":[{"start":{"line":570,"column":12},"end":{"line":570,"column":12}},{"start":{"line":570,"column":12},"end":{"line":570,"column":12}}]}}},
"contracts/token/TokenStorage.sol":{"l":{},"path":"/Users/joachimlebrun/IdeaProjects/T-REX/contracts/token/TokenStorage.sol","s":{},"b":{},"f":{},"fnMap":{},"statementMap":{},"branchMap":{}}}
