{
"contracts/compliance/modular/IModularCompliance.sol":{"l":{},"path":"/Users/kevin.thizy/Documents/Missions/Tokeny/T-REX/T-REX/contracts/compliance/modular/IModularCompliance.sol","s":{},"b":{},"f":{},"fnMap":{},"statementMap":{},"branchMap":{}},
"contracts/compliance/modular/MCStorage.sol":{"l":{},"path":"/Users/kevin.thizy/Documents/Missions/Tokeny/T-REX/T-REX/contracts/compliance/modular/MCStorage.sol","s":{},"b":{},"f":{},"fnMap":{},"statementMap":{},"branchMap":{}},
"contracts/compliance/modular/ModularCompliance.sol":{"l":{"79":14,"80":11,"84":69,"91":30,"93":28,"94":27,"95":27,"102":4,"103":3,"104":2,"105":1,"106":1,"113":46,"114":45,"115":44,"116":43,"117":43,"118":43,"119":43,"126":3,"127":2,"128":1,"129":1,"130":2,"131":1,"132":1,"133":1,"134":1,"135":1,"136":1,"145":5,"149":3,"150":2,"151":2,"152":3,"160":3,"161":2,"162":1,"163":1,"164":2,"172":3,"173":2,"174":1,"175":1,"176":2,"184":41,"192":40,"211":31,"219":2,"226":1,"233":26,"240":5,"241":5,"242":5,"243":4,"246":1,"254":31,"262":31},"path":"/Users/kevin.thizy/Documents/Missions/Tokeny/T-REX/T-REX/contracts/compliance/modular/ModularCompliance.sol","s":{"1":14,"2":69,"3":30,"4":28,"5":27,"6":4,"7":3,"8":2,"9":1,"10":46,"11":45,"12":44,"13":43,"14":43,"15":43,"16":3,"17":2,"18":1,"19":1,"20":2,"21":1,"22":1,"23":1,"24":5,"25":3,"26":2,"27":2,"28":3,"29":3,"30":2,"31":1,"32":1,"33":2,"34":3,"35":2,"36":1,"37":1,"38":2,"39":41,"40":31,"41":2,"42":1,"43":26,"44":5,"45":5,"46":5,"47":4,"48":1,"49":31},"b":{"1":[11,3],"2":[69,1],"3":[28,2],"4":[11,17],"5":[27,1],"6":[3,1],"7":[2,1],"8":[2,1],"9":[1,1],"10":[46,1],"11":[45,1],"12":[44,1],"13":[43,1],"14":[3,1],"15":[2,1],"16":[1,1],"17":[1,1],"18":[5,1],"19":[3,2],"20":[2,1],"21":[3,1],"22":[2,1],"23":[1,1],"24":[3,1],"25":[2,1],"26":[1,1],"27":[41,1],"28":[40,1],"29":[4,1],"30":[31,0]},"f":{"1":14,"2":69,"3":30,"4":4,"5":46,"6":3,"7":5,"8":3,"9":3,"10":41,"11":2,"12":1,"13":26,"14":5,"15":31},"fnMap":{"1":{"name":"onlyToken","line":78,"loc":{"start":{"line":78,"column":4},"end":{"line":81,"column":4}}},"2":{"name":"init","line":83,"loc":{"start":{"line":83,"column":4},"end":{"line":85,"column":4}}},"3":{"name":"bindToken","line":90,"loc":{"start":{"line":90,"column":4},"end":{"line":96,"column":4}}},"4":{"name":"unbindToken","line":101,"loc":{"start":{"line":101,"column":4},"end":{"line":107,"column":4}}},"5":{"name":"addModule","line":112,"loc":{"start":{"line":112,"column":4},"end":{"line":120,"column":4}}},"6":{"name":"removeModule","line":125,"loc":{"start":{"line":125,"column":4},"end":{"line":139,"column":4}}},"7":{"name":"transferred","line":144,"loc":{"start":{"line":144,"column":4},"end":{"line":154,"column":4}}},"8":{"name":"created","line":159,"loc":{"start":{"line":159,"column":4},"end":{"line":166,"column":4}}},"9":{"name":"destroyed","line":171,"loc":{"start":{"line":171,"column":4},"end":{"line":178,"column":4}}},"10":{"name":"callModuleFunction","line":183,"loc":{"start":{"line":183,"column":4},"end":{"line":213,"column":4}}},"11":{"name":"isModuleBound","line":218,"loc":{"start":{"line":218,"column":4},"end":{"line":220,"column":4}}},"12":{"name":"getModules","line":225,"loc":{"start":{"line":225,"column":4},"end":{"line":227,"column":4}}},"13":{"name":"getTokenBound","line":232,"loc":{"start":{"line":232,"column":4},"end":{"line":234,"column":4}}},"14":{"name":"canTransfer","line":239,"loc":{"start":{"line":239,"column":4},"end":{"line":247,"column":4}}},"15":{"name":"_selector","line":253,"loc":{"start":{"line":253,"column":4},"end":{"line":266,"column":4}}}},"statementMap":{"1":{"start":{"line":79,"column":8},"end":{"line":79,"column":113}},"2":{"start":{"line":84,"column":8},"end":{"line":84,"column":23}},"3":{"start":{"line":91,"column":8},"end":{"line":91,"column":4622}},"4":{"start":{"line":93,"column":8},"end":{"line":93,"column":71}},"5":{"start":{"line":95,"column":8},"end":{"line":95,"column":31}},"6":{"start":{"line":102,"column":8},"end":{"line":102,"column":94}},"7":{"start":{"line":103,"column":8},"end":{"line":103,"column":64}},"8":{"start":{"line":104,"column":8},"end":{"line":104,"column":71}},"9":{"start":{"line":106,"column":8},"end":{"line":106,"column":33}},"10":{"start":{"line":113,"column":8},"end":{"line":113,"column":72}},"11":{"start":{"line":114,"column":8},"end":{"line":114,"column":62}},"12":{"start":{"line":115,"column":8},"end":{"line":115,"column":72}},"13":{"start":{"line":116,"column":8},"end":{"line":116,"column":53}},"14":{"start":{"line":117,"column":8},"end":{"line":117,"column":29}},"15":{"start":{"line":119,"column":8},"end":{"line":119,"column":33}},"16":{"start":{"line":126,"column":8},"end":{"line":126,"column":72}},"17":{"start":{"line":127,"column":8},"end":{"line":127,"column":57}},"18":{"start":{"line":128,"column":8},"end":{"line":128,"column":40}},"19":{"start":{"line":129,"column":8},"end":{"line":129,"column":6141}},"20":{"start":{"line":130,"column":12},"end":{"line":130,"column":6196}},"21":{"start":{"line":131,"column":16},"end":{"line":131,"column":63}},"22":{"start":{"line":133,"column":16},"end":{"line":133,"column":29}},"23":{"start":{"line":135,"column":16},"end":{"line":135,"column":43}},"24":{"start":{"line":145,"column":8},"end":{"line":145,"column":6725}},"25":{"start":{"line":149,"column":8},"end":{"line":149,"column":66}},"26":{"start":{"line":150,"column":8},"end":{"line":150,"column":40}},"27":{"start":{"line":151,"column":8},"end":{"line":151,"column":6929}},"28":{"start":{"line":152,"column":12},"end":{"line":152,"column":72}},"29":{"start":{"line":160,"column":8},"end":{"line":160,"column":68}},"30":{"start":{"line":161,"column":8},"end":{"line":161,"column":62}},"31":{"start":{"line":162,"column":8},"end":{"line":162,"column":40}},"32":{"start":{"line":163,"column":8},"end":{"line":163,"column":7389}},"33":{"start":{"line":164,"column":12},"end":{"line":164,"column":61}},"34":{"start":{"line":172,"column":8},"end":{"line":172,"column":70}},"35":{"start":{"line":173,"column":8},"end":{"line":173,"column":62}},"36":{"start":{"line":174,"column":8},"end":{"line":174,"column":40}},"37":{"start":{"line":175,"column":8},"end":{"line":175,"column":7846}},"38":{"start":{"line":176,"column":12},"end":{"line":176,"column":63}},"39":{"start":{"line":184,"column":8},"end":{"line":184,"column":66}},"40":{"start":{"line":211,"column":8},"end":{"line":211,"column":60}},"41":{"start":{"line":219,"column":8},"end":{"line":219,"column":36}},"42":{"start":{"line":226,"column":8},"end":{"line":226,"column":23}},"43":{"start":{"line":233,"column":8},"end":{"line":233,"column":26}},"44":{"start":{"line":240,"column":8},"end":{"line":240,"column":40}},"45":{"start":{"line":241,"column":8},"end":{"line":241,"column":9965}},"46":{"start":{"line":242,"column":12},"end":{"line":242,"column":10020}},"47":{"start":{"line":243,"column":16},"end":{"line":243,"column":28}},"48":{"start":{"line":246,"column":8},"end":{"line":246,"column":19}},"49":{"start":{"line":254,"column":8},"end":{"line":254,"column":10492}}},"branchMap":{"1":{"line":79,"type":"if","locations":[{"start":{"line":79,"column":8},"end":{"line":79,"column":8}},{"start":{"line":79,"column":8},"end":{"line":79,"column":8}}]},"2":{"line":83,"type":"if","locations":[{"start":{"line":83,"column":29},"end":{"line":83,"column":29}},{"start":{"line":83,"column":29},"end":{"line":83,"column":29}}]},"3":{"line":91,"type":"if","locations":[{"start":{"line":91,"column":8},"end":{"line":91,"column":8}},{"start":{"line":91,"column":8},"end":{"line":91,"column":8}}]},"4":{"line":91,"type":"cond-expr","locations":[{"start":{"line":91,"column":16},"end":{"line":91,"column":36}},{"start":{"line":91,"column":41},"end":{"line":91,"column":91}}]},"5":{"line":93,"type":"if","locations":[{"start":{"line":93,"column":8},"end":{"line":93,"column":8}},{"start":{"line":93,"column":8},"end":{"line":93,"column":8}}]},"6":{"line":102,"type":"if","locations":[{"start":{"line":102,"column":8},"end":{"line":102,"column":8}},{"start":{"line":102,"column":8},"end":{"line":102,"column":8}}]},"7":{"line":102,"type":"cond-expr","locations":[{"start":{"line":102,"column":16},"end":{"line":102,"column":36}},{"start":{"line":102,"column":41},"end":{"line":102,"column":60}}]},"8":{"line":103,"type":"if","locations":[{"start":{"line":103,"column":8},"end":{"line":103,"column":8}},{"start":{"line":103,"column":8},"end":{"line":103,"column":8}}]},"9":{"line":104,"type":"if","locations":[{"start":{"line":104,"column":8},"end":{"line":104,"column":8}},{"start":{"line":104,"column":8},"end":{"line":104,"column":8}}]},"10":{"line":112,"type":"if","locations":[{"start":{"line":112,"column":58},"end":{"line":112,"column":58}},{"start":{"line":112,"column":58},"end":{"line":112,"column":58}}]},"11":{"line":113,"type":"if","locations":[{"start":{"line":113,"column":8},"end":{"line":113,"column":8}},{"start":{"line":113,"column":8},"end":{"line":113,"column":8}}]},"12":{"line":114,"type":"if","locations":[{"start":{"line":114,"column":8},"end":{"line":114,"column":8}},{"start":{"line":114,"column":8},"end":{"line":114,"column":8}}]},"13":{"line":115,"type":"if","locations":[{"start":{"line":115,"column":8},"end":{"line":115,"column":8}},{"start":{"line":115,"column":8},"end":{"line":115,"column":8}}]},"14":{"line":125,"type":"if","locations":[{"start":{"line":125,"column":61},"end":{"line":125,"column":61}},{"start":{"line":125,"column":61},"end":{"line":125,"column":61}}]},"15":{"line":126,"type":"if","locations":[{"start":{"line":126,"column":8},"end":{"line":126,"column":8}},{"start":{"line":126,"column":8},"end":{"line":126,"column":8}}]},"16":{"line":127,"type":"if","locations":[{"start":{"line":127,"column":8},"end":{"line":127,"column":8}},{"start":{"line":127,"column":8},"end":{"line":127,"column":8}}]},"17":{"line":130,"type":"if","locations":[{"start":{"line":130,"column":12},"end":{"line":130,"column":12}},{"start":{"line":130,"column":12},"end":{"line":130,"column":12}}]},"18":{"line":144,"type":"if","locations":[{"start":{"line":144,"column":78},"end":{"line":144,"column":78}},{"start":{"line":144,"column":78},"end":{"line":144,"column":78}}]},"19":{"line":145,"type":"if","locations":[{"start":{"line":145,"column":8},"end":{"line":145,"column":8}},{"start":{"line":145,"column":8},"end":{"line":145,"column":8}}]},"20":{"line":149,"type":"if","locations":[{"start":{"line":149,"column":8},"end":{"line":149,"column":8}},{"start":{"line":149,"column":8},"end":{"line":149,"column":8}}]},"21":{"line":159,"type":"if","locations":[{"start":{"line":159,"column":59},"end":{"line":159,"column":59}},{"start":{"line":159,"column":59},"end":{"line":159,"column":59}}]},"22":{"line":160,"type":"if","locations":[{"start":{"line":160,"column":8},"end":{"line":160,"column":8}},{"start":{"line":160,"column":8},"end":{"line":160,"column":8}}]},"23":{"line":161,"type":"if","locations":[{"start":{"line":161,"column":8},"end":{"line":161,"column":8}},{"start":{"line":161,"column":8},"end":{"line":161,"column":8}}]},"24":{"line":171,"type":"if","locations":[{"start":{"line":171,"column":63},"end":{"line":171,"column":63}},{"start":{"line":171,"column":63},"end":{"line":171,"column":63}}]},"25":{"line":172,"type":"if","locations":[{"start":{"line":172,"column":8},"end":{"line":172,"column":8}},{"start":{"line":172,"column":8},"end":{"line":172,"column":8}}]},"26":{"line":173,"type":"if","locations":[{"start":{"line":173,"column":8},"end":{"line":173,"column":8}},{"start":{"line":173,"column":8},"end":{"line":173,"column":8}}]},"27":{"line":183,"type":"if","locations":[{"start":{"line":183,"column":92},"end":{"line":183,"column":92}},{"start":{"line":183,"column":92},"end":{"line":183,"column":92}}]},"28":{"line":184,"type":"if","locations":[{"start":{"line":184,"column":8},"end":{"line":184,"column":8}},{"start":{"line":184,"column":8},"end":{"line":184,"column":8}}]},"29":{"line":242,"type":"if","locations":[{"start":{"line":242,"column":12},"end":{"line":242,"column":12}},{"start":{"line":242,"column":12},"end":{"line":242,"column":12}}]},"30":{"line":254,"type":"if","locations":[{"start":{"line":254,"column":8},"end":{"line":254,"column":8}},{"start":{"line":254,"column":8},"end":{"line":254,"column":8}}]}}},
"contracts/compliance/modular/modules/AbstractModule.sol":{"l":{"75":0,"76":0,"83":81,"84":54,"91":43,"92":43,"93":43,"94":43,"95":43,"102":1,"103":1,"104":1,"105":1,"112":2},"path":"/Users/kevin.thizy/Documents/Missions/Tokeny/T-REX/T-REX/contracts/compliance/modular/modules/AbstractModule.sol","s":{"1":0,"2":81,"3":43,"4":43,"5":43,"6":43,"7":1,"8":1,"9":1,"10":2},"b":{"1":[0,0],"2":[54,27],"3":[43,0],"4":[43,0],"5":[43,0],"6":[1,1],"7":[1,0],"8":[1,0]},"f":{"1":0,"2":81,"3":43,"4":1,"5":2},"fnMap":{"1":{"name":"onlyBoundCompliance","line":74,"loc":{"start":{"line":74,"column":4},"end":{"line":77,"column":4}}},"2":{"name":"onlyComplianceCall","line":82,"loc":{"start":{"line":82,"column":4},"end":{"line":85,"column":4}}},"3":{"name":"bindCompliance","line":90,"loc":{"start":{"line":90,"column":4},"end":{"line":96,"column":4}}},"4":{"name":"unbindCompliance","line":101,"loc":{"start":{"line":101,"column":4},"end":{"line":106,"column":4}}},"5":{"name":"isComplianceBound","line":111,"loc":{"start":{"line":111,"column":4},"end":{"line":113,"column":4}}}},"statementMap":{"1":{"start":{"line":75,"column":8},"end":{"line":75,"column":69}},"2":{"start":{"line":83,"column":8},"end":{"line":83,"column":78}},"3":{"start":{"line":91,"column":8},"end":{"line":91,"column":76}},"4":{"start":{"line":92,"column":8},"end":{"line":92,"column":74}},"5":{"start":{"line":93,"column":8},"end":{"line":93,"column":78}},"6":{"start":{"line":95,"column":8},"end":{"line":95,"column":41}},"7":{"start":{"line":102,"column":8},"end":{"line":102,"column":76}},"8":{"start":{"line":103,"column":8},"end":{"line":103,"column":78}},"9":{"start":{"line":105,"column":8},"end":{"line":105,"column":43}},"10":{"start":{"line":112,"column":8},"end":{"line":112,"column":44}}},"branchMap":{"1":{"line":75,"type":"if","locations":[{"start":{"line":75,"column":8},"end":{"line":75,"column":8}},{"start":{"line":75,"column":8},"end":{"line":75,"column":8}}]},"2":{"line":83,"type":"if","locations":[{"start":{"line":83,"column":8},"end":{"line":83,"column":8}},{"start":{"line":83,"column":8},"end":{"line":83,"column":8}}]},"3":{"line":91,"type":"if","locations":[{"start":{"line":91,"column":8},"end":{"line":91,"column":8}},{"start":{"line":91,"column":8},"end":{"line":91,"column":8}}]},"4":{"line":92,"type":"if","locations":[{"start":{"line":92,"column":8},"end":{"line":92,"column":8}},{"start":{"line":92,"column":8},"end":{"line":92,"column":8}}]},"5":{"line":93,"type":"if","locations":[{"start":{"line":93,"column":8},"end":{"line":93,"column":8}},{"start":{"line":93,"column":8},"end":{"line":93,"column":8}}]},"6":{"line":101,"type":"if","locations":[{"start":{"line":101,"column":60},"end":{"line":101,"column":60}},{"start":{"line":101,"column":60},"end":{"line":101,"column":60}}]},"7":{"line":102,"type":"if","locations":[{"start":{"line":102,"column":8},"end":{"line":102,"column":8}},{"start":{"line":102,"column":8},"end":{"line":102,"column":8}}]},"8":{"line":103,"type":"if","locations":[{"start":{"line":103,"column":8},"end":{"line":103,"column":8}},{"start":{"line":103,"column":8},"end":{"line":103,"column":8}}]}}},
"contracts/compliance/modular/modules/ConditionalTransferModule.sol":{"l":{"110":4,"111":4,"129":2,"130":2,"144":2,"145":2,"146":1,"147":1,"175":2,"176":2,"189":4,"190":4,"191":4,"205":2,"206":2,"207":1,"208":1,"219":5,"220":2,"222":3,"232":1,"249":14,"250":14},"path":"/Users/kevin.thizy/Documents/Missions/Tokeny/T-REX/T-REX/contracts/compliance/modular/modules/ConditionalTransferModule.sol","s":{"1":4,"2":4,"3":2,"4":2,"5":2,"6":2,"7":1,"8":2,"9":2,"10":4,"11":4,"12":2,"13":2,"14":1,"15":5,"16":2,"17":3,"18":1,"19":14,"20":14},"b":{"1":[4,1],"2":[2,1],"3":[2,1],"4":[1,1],"5":[1,1],"6":[1,1],"7":[4,1],"8":[2,1],"9":[1,1],"10":[2,3]},"f":{"1":4,"2":2,"3":2,"4":1,"5":1,"6":2,"7":4,"8":2,"9":5,"10":1,"11":14},"fnMap":{"1":{"name":"batchApproveTransfers","line":109,"loc":{"start":{"line":108,"column":4},"end":{"line":113,"column":4}}},"2":{"name":"batchUnApproveTransfers","line":128,"loc":{"start":{"line":127,"column":4},"end":{"line":132,"column":4}}},"3":{"name":"moduleTransferAction","line":143,"loc":{"start":{"line":139,"column":4},"end":{"line":149,"column":4}}},"4":{"name":"moduleMintAction","line":156,"loc":{"start":{"line":156,"column":4},"end":{"line":156,"column":97}}},"5":{"name":"moduleBurnAction","line":163,"loc":{"start":{"line":163,"column":4},"end":{"line":163,"column":99}}},"6":{"name":"moduleCheck","line":169,"loc":{"start":{"line":169,"column":4},"end":{"line":177,"column":4}}},"7":{"name":"approveTransfer","line":188,"loc":{"start":{"line":188,"column":4},"end":{"line":192,"column":4}}},"8":{"name":"unApproveTransfer","line":204,"loc":{"start":{"line":204,"column":4},"end":{"line":210,"column":4}}},"9":{"name":"isTransferApproved","line":218,"loc":{"start":{"line":218,"column":4},"end":{"line":223,"column":4}}},"10":{"name":"getTransferApprovals","line":231,"loc":{"start":{"line":231,"column":4},"end":{"line":233,"column":4}}},"11":{"name":"calculateTransferHash","line":243,"loc":{"start":{"line":243,"column":4},"end":{"line":251,"column":4}}}},"statementMap":{"1":{"start":{"line":110,"column":8},"end":{"line":110,"column":6050}},"2":{"start":{"line":111,"column":12},"end":{"line":111,"column":56}},"3":{"start":{"line":129,"column":8},"end":{"line":129,"column":7052}},"4":{"start":{"line":130,"column":12},"end":{"line":130,"column":58}},"5":{"start":{"line":144,"column":8},"end":{"line":144,"column":120}},"6":{"start":{"line":145,"column":8},"end":{"line":145,"column":7710}},"7":{"start":{"line":147,"column":12},"end":{"line":147,"column":100}},"8":{"start":{"line":175,"column":8},"end":{"line":175,"column":121}},"9":{"start":{"line":176,"column":8},"end":{"line":176,"column":60}},"10":{"start":{"line":189,"column":8},"end":{"line":189,"column":121}},"11":{"start":{"line":191,"column":8},"end":{"line":191,"column":98}},"12":{"start":{"line":205,"column":8},"end":{"line":205,"column":121}},"13":{"start":{"line":206,"column":8},"end":{"line":206,"column":80}},"14":{"start":{"line":208,"column":8},"end":{"line":208,"column":97}},"15":{"start":{"line":219,"column":8},"end":{"line":219,"column":11071}},"16":{"start":{"line":220,"column":12},"end":{"line":220,"column":23}},"17":{"start":{"line":222,"column":8},"end":{"line":222,"column":20}},"18":{"start":{"line":232,"column":8},"end":{"line":232,"column":63}},"19":{"start":{"line":249,"column":8},"end":{"line":249,"column":81}},"20":{"start":{"line":250,"column":8},"end":{"line":250,"column":27}}},"branchMap":{"1":{"line":109,"type":"if","locations":[{"start":{"line":109,"column":13},"end":{"line":109,"column":13}},{"start":{"line":109,"column":13},"end":{"line":109,"column":13}}]},"2":{"line":128,"type":"if","locations":[{"start":{"line":128,"column":13},"end":{"line":128,"column":13}},{"start":{"line":128,"column":13},"end":{"line":128,"column":13}}]},"3":{"line":143,"type":"if","locations":[{"start":{"line":143,"column":22},"end":{"line":143,"column":22}},{"start":{"line":143,"column":22},"end":{"line":143,"column":22}}]},"4":{"line":145,"type":"if","locations":[{"start":{"line":145,"column":8},"end":{"line":145,"column":8}},{"start":{"line":145,"column":8},"end":{"line":145,"column":8}}]},"5":{"line":156,"type":"if","locations":[{"start":{"line":156,"column":77},"end":{"line":156,"column":77}},{"start":{"line":156,"column":77},"end":{"line":156,"column":77}}]},"6":{"line":163,"type":"if","locations":[{"start":{"line":163,"column":79},"end":{"line":163,"column":79}},{"start":{"line":163,"column":79},"end":{"line":163,"column":79}}]},"7":{"line":188,"type":"if","locations":[{"start":{"line":188,"column":78},"end":{"line":188,"column":78}},{"start":{"line":188,"column":78},"end":{"line":188,"column":78}}]},"8":{"line":204,"type":"if","locations":[{"start":{"line":204,"column":80},"end":{"line":204,"column":80}},{"start":{"line":204,"column":80},"end":{"line":204,"column":80}}]},"9":{"line":206,"type":"if","locations":[{"start":{"line":206,"column":8},"end":{"line":206,"column":8}},{"start":{"line":206,"column":8},"end":{"line":206,"column":8}}]},"10":{"line":219,"type":"if","locations":[{"start":{"line":219,"column":8},"end":{"line":219,"column":8}},{"start":{"line":219,"column":8},"end":{"line":219,"column":8}}]}}},
"contracts/compliance/modular/modules/CountryAllowModule.sol":{"l":{"104":4,"105":8,"106":8,"119":1,"120":2,"121":2,"133":4,"134":3,"135":3,"147":2,"148":1,"149":1,"185":7,"186":7,"194":13,"205":7},"path":"/Users/kevin.thizy/Documents/Missions/Tokeny/T-REX/T-REX/contracts/compliance/modular/modules/CountryAllowModule.sol","s":{"1":4,"2":8,"3":1,"4":2,"5":4,"6":3,"7":2,"8":1,"9":7,"10":7,"11":13,"12":7},"b":{"1":[4,2],"2":[1,2],"3":[4,2],"4":[1,3],"5":[2,2],"6":[1,1],"7":[3,0],"8":[2,0],"9":[2,0]},"f":{"1":4,"2":1,"3":4,"4":2,"5":3,"6":2,"7":2,"8":7,"9":13,"10":7},"fnMap":{"1":{"name":"batchAllowCountries","line":103,"loc":{"start":{"line":103,"column":4},"end":{"line":108,"column":4}}},"2":{"name":"batchDisallowCountries","line":118,"loc":{"start":{"line":118,"column":4},"end":{"line":123,"column":4}}},"3":{"name":"addAllowedCountry","line":132,"loc":{"start":{"line":132,"column":4},"end":{"line":136,"column":4}}},"4":{"name":"removeAllowedCountry","line":146,"loc":{"start":{"line":146,"column":4},"end":{"line":150,"column":4}}},"5":{"name":"moduleTransferAction","line":157,"loc":{"start":{"line":157,"column":4},"end":{"line":157,"column":116}}},"6":{"name":"moduleMintAction","line":164,"loc":{"start":{"line":164,"column":4},"end":{"line":164,"column":97}}},"7":{"name":"moduleBurnAction","line":171,"loc":{"start":{"line":171,"column":4},"end":{"line":171,"column":99}}},"8":{"name":"moduleCheck","line":179,"loc":{"start":{"line":179,"column":4},"end":{"line":187,"column":4}}},"9":{"name":"isCountryAllowed","line":193,"loc":{"start":{"line":193,"column":4},"end":{"line":195,"column":4}}},"10":{"name":"_getCountry","line":204,"loc":{"start":{"line":204,"column":4},"end":{"line":206,"column":4}}}},"statementMap":{"1":{"start":{"line":104,"column":8},"end":{"line":104,"column":5548}},"2":{"start":{"line":106,"column":12},"end":{"line":106,"column":58}},"3":{"start":{"line":119,"column":8},"end":{"line":119,"column":6360}},"4":{"start":{"line":121,"column":12},"end":{"line":121,"column":60}},"5":{"start":{"line":133,"column":8},"end":{"line":133,"column":113}},"6":{"start":{"line":135,"column":8},"end":{"line":135,"column":49}},"7":{"start":{"line":147,"column":8},"end":{"line":147,"column":110}},"8":{"start":{"line":149,"column":8},"end":{"line":149,"column":51}},"9":{"start":{"line":185,"column":8},"end":{"line":185,"column":62}},"10":{"start":{"line":186,"column":8},"end":{"line":186,"column":61}},"11":{"start":{"line":194,"column":8},"end":{"line":194,"column":55}},"12":{"start":{"line":205,"column":8},"end":{"line":205,"column":119}}},"branchMap":{"1":{"line":103,"type":"if","locations":[{"start":{"line":103,"column":72},"end":{"line":103,"column":72}},{"start":{"line":103,"column":72},"end":{"line":103,"column":72}}]},"2":{"line":118,"type":"if","locations":[{"start":{"line":118,"column":75},"end":{"line":118,"column":75}},{"start":{"line":118,"column":75},"end":{"line":118,"column":75}}]},"3":{"line":132,"type":"if","locations":[{"start":{"line":132,"column":57},"end":{"line":132,"column":57}},{"start":{"line":132,"column":57},"end":{"line":132,"column":57}}]},"4":{"line":133,"type":"if","locations":[{"start":{"line":133,"column":8},"end":{"line":133,"column":8}},{"start":{"line":133,"column":8},"end":{"line":133,"column":8}}]},"5":{"line":146,"type":"if","locations":[{"start":{"line":146,"column":60},"end":{"line":146,"column":60}},{"start":{"line":146,"column":60},"end":{"line":146,"column":60}}]},"6":{"line":147,"type":"if","locations":[{"start":{"line":147,"column":8},"end":{"line":147,"column":8}},{"start":{"line":147,"column":8},"end":{"line":147,"column":8}}]},"7":{"line":157,"type":"if","locations":[{"start":{"line":157,"column":96},"end":{"line":157,"column":96}},{"start":{"line":157,"column":96},"end":{"line":157,"column":96}}]},"8":{"line":164,"type":"if","locations":[{"start":{"line":164,"column":77},"end":{"line":164,"column":77}},{"start":{"line":164,"column":77},"end":{"line":164,"column":77}}]},"9":{"line":171,"type":"if","locations":[{"start":{"line":171,"column":79},"end":{"line":171,"column":79}},{"start":{"line":171,"column":79},"end":{"line":171,"column":79}}]}}},
"contracts/compliance/modular/modules/CountryRestrictModule.sol":{"l":{"95":5,"96":4,"97":4,"109":2,"110":1,"111":1,"124":6,"125":5,"126":10,"127":9,"128":9,"142":3,"143":2,"144":3,"145":2,"146":2,"183":2,"184":2,"185":1,"187":1,"196":8,"207":2},"path":"/Users/kevin.thizy/Documents/Missions/Tokeny/T-REX/T-REX/contracts/compliance/modular/modules/CountryRestrictModule.sol","s":{"1":5,"2":4,"3":2,"4":1,"5":6,"6":5,"7":10,"8":9,"9":3,"10":2,"11":3,"12":2,"13":2,"14":2,"15":1,"16":1,"17":8,"18":2},"b":{"1":[5,2],"2":[4,1],"3":[2,2],"4":[1,1],"5":[6,2],"6":[5,1],"7":[9,1],"8":[3,2],"9":[2,1],"10":[2,1],"11":[1,1],"12":[1,1],"13":[1,1],"14":[1,1]},"f":{"1":5,"2":2,"3":6,"4":3,"5":1,"6":1,"7":1,"8":2,"9":8,"10":2},"fnMap":{"1":{"name":"addCountryRestriction","line":94,"loc":{"start":{"line":94,"column":4},"end":{"line":98,"column":4}}},"2":{"name":"removeCountryRestriction","line":108,"loc":{"start":{"line":108,"column":4},"end":{"line":112,"column":4}}},"3":{"name":"batchRestrictCountries","line":123,"loc":{"start":{"line":123,"column":4},"end":{"line":130,"column":4}}},"4":{"name":"batchUnrestrictCountries","line":141,"loc":{"start":{"line":141,"column":4},"end":{"line":148,"column":4}}},"5":{"name":"moduleTransferAction","line":155,"loc":{"start":{"line":155,"column":4},"end":{"line":155,"column":116}}},"6":{"name":"moduleMintAction","line":162,"loc":{"start":{"line":162,"column":4},"end":{"line":162,"column":97}}},"7":{"name":"moduleBurnAction","line":169,"loc":{"start":{"line":169,"column":4},"end":{"line":169,"column":99}}},"8":{"name":"moduleCheck","line":177,"loc":{"start":{"line":177,"column":4},"end":{"line":188,"column":4}}},"9":{"name":"isCountryRestricted","line":194,"loc":{"start":{"line":194,"column":4},"end":{"line":197,"column":4}}},"10":{"name":"_getCountry","line":206,"loc":{"start":{"line":206,"column":4},"end":{"line":208,"column":4}}}},"statementMap":{"1":{"start":{"line":95,"column":8},"end":{"line":95,"column":99}},"2":{"start":{"line":97,"column":8},"end":{"line":97,"column":57}},"3":{"start":{"line":109,"column":8},"end":{"line":109,"column":94}},"4":{"start":{"line":111,"column":8},"end":{"line":111,"column":59}},"5":{"start":{"line":124,"column":8},"end":{"line":124,"column":85}},"6":{"start":{"line":125,"column":8},"end":{"line":125,"column":7123}},"7":{"start":{"line":126,"column":12},"end":{"line":126,"column":108}},"8":{"start":{"line":128,"column":12},"end":{"line":128,"column":66}},"9":{"start":{"line":142,"column":8},"end":{"line":142,"column":87}},"10":{"start":{"line":143,"column":8},"end":{"line":143,"column":8236}},"11":{"start":{"line":144,"column":12},"end":{"line":144,"column":103}},"12":{"start":{"line":146,"column":12},"end":{"line":146,"column":68}},"13":{"start":{"line":183,"column":8},"end":{"line":183,"column":62}},"14":{"start":{"line":184,"column":8},"end":{"line":184,"column":9899}},"15":{"start":{"line":185,"column":12},"end":{"line":185,"column":24}},"16":{"start":{"line":187,"column":8},"end":{"line":187,"column":19}},"17":{"start":{"line":196,"column":8},"end":{"line":196,"column":62}},"18":{"start":{"line":207,"column":8},"end":{"line":207,"column":119}}},"branchMap":{"1":{"line":94,"type":"if","locations":[{"start":{"line":94,"column":61},"end":{"line":94,"column":61}},{"start":{"line":94,"column":61},"end":{"line":94,"column":61}}]},"2":{"line":95,"type":"if","locations":[{"start":{"line":95,"column":8},"end":{"line":95,"column":8}},{"start":{"line":95,"column":8},"end":{"line":95,"column":8}}]},"3":{"line":108,"type":"if","locations":[{"start":{"line":108,"column":64},"end":{"line":108,"column":64}},{"start":{"line":108,"column":64},"end":{"line":108,"column":64}}]},"4":{"line":109,"type":"if","locations":[{"start":{"line":109,"column":8},"end":{"line":109,"column":8}},{"start":{"line":109,"column":8},"end":{"line":109,"column":8}}]},"5":{"line":123,"type":"if","locations":[{"start":{"line":123,"column":75},"end":{"line":123,"column":75}},{"start":{"line":123,"column":75},"end":{"line":123,"column":75}}]},"6":{"line":124,"type":"if","locations":[{"start":{"line":124,"column":8},"end":{"line":124,"column":8}},{"start":{"line":124,"column":8},"end":{"line":124,"column":8}}]},"7":{"line":126,"type":"if","locations":[{"start":{"line":126,"column":12},"end":{"line":126,"column":12}},{"start":{"line":126,"column":12},"end":{"line":126,"column":12}}]},"8":{"line":141,"type":"if","locations":[{"start":{"line":141,"column":77},"end":{"line":141,"column":77}},{"start":{"line":141,"column":77},"end":{"line":141,"column":77}}]},"9":{"line":142,"type":"if","locations":[{"start":{"line":142,"column":8},"end":{"line":142,"column":8}},{"start":{"line":142,"column":8},"end":{"line":142,"column":8}}]},"10":{"line":144,"type":"if","locations":[{"start":{"line":144,"column":12},"end":{"line":144,"column":12}},{"start":{"line":144,"column":12},"end":{"line":144,"column":12}}]},"11":{"line":155,"type":"if","locations":[{"start":{"line":155,"column":96},"end":{"line":155,"column":96}},{"start":{"line":155,"column":96},"end":{"line":155,"column":96}}]},"12":{"line":162,"type":"if","locations":[{"start":{"line":162,"column":77},"end":{"line":162,"column":77}},{"start":{"line":162,"column":77},"end":{"line":162,"column":77}}]},"13":{"line":169,"type":"if","locations":[{"start":{"line":169,"column":79},"end":{"line":169,"column":79}},{"start":{"line":169,"column":79},"end":{"line":169,"column":79}}]},"14":{"line":184,"type":"if","locations":[{"start":{"line":184,"column":8},"end":{"line":184,"column":8}},{"start":{"line":184,"column":8},"end":{"line":184,"column":8}}]}}},
"contracts/compliance/modular/modules/IModule.sol":{"l":{},"path":"/Users/kevin.thizy/Documents/Missions/Tokeny/T-REX/T-REX/contracts/compliance/modular/modules/IModule.sol","s":{},"b":{},"f":{},"fnMap":{},"statementMap":{},"branchMap":{}},
"contracts/DVD/DVDTransferManager.sol":{"l":{"155":3,"185":12,"190":11,"194":11,"200":5,"201":4,"203":4,"204":3,"206":3,"207":3,"208":3,"209":3,"210":3,"211":3,"212":3,"213":3,"214":3,"215":3,"216":3,"217":3,"218":3,"219":3,"220":3,"221":3,"222":3,"223":3,"246":7,"247":6,"250":5,"251":4,"252":3,"253":3,"254":3,"255":3,"256":3,"257":3,"258":3,"259":3,"260":3,"269":3,"270":3,"271":3,"279":3,"306":6,"307":6,"308":6,"311":3,"312":3,"313":3,"318":2,"321":2,"324":2,"325":2,"326":1,"327":1,"329":2,"330":1,"332":2,"333":1,"334":1,"336":2,"337":1,"339":2,"340":2,"341":2,"356":10,"357":10,"358":10,"359":5,"366":4,"367":4,"368":4,"381":11,"382":5,"383":4,"385":1,"388":6,"400":6,"401":2,"403":4,"414":4,"415":2,"417":2,"429":2,"430":2,"431":2,"432":2,"435":2,"436":2,"437":2,"438":1,"440":1,"442":1,"443":1,"444":1,"445":1,"446":1,"449":1,"450":1,"451":1,"452":1,"453":1,"464":8,"465":8,"488":3,"491":3},"path":"/Users/kevin.thizy/Documents/Missions/Tokeny/T-REX/T-REX/contracts/DVD/DVDTransferManager.sol","s":{"1":12,"2":11,"3":11,"4":5,"5":4,"6":4,"7":3,"8":3,"9":3,"10":3,"11":3,"12":3,"13":3,"14":7,"15":6,"16":5,"17":4,"18":3,"19":3,"20":3,"21":3,"22":6,"23":6,"24":6,"25":3,"26":3,"27":3,"28":2,"29":2,"30":2,"31":2,"32":1,"33":1,"34":2,"35":1,"36":2,"37":1,"38":1,"39":2,"40":1,"41":2,"42":10,"43":10,"44":10,"45":5,"46":4,"47":11,"48":5,"49":4,"50":1,"51":6,"52":6,"53":2,"54":4,"55":4,"56":2,"57":2,"58":2,"59":2,"60":2,"61":2,"62":2,"63":2,"64":2,"65":1,"66":1,"67":1,"68":1,"69":8,"70":8,"71":3,"72":3},"b":{"1":[11,1],"2":[11,0],"3":[0,0],"4":[11,0],"5":[5,6],"6":[4,1],"7":[3,1],"8":[3,1],"9":[2,1],"10":[6,1],"11":[5,1],"12":[4,1],"13":[3,1],"14":[3,3],"15":[2,1],"16":[2,0],"17":[0,0],"18":[2,0],"19":[2,0],"20":[1,1],"21":[1,1],"22":[1,1],"23":[1,1],"24":[5,5],"25":[4,1],"26":[1,1],"27":[1,2],"28":[2,0],"29":[0,0],"30":[4,1],"31":[2,4],"32":[2,2],"33":[2,0],"34":[1,1],"35":[1,0]},"f":{"1":3,"2":12,"3":7,"4":6,"5":10,"6":11,"7":6,"8":4,"9":2,"10":8,"11":3},"fnMap":{"1":{"name":"constructor","line":154,"loc":{"start":{"line":154,"column":4},"end":{"line":156,"column":4}}},"2":{"name":"modifyFee","line":177,"loc":{"start":{"line":177,"column":4},"end":{"line":224,"column":4}}},"3":{"name":"initiateDVDTransfer","line":240,"loc":{"start":{"line":240,"column":4},"end":{"line":280,"column":4}}},"4":{"name":"takeDVDTransfer","line":305,"loc":{"start":{"line":305,"column":4},"end":{"line":342,"column":4}}},"5":{"name":"cancelDVDTransfer","line":355,"loc":{"start":{"line":355,"column":4},"end":{"line":369,"column":4}}},"6":{"name":"isTREX","line":380,"loc":{"start":{"line":380,"column":4},"end":{"line":390,"column":4}}},"7":{"name":"isTREXAgent","line":399,"loc":{"start":{"line":399,"column":4},"end":{"line":404,"column":4}}},"8":{"name":"isTREXOwner","line":413,"loc":{"start":{"line":413,"column":4},"end":{"line":418,"column":4}}},"9":{"name":"calculateFee","line":428,"loc":{"start":{"line":428,"column":4},"end":{"line":455,"column":4}}},"10":{"name":"calculateParity","line":463,"loc":{"start":{"line":463,"column":4},"end":{"line":466,"column":4}}},"11":{"name":"calculateTransferID","line":479,"loc":{"start":{"line":479,"column":4},"end":{"line":492,"column":4}}}},"statementMap":{"1":{"start":{"line":185,"column":8},"end":{"line":185,"column":7938}},"2":{"start":{"line":190,"column":8},"end":{"line":190,"column":8145}},"3":{"start":{"line":194,"column":8},"end":{"line":194,"column":8298}},"4":{"start":{"line":200,"column":8},"end":{"line":200,"column":8483}},"5":{"start":{"line":201,"column":12},"end":{"line":201,"column":84}},"6":{"start":{"line":203,"column":8},"end":{"line":203,"column":8605}},"7":{"start":{"line":204,"column":12},"end":{"line":204,"column":84}},"8":{"start":{"line":206,"column":8},"end":{"line":206,"column":59}},"9":{"start":{"line":207,"column":8},"end":{"line":207,"column":28}},"10":{"start":{"line":214,"column":8},"end":{"line":214,"column":101}},"11":{"start":{"line":215,"column":8},"end":{"line":215,"column":66}},"12":{"start":{"line":216,"column":8},"end":{"line":216,"column":35}},"13":{"start":{"line":223,"column":8},"end":{"line":223,"column":108}},"14":{"start":{"line":246,"column":8},"end":{"line":246,"column":102}},"15":{"start":{"line":247,"column":8},"end":{"line":247,"column":11057}},"16":{"start":{"line":250,"column":8},"end":{"line":250,"column":73}},"17":{"start":{"line":251,"column":8},"end":{"line":251,"column":95}},"18":{"start":{"line":252,"column":8},"end":{"line":252,"column":30}},"19":{"start":{"line":256,"column":8},"end":{"line":256,"column":30}},"20":{"start":{"line":260,"column":8},"end":{"line":260,"column":11653}},"21":{"start":{"line":271,"column":8},"end":{"line":271,"column":12023}},"22":{"start":{"line":306,"column":8},"end":{"line":306,"column":61}},"23":{"start":{"line":307,"column":8},"end":{"line":307,"column":61}},"24":{"start":{"line":308,"column":8},"end":{"line":308,"column":14206}},"25":{"start":{"line":311,"column":8},"end":{"line":311,"column":52}},"26":{"start":{"line":312,"column":8},"end":{"line":312,"column":52}},"27":{"start":{"line":313,"column":8},"end":{"line":313,"column":14485}},"28":{"start":{"line":318,"column":8},"end":{"line":318,"column":14701}},"29":{"start":{"line":321,"column":8},"end":{"line":321,"column":14843}},"30":{"start":{"line":324,"column":8},"end":{"line":324,"column":54}},"31":{"start":{"line":325,"column":8},"end":{"line":325,"column":15016}},"32":{"start":{"line":326,"column":12},"end":{"line":326,"column":109}},"33":{"start":{"line":327,"column":12},"end":{"line":327,"column":88}},"34":{"start":{"line":329,"column":8},"end":{"line":329,"column":15261}},"35":{"start":{"line":330,"column":12},"end":{"line":330,"column":93}},"36":{"start":{"line":332,"column":8},"end":{"line":332,"column":15399}},"37":{"start":{"line":333,"column":12},"end":{"line":333,"column":109}},"38":{"start":{"line":334,"column":12},"end":{"line":334,"column":88}},"39":{"start":{"line":336,"column":8},"end":{"line":336,"column":15644}},"40":{"start":{"line":337,"column":12},"end":{"line":337,"column":93}},"41":{"start":{"line":341,"column":8},"end":{"line":341,"column":45}},"42":{"start":{"line":356,"column":8},"end":{"line":356,"column":61}},"43":{"start":{"line":357,"column":8},"end":{"line":357,"column":61}},"44":{"start":{"line":358,"column":8},"end":{"line":358,"column":114}},"45":{"start":{"line":359,"column":8},"end":{"line":359,"column":17011}},"46":{"start":{"line":368,"column":8},"end":{"line":368,"column":46}},"47":{"start":{"line":381,"column":8},"end":{"line":381,"column":17962}},"48":{"start":{"line":382,"column":12},"end":{"line":382,"column":18050}},"49":{"start":{"line":383,"column":16},"end":{"line":383,"column":27}},"50":{"start":{"line":385,"column":8},"end":{"line":385,"column":20}},"51":{"start":{"line":388,"column":12},"end":{"line":388,"column":24}},"52":{"start":{"line":400,"column":8},"end":{"line":400,"column":18654}},"53":{"start":{"line":401,"column":12},"end":{"line":401,"column":51}},"54":{"start":{"line":403,"column":8},"end":{"line":403,"column":20}},"55":{"start":{"line":414,"column":8},"end":{"line":414,"column":19207}},"56":{"start":{"line":415,"column":12},"end":{"line":415,"column":51}},"57":{"start":{"line":417,"column":8},"end":{"line":417,"column":20}},"58":{"start":{"line":429,"column":8},"end":{"line":429,"column":26}},"59":{"start":{"line":430,"column":8},"end":{"line":430,"column":61}},"60":{"start":{"line":431,"column":8},"end":{"line":431,"column":61}},"61":{"start":{"line":432,"column":8},"end":{"line":432,"column":20078}},"62":{"start":{"line":435,"column":8},"end":{"line":435,"column":68}},"63":{"start":{"line":436,"column":8},"end":{"line":436,"column":43}},"64":{"start":{"line":437,"column":8},"end":{"line":437,"column":20302}},"65":{"start":{"line":438,"column":12},"end":{"line":438,"column":20476}},"66":{"start":{"line":440,"column":12},"end":{"line":440,"column":20613}},"67":{"start":{"line":446,"column":12},"end":{"line":446,"column":23}},"68":{"start":{"line":453,"column":12},"end":{"line":453,"column":23}},"69":{"start":{"line":464,"column":8},"end":{"line":464,"column":64}},"70":{"start":{"line":465,"column":8},"end":{"line":465,"column":21}},"71":{"start":{"line":488,"column":8},"end":{"line":488,"column":22459}},"72":{"start":{"line":491,"column":8},"end":{"line":491,"column":25}}},"branchMap":{"1":{"line":185,"type":"if","locations":[{"start":{"line":185,"column":8},"end":{"line":185,"column":8}},{"start":{"line":185,"column":8},"end":{"line":185,"column":8}}]},"2":{"line":186,"type":"cond-expr","locations":[{"start":{"line":186,"column":12},"end":{"line":186,"column":32}},{"start":{"line":187,"column":12},"end":{"line":187,"column":43}}]},"3":{"line":186,"type":"cond-expr","locations":[{"start":{"line":186,"column":12},"end":{"line":187,"column":43}},{"start":{"line":188,"column":12},"end":{"line":188,"column":43}}]},"4":{"line":190,"type":"if","locations":[{"start":{"line":190,"column":8},"end":{"line":190,"column":8}},{"start":{"line":190,"column":8},"end":{"line":190,"column":8}}]},"5":{"line":194,"type":"if","locations":[{"start":{"line":194,"column":8},"end":{"line":194,"column":8}},{"start":{"line":194,"column":8},"end":{"line":194,"column":8}}]},"6":{"line":200,"type":"if","locations":[{"start":{"line":200,"column":8},"end":{"line":200,"column":8}},{"start":{"line":200,"column":8},"end":{"line":200,"column":8}}]},"7":{"line":201,"type":"if","locations":[{"start":{"line":201,"column":12},"end":{"line":201,"column":12}},{"start":{"line":201,"column":12},"end":{"line":201,"column":12}}]},"8":{"line":203,"type":"if","locations":[{"start":{"line":203,"column":8},"end":{"line":203,"column":8}},{"start":{"line":203,"column":8},"end":{"line":203,"column":8}}]},"9":{"line":204,"type":"if","locations":[{"start":{"line":204,"column":12},"end":{"line":204,"column":12}},{"start":{"line":204,"column":12},"end":{"line":204,"column":12}}]},"10":{"line":246,"type":"if","locations":[{"start":{"line":246,"column":8},"end":{"line":246,"column":8}},{"start":{"line":246,"column":8},"end":{"line":246,"column":8}}]},"11":{"line":247,"type":"if","locations":[{"start":{"line":247,"column":8},"end":{"line":247,"column":8}},{"start":{"line":247,"column":8},"end":{"line":247,"column":8}}]},"12":{"line":250,"type":"if","locations":[{"start":{"line":250,"column":8},"end":{"line":250,"column":8}},{"start":{"line":250,"column":8},"end":{"line":250,"column":8}}]},"13":{"line":251,"type":"if","locations":[{"start":{"line":251,"column":8},"end":{"line":251,"column":8}},{"start":{"line":251,"column":8},"end":{"line":251,"column":8}}]},"14":{"line":308,"type":"if","locations":[{"start":{"line":308,"column":8},"end":{"line":308,"column":8}},{"start":{"line":308,"column":8},"end":{"line":308,"column":8}}]},"15":{"line":313,"type":"if","locations":[{"start":{"line":313,"column":8},"end":{"line":313,"column":8}},{"start":{"line":313,"column":8},"end":{"line":313,"column":8}}]},"16":{"line":314,"type":"cond-expr","locations":[{"start":{"line":314,"column":12},"end":{"line":314,"column":43}},{"start":{"line":315,"column":12},"end":{"line":315,"column":48}}]},"17":{"line":314,"type":"cond-expr","locations":[{"start":{"line":314,"column":12},"end":{"line":315,"column":48}},{"start":{"line":316,"column":12},"end":{"line":316,"column":48}}]},"18":{"line":318,"type":"if","locations":[{"start":{"line":318,"column":8},"end":{"line":318,"column":8}},{"start":{"line":318,"column":8},"end":{"line":318,"column":8}}]},"19":{"line":321,"type":"if","locations":[{"start":{"line":321,"column":8},"end":{"line":321,"column":8}},{"start":{"line":321,"column":8},"end":{"line":321,"column":8}}]},"20":{"line":325,"type":"if","locations":[{"start":{"line":325,"column":8},"end":{"line":325,"column":8}},{"start":{"line":325,"column":8},"end":{"line":325,"column":8}}]},"21":{"line":329,"type":"if","locations":[{"start":{"line":329,"column":8},"end":{"line":329,"column":8}},{"start":{"line":329,"column":8},"end":{"line":329,"column":8}}]},"22":{"line":332,"type":"if","locations":[{"start":{"line":332,"column":8},"end":{"line":332,"column":8}},{"start":{"line":332,"column":8},"end":{"line":332,"column":8}}]},"23":{"line":336,"type":"if","locations":[{"start":{"line":336,"column":8},"end":{"line":336,"column":8}},{"start":{"line":336,"column":8},"end":{"line":336,"column":8}}]},"24":{"line":358,"type":"if","locations":[{"start":{"line":358,"column":8},"end":{"line":358,"column":8}},{"start":{"line":358,"column":8},"end":{"line":358,"column":8}}]},"25":{"line":359,"type":"if","locations":[{"start":{"line":359,"column":8},"end":{"line":359,"column":8}},{"start":{"line":359,"column":8},"end":{"line":359,"column":8}}]},"26":{"line":360,"type":"cond-expr","locations":[{"start":{"line":360,"column":12},"end":{"line":360,"column":43}},{"start":{"line":361,"column":12},"end":{"line":361,"column":43}}]},"27":{"line":360,"type":"cond-expr","locations":[{"start":{"line":360,"column":12},"end":{"line":361,"column":43}},{"start":{"line":362,"column":12},"end":{"line":362,"column":32}}]},"28":{"line":360,"type":"cond-expr","locations":[{"start":{"line":360,"column":12},"end":{"line":362,"column":32}},{"start":{"line":363,"column":12},"end":{"line":363,"column":48}}]},"29":{"line":360,"type":"cond-expr","locations":[{"start":{"line":360,"column":12},"end":{"line":363,"column":48}},{"start":{"line":364,"column":12},"end":{"line":364,"column":48}}]},"30":{"line":382,"type":"if","locations":[{"start":{"line":382,"column":12},"end":{"line":382,"column":12}},{"start":{"line":382,"column":12},"end":{"line":382,"column":12}}]},"31":{"line":400,"type":"if","locations":[{"start":{"line":400,"column":8},"end":{"line":400,"column":8}},{"start":{"line":400,"column":8},"end":{"line":400,"column":8}}]},"32":{"line":414,"type":"if","locations":[{"start":{"line":414,"column":8},"end":{"line":414,"column":8}},{"start":{"line":414,"column":8},"end":{"line":414,"column":8}}]},"33":{"line":432,"type":"if","locations":[{"start":{"line":432,"column":8},"end":{"line":432,"column":8}},{"start":{"line":432,"column":8},"end":{"line":432,"column":8}}]},"34":{"line":437,"type":"if","locations":[{"start":{"line":437,"column":8},"end":{"line":437,"column":8}},{"start":{"line":437,"column":8},"end":{"line":437,"column":8}}]},"35":{"line":437,"type":"cond-expr","locations":[{"start":{"line":437,"column":12},"end":{"line":437,"column":36}},{"start":{"line":437,"column":41},"end":{"line":437,"column":65}}]}}},
"contracts/factory/ITREXFactory.sol":{"l":{},"path":"/Users/kevin.thizy/Documents/Missions/Tokeny/T-REX/T-REX/contracts/factory/ITREXFactory.sol","s":{},"b":{},"f":{},"fnMap":{},"statementMap":{},"branchMap":{}},
"contracts/factory/TREXFactory.sol":{"l":{"90":36,"100":12,"102":11,"104":10,"106":9,"108":8,"110":7,"112":6,"115":5,"116":5,"117":5,"118":5,"119":5,"120":5,"123":0,"125":5,"127":5,"138":5,"139":1,"141":5,"142":1,"144":5,"145":5,"146":5,"147":1,"149":5,"150":1,"152":5,"153":1,"154":1,"156":1,"157":1,"160":5,"161":5,"162":5,"163":5,"164":5,"165":5,"166":5,"173":1,"180":19,"187":1,"194":36,"196":36,"204":36,"205":36,"211":30,"212":30,"214":30,"222":30,"223":30,"232":5,"233":5,"234":5,"235":5,"244":5,"245":5,"246":5,"247":5,"256":5,"257":5,"258":5,"259":5,"268":5,"269":5,"270":5,"271":5,"283":5,"284":5,"291":5,"292":5,"307":5,"308":5,"318":5,"319":5},"path":"/Users/kevin.thizy/Documents/Missions/Tokeny/T-REX/T-REX/contracts/factory/TREXFactory.sol","s":{"1":36,"2":12,"3":11,"4":10,"5":9,"6":8,"7":7,"8":6,"9":5,"10":5,"11":5,"12":5,"13":5,"14":5,"15":5,"16":5,"17":1,"18":5,"19":1,"20":5,"21":5,"22":5,"23":1,"24":5,"25":1,"26":5,"27":1,"28":1,"29":1,"30":1,"31":5,"32":5,"33":5,"34":5,"35":5,"36":5,"37":1,"38":19,"39":1,"40":36,"41":36,"42":36,"43":30,"44":30,"45":30,"46":30,"47":5,"48":5,"49":5,"50":5,"51":5,"52":5,"53":5,"54":5,"55":5,"56":5,"57":5,"58":5,"59":5,"60":5,"61":5,"62":5,"63":5,"64":5,"65":5,"66":5,"67":5,"68":5,"69":5,"70":5},"b":{"1":[12,1],"2":[11,1],"3":[10,1],"4":[9,1],"5":[8,1],"6":[7,1],"7":[6,1],"8":[5,1],"9":[5,0],"10":[1,0],"11":[1,0],"12":[1,1],"13":[36,0],"14":[36,0],"15":[36,0]},"f":{"1":36,"2":12,"3":1,"4":19,"5":1,"6":36,"7":30,"8":5,"9":5,"10":5,"11":5,"12":5,"13":5},"fnMap":{"1":{"name":"constructor","line":89,"loc":{"start":{"line":89,"column":4},"end":{"line":91,"column":4}}},"2":{"name":"deployTREXSuite","line":99,"loc":{"start":{"line":97,"column":4},"end":{"line":167,"column":4}}},"3":{"name":"recoverContractOwnership","line":172,"loc":{"start":{"line":172,"column":4},"end":{"line":174,"column":4}}},"4":{"name":"getImplementationAuthority","line":179,"loc":{"start":{"line":179,"column":4},"end":{"line":181,"column":4}}},"5":{"name":"getToken","line":186,"loc":{"start":{"line":186,"column":4},"end":{"line":188,"column":4}}},"6":{"name":"setImplementationAuthority","line":193,"loc":{"start":{"line":193,"column":4},"end":{"line":206,"column":4}}},"7":{"name":"_deploy","line":210,"loc":{"start":{"line":210,"column":4},"end":{"line":224,"column":4}}},"8":{"name":"_deployTIR","line":227,"loc":{"start":{"line":227,"column":4},"end":{"line":236,"column":4}}},"9":{"name":"_deployCTR","line":239,"loc":{"start":{"line":239,"column":4},"end":{"line":248,"column":4}}},"10":{"name":"_deployMC","line":251,"loc":{"start":{"line":251,"column":4},"end":{"line":260,"column":4}}},"11":{"name":"_deployIRS","line":263,"loc":{"start":{"line":263,"column":4},"end":{"line":272,"column":4}}},"12":{"name":"_deployIR","line":275,"loc":{"start":{"line":275,"column":4},"end":{"line":293,"column":4}}},"13":{"name":"_deployToken","line":296,"loc":{"start":{"line":296,"column":4},"end":{"line":320,"column":4}}}},"statementMap":{"1":{"start":{"line":90,"column":8},"end":{"line":90,"column":59}},"2":{"start":{"line":100,"column":8},"end":{"line":100,"column":5431}},"3":{"start":{"line":102,"column":8},"end":{"line":102,"column":5520}},"4":{"start":{"line":104,"column":8},"end":{"line":104,"column":5654}},"5":{"start":{"line":106,"column":8},"end":{"line":106,"column":5753}},"6":{"start":{"line":108,"column":8},"end":{"line":108,"column":5850}},"7":{"start":{"line":110,"column":8},"end":{"line":110,"column":5996}},"8":{"start":{"line":112,"column":8},"end":{"line":112,"column":6100}},"9":{"start":{"line":115,"column":8},"end":{"line":115,"column":106}},"10":{"start":{"line":116,"column":8},"end":{"line":116,"column":100}},"11":{"start":{"line":117,"column":8},"end":{"line":117,"column":94}},"12":{"start":{"line":118,"column":8},"end":{"line":118,"column":36}},"13":{"start":{"line":119,"column":8},"end":{"line":119,"column":6558}},"14":{"start":{"line":125,"column":8},"end":{"line":125,"column":6824}},"15":{"start":{"line":127,"column":8},"end":{"line":127,"column":6946}},"16":{"start":{"line":138,"column":8},"end":{"line":138,"column":7290}},"17":{"start":{"line":139,"column":12},"end":{"line":139,"column":58}},"18":{"start":{"line":141,"column":8},"end":{"line":141,"column":7436}},"19":{"start":{"line":142,"column":12},"end":{"line":142,"column":104}},"20":{"start":{"line":144,"column":8},"end":{"line":144,"column":44}},"21":{"start":{"line":145,"column":8},"end":{"line":145,"column":54}},"22":{"start":{"line":146,"column":8},"end":{"line":146,"column":7728}},"23":{"start":{"line":147,"column":12},"end":{"line":147,"column":69}},"24":{"start":{"line":149,"column":8},"end":{"line":149,"column":7882}},"25":{"start":{"line":150,"column":12},"end":{"line":150,"column":75}},"26":{"start":{"line":152,"column":8},"end":{"line":152,"column":8045}},"27":{"start":{"line":153,"column":12},"end":{"line":153,"column":8134}},"28":{"start":{"line":154,"column":16},"end":{"line":154,"column":63}},"29":{"start":{"line":156,"column":12},"end":{"line":156,"column":8287}},"30":{"start":{"line":157,"column":16},"end":{"line":157,"column":109}},"31":{"start":{"line":161,"column":8},"end":{"line":161,"column":71}},"32":{"start":{"line":162,"column":8},"end":{"line":162,"column":68}},"33":{"start":{"line":163,"column":8},"end":{"line":163,"column":69}},"34":{"start":{"line":164,"column":8},"end":{"line":164,"column":69}},"35":{"start":{"line":165,"column":8},"end":{"line":165,"column":68}},"36":{"start":{"line":166,"column":8},"end":{"line":166,"column":121}},"37":{"start":{"line":173,"column":8},"end":{"line":173,"column":56}},"38":{"start":{"line":180,"column":8},"end":{"line":180,"column":39}},"39":{"start":{"line":187,"column":8},"end":{"line":187,"column":35}},"40":{"start":{"line":194,"column":8},"end":{"line":194,"column":89}},"41":{"start":{"line":196,"column":8},"end":{"line":196,"column":10058}},"42":{"start":{"line":205,"column":8},"end":{"line":205,"column":65}},"43":{"start":{"line":211,"column":8},"end":{"line":211,"column":70}},"44":{"start":{"line":212,"column":8},"end":{"line":212,"column":20}},"45":{"start":{"line":222,"column":8},"end":{"line":222,"column":27}},"46":{"start":{"line":223,"column":8},"end":{"line":223,"column":19}},"47":{"start":{"line":232,"column":8},"end":{"line":232,"column":75}},"48":{"start":{"line":233,"column":8},"end":{"line":233,"column":74}},"49":{"start":{"line":234,"column":8},"end":{"line":234,"column":71}},"50":{"start":{"line":235,"column":8},"end":{"line":235,"column":39}},"51":{"start":{"line":244,"column":8},"end":{"line":244,"column":72}},"52":{"start":{"line":245,"column":8},"end":{"line":245,"column":74}},"53":{"start":{"line":246,"column":8},"end":{"line":246,"column":71}},"54":{"start":{"line":247,"column":8},"end":{"line":247,"column":39}},"55":{"start":{"line":256,"column":8},"end":{"line":256,"column":70}},"56":{"start":{"line":257,"column":8},"end":{"line":257,"column":74}},"57":{"start":{"line":258,"column":8},"end":{"line":258,"column":71}},"58":{"start":{"line":259,"column":8},"end":{"line":259,"column":39}},"59":{"start":{"line":268,"column":8},"end":{"line":268,"column":76}},"60":{"start":{"line":269,"column":8},"end":{"line":269,"column":74}},"61":{"start":{"line":270,"column":8},"end":{"line":270,"column":71}},"62":{"start":{"line":271,"column":8},"end":{"line":271,"column":39}},"63":{"start":{"line":283,"column":8},"end":{"line":283,"column":69}},"64":{"start":{"line":284,"column":8},"end":{"line":284,"column":13921}},"65":{"start":{"line":291,"column":8},"end":{"line":291,"column":71}},"66":{"start":{"line":292,"column":8},"end":{"line":292,"column":39}},"67":{"start":{"line":307,"column":8},"end":{"line":307,"column":58}},"68":{"start":{"line":308,"column":8},"end":{"line":308,"column":14677}},"69":{"start":{"line":318,"column":8},"end":{"line":318,"column":71}},"70":{"start":{"line":319,"column":8},"end":{"line":319,"column":39}}},"branchMap":{"1":{"line":99,"type":"if","locations":[{"start":{"line":99,"column":22},"end":{"line":99,"column":22}},{"start":{"line":99,"column":22},"end":{"line":99,"column":22}}]},"2":{"line":100,"type":"if","locations":[{"start":{"line":100,"column":8},"end":{"line":100,"column":8}},{"start":{"line":100,"column":8},"end":{"line":100,"column":8}}]},"3":{"line":102,"type":"if","locations":[{"start":{"line":102,"column":8},"end":{"line":102,"column":8}},{"start":{"line":102,"column":8},"end":{"line":102,"column":8}}]},"4":{"line":104,"type":"if","locations":[{"start":{"line":104,"column":8},"end":{"line":104,"column":8}},{"start":{"line":104,"column":8},"end":{"line":104,"column":8}}]},"5":{"line":106,"type":"if","locations":[{"start":{"line":106,"column":8},"end":{"line":106,"column":8}},{"start":{"line":106,"column":8},"end":{"line":106,"column":8}}]},"6":{"line":108,"type":"if","locations":[{"start":{"line":108,"column":8},"end":{"line":108,"column":8}},{"start":{"line":108,"column":8},"end":{"line":108,"column":8}}]},"7":{"line":110,"type":"if","locations":[{"start":{"line":110,"column":8},"end":{"line":110,"column":8}},{"start":{"line":110,"column":8},"end":{"line":110,"column":8}}]},"8":{"line":112,"type":"if","locations":[{"start":{"line":112,"column":8},"end":{"line":112,"column":8}},{"start":{"line":112,"column":8},"end":{"line":112,"column":8}}]},"9":{"line":119,"type":"if","locations":[{"start":{"line":119,"column":8},"end":{"line":119,"column":8}},{"start":{"line":119,"column":8},"end":{"line":119,"column":8}}]},"10":{"line":153,"type":"if","locations":[{"start":{"line":153,"column":12},"end":{"line":153,"column":12}},{"start":{"line":153,"column":12},"end":{"line":153,"column":12}}]},"11":{"line":156,"type":"if","locations":[{"start":{"line":156,"column":12},"end":{"line":156,"column":12}},{"start":{"line":156,"column":12},"end":{"line":156,"column":12}}]},"12":{"line":172,"type":"if","locations":[{"start":{"line":172,"column":94},"end":{"line":172,"column":94}},{"start":{"line":172,"column":94},"end":{"line":172,"column":94}}]},"13":{"line":193,"type":"if","locations":[{"start":{"line":193,"column":90},"end":{"line":193,"column":90}},{"start":{"line":193,"column":90},"end":{"line":193,"column":90}}]},"14":{"line":194,"type":"if","locations":[{"start":{"line":194,"column":8},"end":{"line":194,"column":8}},{"start":{"line":194,"column":8},"end":{"line":194,"column":8}}]},"15":{"line":196,"type":"if","locations":[{"start":{"line":196,"column":8},"end":{"line":196,"column":8}},{"start":{"line":196,"column":8},"end":{"line":196,"column":8}}]}}},
"contracts/proxy/AbstractProxy.sol":{"l":{"74":6,"75":6,"76":6,"84":6,"85":6,"92":1131,"94":1131,"97":1131,"105":96},"path":"/Users/kevin.thizy/Documents/Missions/Tokeny/T-REX/T-REX/contracts/proxy/AbstractProxy.sol","s":{"1":6,"2":6,"3":6,"4":6,"5":6,"6":1131,"7":1131},"b":{"1":[6,0],"2":[6,0],"3":[6,0]},"f":{"1":6,"2":1131,"3":96},"fnMap":{"1":{"name":"setImplementationAuthority","line":73,"loc":{"start":{"line":73,"column":4},"end":{"line":86,"column":4}}},"2":{"name":"getImplementationAuthority","line":91,"loc":{"start":{"line":91,"column":4},"end":{"line":98,"column":4}}},"3":{"name":"_storeImplementationAuthority","line":103,"loc":{"start":{"line":103,"column":4},"end":{"line":108,"column":4}}}},"statementMap":{"1":{"start":{"line":74,"column":8},"end":{"line":74,"column":107}},"2":{"start":{"line":75,"column":8},"end":{"line":75,"column":92}},"3":{"start":{"line":76,"column":8},"end":{"line":76,"column":4453}},"4":{"start":{"line":84,"column":8},"end":{"line":84,"column":65}},"5":{"start":{"line":85,"column":8},"end":{"line":85,"column":68}},"6":{"start":{"line":92,"column":8},"end":{"line":92,"column":26}},"7":{"start":{"line":97,"column":8},"end":{"line":97,"column":25}}},"branchMap":{"1":{"line":74,"type":"if","locations":[{"start":{"line":74,"column":8},"end":{"line":74,"column":8}},{"start":{"line":74,"column":8},"end":{"line":74,"column":8}}]},"2":{"line":75,"type":"if","locations":[{"start":{"line":75,"column":8},"end":{"line":75,"column":8}},{"start":{"line":75,"column":8},"end":{"line":75,"column":8}}]},"3":{"line":76,"type":"if","locations":[{"start":{"line":76,"column":8},"end":{"line":76,"column":8}},{"start":{"line":76,"column":8},"end":{"line":76,"column":8}}]}}},
"contracts/proxy/authority/IAFactory.sol":{"l":{"79":12,"86":1,"87":0,"88":1,"90":1,"91":1,"92":1,"93":1,"94":1,"95":1,"102":1},"path":"/Users/kevin.thizy/Documents/Missions/Tokeny/T-REX/T-REX/contracts/proxy/authority/IAFactory.sol","s":{"1":1,"2":0,"3":1,"4":1,"5":1,"6":1,"7":1,"8":1,"9":1},"b":{"1":[0,1]},"f":{"1":12,"2":1,"3":1},"fnMap":{"1":{"name":"constructor","line":78,"loc":{"start":{"line":78,"column":4},"end":{"line":80,"column":4}}},"2":{"name":"deployIA","line":85,"loc":{"start":{"line":85,"column":4},"end":{"line":96,"column":4}}},"3":{"name":"deployedByFactory","line":101,"loc":{"start":{"line":101,"column":4},"end":{"line":103,"column":4}}}},"statementMap":{"1":{"start":{"line":86,"column":8},"end":{"line":86,"column":4402}},"2":{"start":{"line":87,"column":12},"end":{"line":87,"column":49}},"3":{"start":{"line":88,"column":8},"end":{"line":88,"column":4609}},"4":{"start":{"line":90,"column":8},"end":{"line":90,"column":88}},"5":{"start":{"line":91,"column":8},"end":{"line":91,"column":90}},"6":{"start":{"line":92,"column":8},"end":{"line":92,"column":65}},"7":{"start":{"line":94,"column":8},"end":{"line":94,"column":61}},"8":{"start":{"line":95,"column":8},"end":{"line":95,"column":30}},"9":{"start":{"line":102,"column":8},"end":{"line":102,"column":38}}},"branchMap":{"1":{"line":86,"type":"if","locations":[{"start":{"line":86,"column":8},"end":{"line":86,"column":8}},{"start":{"line":86,"column":8},"end":{"line":86,"column":8}}]}}},
"contracts/proxy/authority/IIAFactory.sol":{"l":{},"path":"/Users/kevin.thizy/Documents/Missions/Tokeny/T-REX/T-REX/contracts/proxy/authority/IIAFactory.sol","s":{},"b":{},"f":{},"fnMap":{},"statementMap":{},"branchMap":{}},
"contracts/proxy/authority/ITREXImplementationAuthority.sol":{"l":{},"path":"/Users/kevin.thizy/Documents/Missions/Tokeny/T-REX/T-REX/contracts/proxy/authority/ITREXImplementationAuthority.sol","s":{},"b":{},"f":{},"fnMap":{},"statementMap":{},"branchMap":{}},
"contracts/proxy/authority/TREXImplementationAuthority.sol":{"l":{"104":31,"105":31,"106":31,"107":31,"108":31,"115":7,"119":6,"120":6,"127":5,"131":5,"132":5,"139":4,"140":3,"147":6,"148":5,"149":1,"151":4,"153":4,"161":7,"162":6,"163":1,"165":5,"166":5,"167":5,"168":5,"169":5,"172":5,"179":1,"182":4,"183":1,"186":3,"189":1,"191":2,"194":1,"196":1,"199":1,"203":1,"204":1,"205":1,"206":1,"207":1,"209":1,"210":1,"212":1,"219":5,"226":4,"233":2,"240":244,"247":120,"254":150,"261":510,"268":173,"275":179,"282":7,"283":5,"284":1,"286":4,"294":3,"295":3,"302":7,"303":1,"305":6,"306":1,"308":5,"309":5,"316":30,"323":6,"330":1427},"path":"/Users/kevin.thizy/Documents/Missions/Tokeny/T-REX/T-REX/contracts/proxy/authority/TREXImplementationAuthority.sol","s":{"1":31,"2":31,"3":7,"4":6,"5":5,"6":5,"7":4,"8":3,"9":6,"10":5,"11":1,"12":4,"13":7,"14":6,"15":1,"16":5,"17":5,"18":5,"19":5,"20":5,"21":5,"22":1,"23":4,"24":3,"25":1,"26":2,"27":1,"28":1,"29":1,"30":1,"31":1,"32":1,"33":1,"34":1,"35":1,"36":1,"37":1,"38":5,"39":4,"40":2,"41":244,"42":120,"43":150,"44":510,"45":173,"46":179,"47":7,"48":5,"49":1,"50":4,"51":3,"52":7,"53":1,"54":6,"55":1,"56":5,"57":30,"58":6,"59":1427},"b":{"1":[7,1],"2":[6,1],"3":[5,1],"4":[5,0],"5":[5,1],"6":[1,4],"7":[6,1],"8":[1,5],"9":[1,4],"10":[1,0],"11":[0,0],"12":[0,0],"13":[0,0],"14":[0,0],"15":[1,3],"16":[1,2],"17":[1,1],"18":[1,0],"19":[1,0],"20":[7,1],"21":[5,2],"22":[1,4],"23":[3,1],"24":[7,1],"25":[1,6],"26":[1,5]},"f":{"1":31,"2":7,"3":5,"4":4,"5":6,"6":7,"7":5,"8":4,"9":2,"10":244,"11":120,"12":150,"13":510,"14":173,"15":179,"16":7,"17":7,"18":30,"19":6,"20":1427},"fnMap":{"1":{"name":"constructor","line":103,"loc":{"start":{"line":103,"column":4},"end":{"line":109,"column":4}}},"2":{"name":"setTREXFactory","line":114,"loc":{"start":{"line":114,"column":4},"end":{"line":121,"column":4}}},"3":{"name":"setIAFactory","line":126,"loc":{"start":{"line":126,"column":4},"end":{"line":133,"column":4}}},"4":{"name":"addAndUseTREXVersion","line":138,"loc":{"start":{"line":138,"column":4},"end":{"line":141,"column":4}}},"5":{"name":"fetchVersion","line":146,"loc":{"start":{"line":146,"column":4},"end":{"line":154,"column":4}}},"6":{"name":"changeImplementationAuthority","line":160,"loc":{"start":{"line":160,"column":4},"end":{"line":213,"column":4}}},"7":{"name":"getCurrentVersion","line":218,"loc":{"start":{"line":218,"column":4},"end":{"line":220,"column":4}}},"8":{"name":"getContracts","line":225,"loc":{"start":{"line":225,"column":4},"end":{"line":227,"column":4}}},"9":{"name":"getTREXFactory","line":232,"loc":{"start":{"line":232,"column":4},"end":{"line":234,"column":4}}},"10":{"name":"getTokenImplementation","line":239,"loc":{"start":{"line":239,"column":4},"end":{"line":241,"column":4}}},"11":{"name":"getCTRImplementation","line":246,"loc":{"start":{"line":246,"column":4},"end":{"line":248,"column":4}}},"12":{"name":"getIRImplementation","line":253,"loc":{"start":{"line":253,"column":4},"end":{"line":255,"column":4}}},"13":{"name":"getIRSImplementation","line":260,"loc":{"start":{"line":260,"column":4},"end":{"line":262,"column":4}}},"14":{"name":"getTIRImplementation","line":267,"loc":{"start":{"line":267,"column":4},"end":{"line":269,"column":4}}},"15":{"name":"getMCImplementation","line":274,"loc":{"start":{"line":274,"column":4},"end":{"line":276,"column":4}}},"16":{"name":"addTREXVersion","line":281,"loc":{"start":{"line":281,"column":4},"end":{"line":296,"column":4}}},"17":{"name":"useTREXVersion","line":301,"loc":{"start":{"line":301,"column":4},"end":{"line":310,"column":4}}},"18":{"name":"isReferenceContract","line":315,"loc":{"start":{"line":315,"column":4},"end":{"line":317,"column":4}}},"19":{"name":"getReferenceContract","line":322,"loc":{"start":{"line":322,"column":4},"end":{"line":324,"column":4}}},"20":{"name":"_versionToBytes","line":329,"loc":{"start":{"line":329,"column":4},"end":{"line":331,"column":4}}}},"statementMap":{"1":{"start":{"line":107,"column":8},"end":{"line":107,"column":69}},"2":{"start":{"line":108,"column":8},"end":{"line":108,"column":36}},"3":{"start":{"line":115,"column":8},"end":{"line":115,"column":5707}},"4":{"start":{"line":120,"column":8},"end":{"line":120,"column":40}},"5":{"start":{"line":127,"column":8},"end":{"line":127,"column":6130}},"6":{"start":{"line":132,"column":8},"end":{"line":132,"column":36}},"7":{"start":{"line":139,"column":8},"end":{"line":139,"column":38}},"8":{"start":{"line":140,"column":8},"end":{"line":140,"column":31}},"9":{"start":{"line":147,"column":8},"end":{"line":147,"column":75}},"10":{"start":{"line":148,"column":8},"end":{"line":148,"column":6863}},"11":{"start":{"line":149,"column":12},"end":{"line":149,"column":44}},"12":{"start":{"line":153,"column":8},"end":{"line":153,"column":80}},"13":{"start":{"line":161,"column":8},"end":{"line":161,"column":71}},"14":{"start":{"line":162,"column":8},"end":{"line":162,"column":7640}},"15":{"start":{"line":163,"column":12},"end":{"line":163,"column":63}},"16":{"start":{"line":165,"column":8},"end":{"line":165,"column":64}},"17":{"start":{"line":166,"column":8},"end":{"line":166,"column":58}},"18":{"start":{"line":167,"column":8},"end":{"line":167,"column":72}},"19":{"start":{"line":168,"column":8},"end":{"line":168,"column":71}},"20":{"start":{"line":169,"column":8},"end":{"line":169,"column":72}},"21":{"start":{"line":172,"column":8},"end":{"line":172,"column":8168}},"22":{"start":{"line":179,"column":12},"end":{"line":179,"column":63}},"23":{"start":{"line":182,"column":8},"end":{"line":182,"column":8563}},"24":{"start":{"line":186,"column":12},"end":{"line":186,"column":8735}},"25":{"start":{"line":189,"column":16},"end":{"line":189,"column":75}},"26":{"start":{"line":191,"column":12},"end":{"line":191,"column":9009}},"27":{"start":{"line":194,"column":16},"end":{"line":194,"column":57}},"28":{"start":{"line":196,"column":12},"end":{"line":196,"column":9271}},"29":{"start":{"line":199,"column":16},"end":{"line":199,"column":35}},"30":{"start":{"line":203,"column":8},"end":{"line":203,"column":77}},"31":{"start":{"line":204,"column":8},"end":{"line":204,"column":74}},"32":{"start":{"line":205,"column":8},"end":{"line":205,"column":74}},"33":{"start":{"line":206,"column":8},"end":{"line":206,"column":75}},"34":{"start":{"line":207,"column":8},"end":{"line":207,"column":75}},"35":{"start":{"line":209,"column":8},"end":{"line":209,"column":9986}},"36":{"start":{"line":210,"column":12},"end":{"line":210,"column":79}},"37":{"start":{"line":212,"column":8},"end":{"line":212,"column":80}},"38":{"start":{"line":219,"column":8},"end":{"line":219,"column":30}},"39":{"start":{"line":226,"column":8},"end":{"line":226,"column":52}},"40":{"start":{"line":233,"column":8},"end":{"line":233,"column":27}},"41":{"start":{"line":240,"column":8},"end":{"line":240,"column":79}},"42":{"start":{"line":247,"column":8},"end":{"line":247,"column":77}},"43":{"start":{"line":254,"column":8},"end":{"line":254,"column":76}},"44":{"start":{"line":261,"column":8},"end":{"line":261,"column":77}},"45":{"start":{"line":268,"column":8},"end":{"line":268,"column":77}},"46":{"start":{"line":275,"column":8},"end":{"line":275,"column":76}},"47":{"start":{"line":282,"column":8},"end":{"line":282,"column":81}},"48":{"start":{"line":283,"column":8},"end":{"line":283,"column":12666}},"49":{"start":{"line":284,"column":12},"end":{"line":284,"column":43}},"50":{"start":{"line":286,"column":8},"end":{"line":286,"column":12844}},"51":{"start":{"line":295,"column":8},"end":{"line":295,"column":46}},"52":{"start":{"line":302,"column":8},"end":{"line":302,"column":13460}},"53":{"start":{"line":303,"column":12},"end":{"line":303,"column":43}},"54":{"start":{"line":305,"column":8},"end":{"line":305,"column":13593}},"55":{"start":{"line":306,"column":12},"end":{"line":306,"column":60}},"56":{"start":{"line":309,"column":8},"end":{"line":309,"column":37}},"57":{"start":{"line":316,"column":8},"end":{"line":316,"column":25}},"58":{"start":{"line":323,"column":8},"end":{"line":323,"column":70}},"59":{"start":{"line":330,"column":8},"end":{"line":330,"column":99}}},"branchMap":{"1":{"line":114,"type":"if","locations":[{"start":{"line":114,"column":67},"end":{"line":114,"column":67}},{"start":{"line":114,"column":67},"end":{"line":114,"column":67}}]},"2":{"line":115,"type":"if","locations":[{"start":{"line":115,"column":8},"end":{"line":115,"column":8}},{"start":{"line":115,"column":8},"end":{"line":115,"column":8}}]},"3":{"line":126,"type":"if","locations":[{"start":{"line":126,"column":63},"end":{"line":126,"column":63}},{"start":{"line":126,"column":63},"end":{"line":126,"column":63}}]},"4":{"line":127,"type":"if","locations":[{"start":{"line":127,"column":8},"end":{"line":127,"column":8}},{"start":{"line":127,"column":8},"end":{"line":127,"column":8}}]},"5":{"line":147,"type":"if","locations":[{"start":{"line":147,"column":8},"end":{"line":147,"column":8}},{"start":{"line":147,"column":8},"end":{"line":147,"column":8}}]},"6":{"line":148,"type":"if","locations":[{"start":{"line":148,"column":8},"end":{"line":148,"column":8}},{"start":{"line":148,"column":8},"end":{"line":148,"column":8}}]},"7":{"line":161,"type":"if","locations":[{"start":{"line":161,"column":8},"end":{"line":161,"column":8}},{"start":{"line":161,"column":8},"end":{"line":161,"column":8}}]},"8":{"line":162,"type":"if","locations":[{"start":{"line":162,"column":8},"end":{"line":162,"column":8}},{"start":{"line":162,"column":8},"end":{"line":162,"column":8}}]},"9":{"line":172,"type":"if","locations":[{"start":{"line":172,"column":8},"end":{"line":172,"column":8}},{"start":{"line":172,"column":8},"end":{"line":172,"column":8}}]},"10":{"line":173,"type":"cond-expr","locations":[{"start":{"line":173,"column":12},"end":{"line":173,"column":48}},{"start":{"line":174,"column":15},"end":{"line":174,"column":48}}]},"11":{"line":173,"type":"cond-expr","locations":[{"start":{"line":173,"column":12},"end":{"line":174,"column":48}},{"start":{"line":175,"column":15},"end":{"line":175,"column":48}}]},"12":{"line":173,"type":"cond-expr","locations":[{"start":{"line":173,"column":12},"end":{"line":175,"column":48}},{"start":{"line":176,"column":15},"end":{"line":176,"column":49}}]},"13":{"line":173,"type":"cond-expr","locations":[{"start":{"line":173,"column":12},"end":{"line":176,"column":49}},{"start":{"line":177,"column":15},"end":{"line":177,"column":49}}]},"14":{"line":173,"type":"cond-expr","locations":[{"start":{"line":173,"column":12},"end":{"line":177,"column":49}},{"start":{"line":178,"column":15},"end":{"line":178,"column":49}}]},"15":{"line":182,"type":"if","locations":[{"start":{"line":182,"column":8},"end":{"line":182,"column":8}},{"start":{"line":182,"column":8},"end":{"line":182,"column":8}}]},"16":{"line":186,"type":"if","locations":[{"start":{"line":186,"column":12},"end":{"line":186,"column":12}},{"start":{"line":186,"column":12},"end":{"line":186,"column":12}}]},"17":{"line":191,"type":"if","locations":[{"start":{"line":191,"column":12},"end":{"line":191,"column":12}},{"start":{"line":191,"column":12},"end":{"line":191,"column":12}}]},"18":{"line":196,"type":"if","locations":[{"start":{"line":196,"column":12},"end":{"line":196,"column":12}},{"start":{"line":196,"column":12},"end":{"line":196,"column":12}}]},"19":{"line":209,"type":"if","locations":[{"start":{"line":209,"column":8},"end":{"line":209,"column":8}},{"start":{"line":209,"column":8},"end":{"line":209,"column":8}}]},"20":{"line":281,"type":"if","locations":[{"start":{"line":281,"column":101},"end":{"line":281,"column":101}},{"start":{"line":281,"column":101},"end":{"line":281,"column":101}}]},"21":{"line":282,"type":"if","locations":[{"start":{"line":282,"column":8},"end":{"line":282,"column":8}},{"start":{"line":282,"column":8},"end":{"line":282,"column":8}}]},"22":{"line":283,"type":"if","locations":[{"start":{"line":283,"column":8},"end":{"line":283,"column":8}},{"start":{"line":283,"column":8},"end":{"line":283,"column":8}}]},"23":{"line":286,"type":"if","locations":[{"start":{"line":286,"column":8},"end":{"line":286,"column":8}},{"start":{"line":286,"column":8},"end":{"line":286,"column":8}}]},"24":{"line":301,"type":"if","locations":[{"start":{"line":301,"column":71},"end":{"line":301,"column":71}},{"start":{"line":301,"column":71},"end":{"line":301,"column":71}}]},"25":{"line":302,"type":"if","locations":[{"start":{"line":302,"column":8},"end":{"line":302,"column":8}},{"start":{"line":302,"column":8},"end":{"line":302,"column":8}}]},"26":{"line":305,"type":"if","locations":[{"start":{"line":305,"column":8},"end":{"line":305,"column":8}},{"start":{"line":305,"column":8},"end":{"line":305,"column":8}}]}}},
"contracts/proxy/ClaimTopicsRegistryProxy.sol":{"l":{"69":8,"70":8,"71":8,"73":8,"76":8,"77":8,"82":70,"85":70},"path":"/Users/kevin.thizy/Documents/Missions/Tokeny/T-REX/T-REX/contracts/proxy/ClaimTopicsRegistryProxy.sol","s":{"1":8,"2":8,"3":8,"4":8,"5":8,"6":8,"7":70},"b":{"1":[8,0],"2":[8,0]},"f":{"1":8,"2":70},"fnMap":{"1":{"name":"constructor","line":68,"loc":{"start":{"line":68,"column":4},"end":{"line":78,"column":4}}},"2":{"name":null,"line":81,"loc":{"start":{"line":81,"column":4},"end":{"line":98,"column":4}}}},"statementMap":{"1":{"start":{"line":69,"column":8},"end":{"line":69,"column":88}},"2":{"start":{"line":70,"column":8},"end":{"line":70,"column":61}},"3":{"start":{"line":71,"column":8},"end":{"line":71,"column":64}},"4":{"start":{"line":73,"column":8},"end":{"line":73,"column":107}},"5":{"start":{"line":76,"column":8},"end":{"line":76,"column":80}},"6":{"start":{"line":77,"column":8},"end":{"line":77,"column":49}},"7":{"start":{"line":82,"column":8},"end":{"line":82,"column":107}}},"branchMap":{"1":{"line":69,"type":"if","locations":[{"start":{"line":69,"column":8},"end":{"line":69,"column":8}},{"start":{"line":69,"column":8},"end":{"line":69,"column":8}}]},"2":{"line":77,"type":"if","locations":[{"start":{"line":77,"column":8},"end":{"line":77,"column":8}},{"start":{"line":77,"column":8},"end":{"line":77,"column":8}}]}}},
"contracts/proxy/IdentityRegistryProxy.sol":{"l":{"74":8,"80":8,"81":8,"83":8,"86":8,"92":8,"97":100,"100":100},"path":"/Users/kevin.thizy/Documents/Missions/Tokeny/T-REX/T-REX/contracts/proxy/IdentityRegistryProxy.sol","s":{"1":8,"2":8,"3":8,"4":8,"5":8,"6":8,"7":100},"b":{"1":[8,0],"2":[8,0]},"f":{"1":8,"2":100},"fnMap":{"1":{"name":"constructor","line":68,"loc":{"start":{"line":68,"column":4},"end":{"line":93,"column":4}}},"2":{"name":null,"line":96,"loc":{"start":{"line":96,"column":4},"end":{"line":113,"column":4}}}},"statementMap":{"1":{"start":{"line":74,"column":8},"end":{"line":74,"column":4115}},"2":{"start":{"line":80,"column":8},"end":{"line":80,"column":61}},"3":{"start":{"line":81,"column":8},"end":{"line":81,"column":64}},"4":{"start":{"line":83,"column":8},"end":{"line":83,"column":106}},"5":{"start":{"line":86,"column":8},"end":{"line":86,"column":4655}},"6":{"start":{"line":92,"column":8},"end":{"line":92,"column":49}},"7":{"start":{"line":97,"column":8},"end":{"line":97,"column":106}}},"branchMap":{"1":{"line":74,"type":"if","locations":[{"start":{"line":74,"column":8},"end":{"line":74,"column":8}},{"start":{"line":74,"column":8},"end":{"line":74,"column":8}}]},"2":{"line":92,"type":"if","locations":[{"start":{"line":92,"column":8},"end":{"line":92,"column":8}},{"start":{"line":92,"column":8},"end":{"line":92,"column":8}}]}}},
"contracts/proxy/IdentityRegistryStorageProxy.sol":{"l":{"69":8,"70":8,"71":8,"73":8,"76":8,"77":8,"82":460,"85":460},"path":"/Users/kevin.thizy/Documents/Missions/Tokeny/T-REX/T-REX/contracts/proxy/IdentityRegistryStorageProxy.sol","s":{"1":8,"2":8,"3":8,"4":8,"5":8,"6":8,"7":460},"b":{"1":[8,0],"2":[8,0]},"f":{"1":8,"2":460},"fnMap":{"1":{"name":"constructor","line":68,"loc":{"start":{"line":68,"column":4},"end":{"line":78,"column":4}}},"2":{"name":null,"line":81,"loc":{"start":{"line":81,"column":4},"end":{"line":98,"column":4}}}},"statementMap":{"1":{"start":{"line":69,"column":8},"end":{"line":69,"column":88}},"2":{"start":{"line":70,"column":8},"end":{"line":70,"column":61}},"3":{"start":{"line":71,"column":8},"end":{"line":71,"column":64}},"4":{"start":{"line":73,"column":8},"end":{"line":73,"column":107}},"5":{"start":{"line":76,"column":8},"end":{"line":76,"column":80}},"6":{"start":{"line":77,"column":8},"end":{"line":77,"column":49}},"7":{"start":{"line":82,"column":8},"end":{"line":82,"column":107}}},"branchMap":{"1":{"line":69,"type":"if","locations":[{"start":{"line":69,"column":8},"end":{"line":69,"column":8}},{"start":{"line":69,"column":8},"end":{"line":69,"column":8}}]},"2":{"line":77,"type":"if","locations":[{"start":{"line":77,"column":8},"end":{"line":77,"column":8}},{"start":{"line":77,"column":8},"end":{"line":77,"column":8}}]}}},
"contracts/proxy/interface/IProxy.sol":{"l":{},"path":"/Users/kevin.thizy/Documents/Missions/Tokeny/T-REX/T-REX/contracts/proxy/interface/IProxy.sol","s":{},"b":{},"f":{},"fnMap":{},"statementMap":{},"branchMap":{}},
"contracts/proxy/ModularComplianceProxy.sol":{"l":{"69":50,"70":50,"71":50,"73":50,"76":50,"77":50,"82":87,"85":87},"path":"/Users/kevin.thizy/Documents/Missions/Tokeny/T-REX/T-REX/contracts/proxy/ModularComplianceProxy.sol","s":{"1":50,"2":50,"3":50,"4":50,"5":50,"6":50,"7":87},"b":{"1":[50,0],"2":[50,0]},"f":{"1":50,"2":87},"fnMap":{"1":{"name":"constructor","line":68,"loc":{"start":{"line":68,"column":4},"end":{"line":78,"column":4}}},"2":{"name":null,"line":81,"loc":{"start":{"line":81,"column":4},"end":{"line":98,"column":4}}}},"statementMap":{"1":{"start":{"line":69,"column":8},"end":{"line":69,"column":88}},"2":{"start":{"line":70,"column":8},"end":{"line":70,"column":61}},"3":{"start":{"line":71,"column":8},"end":{"line":71,"column":64}},"4":{"start":{"line":73,"column":8},"end":{"line":73,"column":106}},"5":{"start":{"line":76,"column":8},"end":{"line":76,"column":80}},"6":{"start":{"line":77,"column":8},"end":{"line":77,"column":49}},"7":{"start":{"line":82,"column":8},"end":{"line":82,"column":106}}},"branchMap":{"1":{"line":69,"type":"if","locations":[{"start":{"line":69,"column":8},"end":{"line":69,"column":8}},{"start":{"line":69,"column":8},"end":{"line":69,"column":8}}]},"2":{"line":77,"type":"if","locations":[{"start":{"line":77,"column":8},"end":{"line":77,"column":8}},{"start":{"line":77,"column":8},"end":{"line":77,"column":8}}]}}},
"contracts/proxy/TokenProxy.sol":{"l":{"78":8,"83":8,"87":8,"88":8,"89":8,"91":8,"94":8,"105":8,"110":194,"113":194},"path":"/Users/kevin.thizy/Documents/Missions/Tokeny/T-REX/T-REX/contracts/proxy/TokenProxy.sol","s":{"1":8,"2":8,"3":8,"4":8,"5":8,"6":8,"7":8,"8":8,"9":194},"b":{"1":[8,0],"2":[8,0],"3":[8,0],"4":[8,0]},"f":{"1":8,"2":194},"fnMap":{"1":{"name":"constructor","line":68,"loc":{"start":{"line":68,"column":4},"end":{"line":106,"column":4}}},"2":{"name":null,"line":109,"loc":{"start":{"line":109,"column":4},"end":{"line":126,"column":4}}}},"statementMap":{"1":{"start":{"line":78,"column":8},"end":{"line":78,"column":4284}},"2":{"start":{"line":83,"column":8},"end":{"line":83,"column":4485}},"3":{"start":{"line":87,"column":8},"end":{"line":87,"column":78}},"4":{"start":{"line":88,"column":8},"end":{"line":88,"column":61}},"5":{"start":{"line":89,"column":8},"end":{"line":89,"column":64}},"6":{"start":{"line":91,"column":8},"end":{"line":91,"column":109}},"7":{"start":{"line":94,"column":8},"end":{"line":94,"column":5046}},"8":{"start":{"line":105,"column":8},"end":{"line":105,"column":49}},"9":{"start":{"line":110,"column":8},"end":{"line":110,"column":109}}},"branchMap":{"1":{"line":78,"type":"if","locations":[{"start":{"line":78,"column":8},"end":{"line":78,"column":8}},{"start":{"line":78,"column":8},"end":{"line":78,"column":8}}]},"2":{"line":83,"type":"if","locations":[{"start":{"line":83,"column":8},"end":{"line":83,"column":8}},{"start":{"line":83,"column":8},"end":{"line":83,"column":8}}]},"3":{"line":87,"type":"if","locations":[{"start":{"line":87,"column":8},"end":{"line":87,"column":8}},{"start":{"line":87,"column":8},"end":{"line":87,"column":8}}]},"4":{"line":105,"type":"if","locations":[{"start":{"line":105,"column":8},"end":{"line":105,"column":8}},{"start":{"line":105,"column":8},"end":{"line":105,"column":8}}]}}},
[...]
,"33":{"name":"transfer","line":416,"loc":{"start":{"line":416,"column":4},"end":{"line":425,"column":4}}},"34":{"name":"forcedTransfer","line":434,"loc":{"start":{"line":430,"column":4},"end":{"line":448,"column":4}}},"35":{"name":"mint","line":453,"loc":{"start":{"line":453,"column":4},"end":{"line":458,"column":4}}},"36":{"name":"burn","line":463,"loc":{"start":{"line":463,"column":4},"end":{"line":473,"column":4}}},"37":{"name":"setAddressFrozen","line":478,"loc":{"start":{"line":478,"column":4},"end":{"line":482,"column":4}}},"38":{"name":"freezePartialTokens","line":487,"loc":{"start":{"line":487,"column":4},"end":{"line":492,"column":4}}},"39":{"name":"unfreezePartialTokens","line":497,"loc":{"start":{"line":497,"column":4},"end":{"line":501,"column":4}}},"40":{"name":"setIdentityRegistry","line":506,"loc":{"start":{"line":506,"column":4},"end":{"line":509,"column":4}}},"41":{"name":"setCompliance","line":514,"loc":{"start":{"line":514,"column":4},"end":{"line":521,"column":4}}},"42":{"name":"balanceOf","line":526,"loc":{"start":{"line":526,"column":4},"end":{"line":528,"column":4}}},"43":{"name":"_transfer","line":533,"loc":{"start":{"line":533,"column":4},"end":{"line":546,"column":4}}},"44":{"name":"_mint","line":551,"loc":{"start":{"line":551,"column":4},"end":{"line":559,"column":4}}},"45":{"name":"_burn","line":564,"loc":{"start":{"line":564,"column":4},"end":{"line":572,"column":4}}},"46":{"name":"_approve","line":577,"loc":{"start":{"line":577,"column":4},"end":{"line":587,"column":4}}},"47":{"name":"_beforeTokenTransfer","line":593,"loc":{"start":{"line":593,"column":4},"end":{"line":593,"column":97}}}},"statementMap":{"1":{"start":{"line":76,"column":8},"end":{"line":76,"column":49}},"2":{"start":{"line":82,"column":8},"end":{"line":82,"column":52}},"3":{"start":{"line":112,"column":8},"end":{"line":112,"column":60}},"4":{"start":{"line":113,"column":8},"end":{"line":113,"column":5778}},"5":{"start":{"line":117,"column":8},"end":{"line":117,"column":5926}},"6":{"start":{"line":121,"column":8},"end":{"line":121,"column":78}},"7":{"start":{"line":122,"column":8},"end":{"line":122,"column":23}},"8":{"start":{"line":128,"column":8},"end":{"line":128,"column":45}},"9":{"start":{"line":129,"column":8},"end":{"line":129,"column":33}},"10":{"start":{"line":130,"column":8},"end":{"line":130,"column":111}},"11":{"start":{"line":137,"column":8},"end":{"line":137,"column":46}},"12":{"start":{"line":138,"column":8},"end":{"line":138,"column":19}},"13":{"start":{"line":145,"column":8},"end":{"line":145,"column":88}},"14":{"start":{"line":146,"column":8},"end":{"line":146,"column":19}},"15":{"start":{"line":153,"column":8},"end":{"line":153,"column":91}},"16":{"start":{"line":154,"column":8},"end":{"line":154,"column":19}},"17":{"start":{"line":161,"column":8},"end":{"line":161,"column":108}},"18":{"start":{"line":163,"column":8},"end":{"line":163,"column":111}},"19":{"start":{"line":170,"column":8},"end":{"line":170,"column":110}},"20":{"start":{"line":172,"column":8},"end":{"line":172,"column":111}},"21":{"start":{"line":181,"column":8},"end":{"line":181,"column":111}},"22":{"start":{"line":189,"column":8},"end":{"line":189,"column":31}},"23":{"start":{"line":197,"column":8},"end":{"line":197,"column":33}},"24":{"start":{"line":204,"column":8},"end":{"line":204,"column":9065}},"25":{"start":{"line":205,"column":12},"end":{"line":205,"column":44}},"26":{"start":{"line":224,"column":8},"end":{"line":224,"column":68}},"27":{"start":{"line":225,"column":8},"end":{"line":225,"column":92}},"28":{"start":{"line":226,"column":8},"end":{"line":226,"column":10011}},"29":{"start":{"line":227,"column":12},"end":{"line":227,"column":82}},"30":{"start":{"line":228,"column":12},"end":{"line":228,"column":41}},"31":{"start":{"line":229,"column":12},"end":{"line":229,"column":60}},"32":{"start":{"line":230,"column":12},"end":{"line":230,"column":23}},"33":{"start":{"line":232,"column":8},"end":{"line":232,"column":38}},"34":{"start":{"line":243,"column":8},"end":{"line":243,"column":10626}},"35":{"start":{"line":244,"column":12},"end":{"line":244,"column":64}},"36":{"start":{"line":252,"column":8},"end":{"line":252,"column":10920}},"37":{"start":{"line":253,"column":12},"end":{"line":253,"column":40}},"38":{"start":{"line":261,"column":8},"end":{"line":261,"column":11195}},"39":{"start":{"line":262,"column":12},"end":{"line":262,"column":47}},"40":{"start":{"line":270,"column":8},"end":{"line":270,"column":11504}},"41":{"start":{"line":271,"column":12},"end":{"line":271,"column":58}},"42":{"start":{"line":279,"column":8},"end":{"line":279,"column":11834}},"43":{"start":{"line":280,"column":12},"end":{"line":280,"column":62}},"44":{"start":{"line":288,"column":8},"end":{"line":288,"column":12172}},"45":{"start":{"line":289,"column":12},"end":{"line":289,"column":64}},"46":{"start":{"line":301,"column":8},"end":{"line":301,"column":67}},"47":{"start":{"line":302,"column":8},"end":{"line":302,"column":60}},"48":{"start":{"line":303,"column":8},"end":{"line":303,"column":56}},"49":{"start":{"line":304,"column":8},"end":{"line":304,"column":12740}},"50":{"start":{"line":305,"column":12},"end":{"line":305,"column":59}},"51":{"start":{"line":306,"column":12},"end":{"line":306,"column":61}},"52":{"start":{"line":307,"column":12},"end":{"line":307,"column":12938}},"53":{"start":{"line":309,"column":12},"end":{"line":309,"column":66}},"54":{"start":{"line":310,"column":12},"end":{"line":310,"column":13137}},"55":{"start":{"line":311,"column":16},"end":{"line":311,"column":60}},"56":{"start":{"line":313,"column":12},"end":{"line":313,"column":13250}},"57":{"start":{"line":314,"column":16},"end":{"line":314,"column":49}},"58":{"start":{"line":316,"column":12},"end":{"line":316,"column":61}},"59":{"start":{"line":317,"column":12},"end":{"line":317,"column":77}},"60":{"start":{"line":318,"column":12},"end":{"line":318,"column":23}},"61":{"start":{"line":320,"column":8},"end":{"line":320,"column":38}},"62":{"start":{"line":327,"column":8},"end":{"line":327,"column":27}},"63":{"start":{"line":334,"column":8},"end":{"line":334,"column":44}},"64":{"start":{"line":341,"column":8},"end":{"line":341,"column":37}},"65":{"start":{"line":348,"column":8},"end":{"line":348,"column":31}},"66":{"start":{"line":355,"column":8},"end":{"line":355,"column":27}},"67":{"start":{"line":362,"column":8},"end":{"line":362,"column":36}},"68":{"start":{"line":369,"column":8},"end":{"line":369,"column":42}},"69":{"start":{"line":376,"column":8},"end":{"line":376,"column":29}},"70":{"start":{"line":383,"column":8},"end":{"line":383,"column":25}},"71":{"start":{"line":390,"column":8},"end":{"line":390,"column":30}},"72":{"start":{"line":397,"column":8},"end":{"line":397,"column":27}},"73":{"start":{"line":404,"column":8},"end":{"line":404,"column":29}},"74":{"start":{"line":417,"column":8},"end":{"line":417,"column":73}},"75":{"start":{"line":418,"column":8},"end":{"line":418,"column":102}},"76":{"start":{"line":419,"column":8},"end":{"line":419,"column":16389}},"77":{"start":{"line":420,"column":12},"end":{"line":420,"column":46}},"78":{"start":{"line":421,"column":12},"end":{"line":421,"column":65}},"79":{"start":{"line":422,"column":12},"end":{"line":422,"column":23}},"80":{"start":{"line":424,"column":8},"end":{"line":424,"column":38}},"81":{"start":{"line":435,"column":8},"end":{"line":435,"column":69}},"82":{"start":{"line":436,"column":8},"end":{"line":436,"column":71}},"83":{"start":{"line":437,"column":8},"end":{"line":437,"column":17050}},"84":{"start":{"line":438,"column":12},"end":{"line":438,"column":62}},"85":{"start":{"line":440,"column":12},"end":{"line":440,"column":56}},"86":{"start":{"line":442,"column":8},"end":{"line":442,"column":17297}},"87":{"start":{"line":443,"column":12},"end":{"line":443,"column":41}},"88":{"start":{"line":444,"column":12},"end":{"line":444,"column":60}},"89":{"start":{"line":445,"column":12},"end":{"line":445,"column":23}},"90":{"start":{"line":447,"column":8},"end":{"line":447,"column":38}},"91":{"start":{"line":454,"column":8},"end":{"line":454,"column":83}},"92":{"start":{"line":455,"column":8},"end":{"line":455,"column":97}},"93":{"start":{"line":456,"column":8},"end":{"line":456,"column":26}},"94":{"start":{"line":457,"column":8},"end":{"line":457,"column":45}},"95":{"start":{"line":464,"column":8},"end":{"line":464,"column":83}},"96":{"start":{"line":465,"column":8},"end":{"line":465,"column":83}},"97":{"start":{"line":466,"column":8},"end":{"line":466,"column":18239}},"98":{"start":{"line":467,"column":12},"end":{"line":467,"column":62}},"99":{"start":{"line":469,"column":12},"end":{"line":469,"column":63}},"100":{"start":{"line":471,"column":8},"end":{"line":471,"column":35}},"101":{"start":{"line":472,"column":8},"end":{"line":472,"column":56}},"102":{"start":{"line":481,"column":8},"end":{"line":481,"column":61}},"103":{"start":{"line":488,"column":8},"end":{"line":488,"column":49}},"104":{"start":{"line":489,"column":8},"end":{"line":489,"column":100}},"105":{"start":{"line":491,"column":8},"end":{"line":491,"column":48}},"106":{"start":{"line":498,"column":8},"end":{"line":498,"column":110}},"107":{"start":{"line":500,"column":8},"end":{"line":500,"column":50}},"108":{"start":{"line":508,"column":8},"end":{"line":508,"column":53}},"109":{"start":{"line":515,"column":8},"end":{"line":515,"column":20165}},"110":{"start":{"line":516,"column":12},"end":{"line":516,"column":54}},"111":{"start":{"line":519,"column":8},"end":{"line":519,"column":48}},"112":{"start":{"line":520,"column":8},"end":{"line":520,"column":41}},"113":{"start":{"line":527,"column":8},"end":{"line":527,"column":38}},"114":{"start":{"line":538,"column":8},"end":{"line":538,"column":76}},"115":{"start":{"line":539,"column":8},"end":{"line":539,"column":72}},"116":{"start":{"line":541,"column":8},"end":{"line":541,"column":48}},"117":{"start":{"line":545,"column":8},"end":{"line":545,"column":42}},"118":{"start":{"line":552,"column":8},"end":{"line":552,"column":77}},"119":{"start":{"line":554,"column":8},"end":{"line":554,"column":62}},"120":{"start":{"line":558,"column":8},"end":{"line":558,"column":56}},"121":{"start":{"line":565,"column":8},"end":{"line":565,"column":79}},"122":{"start":{"line":567,"column":8},"end":{"line":567,"column":62}},"123":{"start":{"line":571,"column":8},"end":{"line":571,"column":56}},"124":{"start":{"line":582,"column":8},"end":{"line":582,"column":76}},"125":{"start":{"line":583,"column":8},"end":{"line":583,"column":76}},"126":{"start":{"line":586,"column":8},"end":{"line":586,"column":48}}},"branchMap":{"1":{"line":76,"type":"if","locations":[{"start":{"line":76,"column":8},"end":{"line":76,"column":8}},{"start":{"line":76,"column":8},"end":{"line":76,"column":8}}]},"2":{"line":82,"type":"if","locations":[{"start":{"line":82,"column":8},"end":{"line":82,"column":8}},{"start":{"line":82,"column":8},"end":{"line":82,"column":8}}]},"3":{"line":107,"type":"if","locations":[{"start":{"line":107,"column":15},"end":{"line":107,"column":15}},{"start":{"line":107,"column":15},"end":{"line":107,"column":15}}]},"4":{"line":112,"type":"if","locations":[{"start":{"line":112,"column":8},"end":{"line":112,"column":8}},{"start":{"line":112,"column":8},"end":{"line":112,"column":8}}]},"5":{"line":113,"type":"if","locations":[{"start":{"line":113,"column":8},"end":{"line":113,"column":8}},{"start":{"line":113,"column":8},"end":{"line":113,"column":8}}]},"6":{"line":117,"type":"if","locations":[{"start":{"line":117,"column":8},"end":{"line":117,"column":8}},{"start":{"line":117,"column":8},"end":{"line":117,"column":8}}]},"7":{"line":121,"type":"if","locations":[{"start":{"line":121,"column":8},"end":{"line":121,"column":8}},{"start":{"line":121,"column":8},"end":{"line":121,"column":8}}]},"8":{"line":160,"type":"if","locations":[{"start":{"line":160,"column":62},"end":{"line":160,"column":62}},{"start":{"line":160,"column":62},"end":{"line":160,"column":62}}]},"9":{"line":161,"type":"if","locations":[{"start":{"line":161,"column":8},"end":{"line":161,"column":8}},{"start":{"line":161,"column":8},"end":{"line":161,"column":8}}]},"10":{"line":169,"type":"if","locations":[{"start":{"line":169,"column":66},"end":{"line":169,"column":66}},{"start":{"line":169,"column":66},"end":{"line":169,"column":66}}]},"11":{"line":170,"type":"if","locations":[{"start":{"line":170,"column":8},"end":{"line":170,"column":8}},{"start":{"line":170,"column":8},"end":{"line":170,"column":8}}]},"12":{"line":179,"type":"if","locations":[{"start":{"line":179,"column":64},"end":{"line":179,"column":64}},{"start":{"line":179,"column":64},"end":{"line":179,"column":64}}]},"13":{"line":187,"type":"if","locations":[{"start":{"line":187,"column":39},"end":{"line":187,"column":39}},{"start":{"line":187,"column":39},"end":{"line":187,"column":39}}]},"14":{"line":187,"type":"if","locations":[{"start":{"line":187,"column":49},"end":{"line":187,"column":49}},{"start":{"line":187,"column":49},"end":{"line":187,"column":49}}]},"15":{"line":195,"type":"if","locations":[{"start":{"line":195,"column":41},"end":{"line":195,"column":41}},{"start":{"line":195,"column":41},"end":{"line":195,"column":41}}]},"16":{"line":195,"type":"if","locations":[{"start":{"line":195,"column":51},"end":{"line":195,"column":51}},{"start":{"line":195,"column":51},"end":{"line":195,"column":51}}]},"17":{"line":223,"type":"if","locations":[{"start":{"line":223,"column":24},"end":{"line":223,"column":24}},{"start":{"line":223,"column":24},"end":{"line":223,"column":24}}]},"18":{"line":224,"type":"if","locations":[{"start":{"line":224,"column":8},"end":{"line":224,"column":8}},{"start":{"line":224,"column":8},"end":{"line":224,"column":8}}]},"19":{"line":225,"type":"if","locations":[{"start":{"line":225,"column":8},"end":{"line":225,"column":8}},{"start":{"line":225,"column":8},"end":{"line":225,"column":8}}]},"20":{"line":226,"type":"if","locations":[{"start":{"line":226,"column":8},"end":{"line":226,"column":8}},{"start":{"line":226,"column":8},"end":{"line":226,"column":8}}]},"21":{"line":300,"type":"if","locations":[{"start":{"line":300,"column":24},"end":{"line":300,"column":24}},{"start":{"line":300,"column":24},"end":{"line":300,"column":24}}]},"22":{"line":301,"type":"if","locations":[{"start":{"line":301,"column":8},"end":{"line":301,"column":8}},{"start":{"line":301,"column":8},"end":{"line":301,"column":8}}]},"23":{"line":304,"type":"if","locations":[{"start":{"line":304,"column":8},"end":{"line":304,"column":8}},{"start":{"line":304,"column":8},"end":{"line":304,"column":8}}]},"24":{"line":310,"type":"if","locations":[{"start":{"line":310,"column":12},"end":{"line":310,"column":12}},{"start":{"line":310,"column":12},"end":{"line":310,"column":12}}]},"25":{"line":313,"type":"if","locations":[{"start":{"line":313,"column":12},"end":{"line":313,"column":12}},{"start":{"line":313,"column":12},"end":{"line":313,"column":12}}]},"26":{"line":416,"type":"if","locations":[{"start":{"line":416,"column":68},"end":{"line":416,"column":68}},{"start":{"line":416,"column":68},"end":{"line":416,"column":68}}]},"27":{"line":417,"type":"if","locations":[{"start":{"line":417,"column":8},"end":{"line":417,"column":8}},{"start":{"line":417,"column":8},"end":{"line":417,"column":8}}]},"28":{"line":418,"type":"if","locations":[{"start":{"line":418,"column":8},"end":{"line":418,"column":8}},{"start":{"line":418,"column":8},"end":{"line":418,"column":8}}]},"29":{"line":419,"type":"if","locations":[{"start":{"line":419,"column":8},"end":{"line":419,"column":8}},{"start":{"line":419,"column":8},"end":{"line":419,"column":8}}]},"30":{"line":434,"type":"if","locations":[{"start":{"line":434,"column":22},"end":{"line":434,"column":22}},{"start":{"line":434,"column":22},"end":{"line":434,"column":22}}]},"31":{"line":435,"type":"if","locations":[{"start":{"line":435,"column":8},"end":{"line":435,"column":8}},{"start":{"line":435,"column":8},"end":{"line":435,"column":8}}]},"32":{"line":437,"type":"if","locations":[{"start":{"line":437,"column":8},"end":{"line":437,"column":8}},{"start":{"line":437,"column":8},"end":{"line":437,"column":8}}]},"33":{"line":442,"type":"if","locations":[{"start":{"line":442,"column":8},"end":{"line":442,"column":8}},{"start":{"line":442,"column":8},"end":{"line":442,"column":8}}]},"34":{"line":453,"type":"if","locations":[{"start":{"line":453,"column":64},"end":{"line":453,"column":64}},{"start":{"line":453,"column":64},"end":{"line":453,"column":64}}]},"35":{"line":454,"type":"if","locations":[{"start":{"line":454,"column":8},"end":{"line":454,"column":8}},{"start":{"line":454,"column":8},"end":{"line":454,"column":8}}]},"36":{"line":455,"type":"if","locations":[{"start":{"line":455,"column":8},"end":{"line":455,"column":8}},{"start":{"line":455,"column":8},"end":{"line":455,"column":8}}]},"37":{"line":463,"type":"if","locations":[{"start":{"line":463,"column":73},"end":{"line":463,"column":73}},{"start":{"line":463,"column":73},"end":{"line":463,"column":73}}]},"38":{"line":464,"type":"if","locations":[{"start":{"line":464,"column":8},"end":{"line":464,"column":8}},{"start":{"line":464,"column":8},"end":{"line":464,"column":8}}]},"39":{"line":466,"type":"if","locations":[{"start":{"line":466,"column":8},"end":{"line":466,"column":8}},{"start":{"line":466,"column":8},"end":{"line":466,"column":8}}]},"40":{"line":478,"type":"if","locations":[{"start":{"line":478,"column":82},"end":{"line":478,"column":82}},{"start":{"line":478,"column":82},"end":{"line":478,"column":82}}]},"41":{"line":487,"type":"if","locations":[{"start":{"line":487,"column":88},"end":{"line":487,"column":88}},{"start":{"line":487,"column":88},"end":{"line":487,"column":88}}]},"42":{"line":489,"type":"if","locations":[{"start":{"line":489,"column":8},"end":{"line":489,"column":8}},{"start":{"line":489,"column":8},"end":{"line":489,"column":8}}]},"43":{"line":497,"type":"if","locations":[{"start":{"line":497,"column":90},"end":{"line":497,"column":90}},{"start":{"line":497,"column":90},"end":{"line":497,"column":90}}]},"44":{"line":498,"type":"if","locations":[{"start":{"line":498,"column":8},"end":{"line":498,"column":8}},{"start":{"line":498,"column":8},"end":{"line":498,"column":8}}]},"45":{"line":506,"type":"if","locations":[{"start":{"line":506,"column":76},"end":{"line":506,"column":76}},{"start":{"line":506,"column":76},"end":{"line":506,"column":76}}]},"46":{"line":514,"type":"if","locations":[{"start":{"line":514,"column":64},"end":{"line":514,"column":64}},{"start":{"line":514,"column":64},"end":{"line":514,"column":64}}]},"47":{"line":515,"type":"if","locations":[{"start":{"line":515,"column":8},"end":{"line":515,"column":8}},{"start":{"line":515,"column":8},"end":{"line":515,"column":8}}]},"48":{"line":538,"type":"if","locations":[{"start":{"line":538,"column":8},"end":{"line":538,"column":8}},{"start":{"line":538,"column":8},"end":{"line":538,"column":8}}]},"49":{"line":539,"type":"if","locations":[{"start":{"line":539,"column":8},"end":{"line":539,"column":8}},{"start":{"line":539,"column":8},"end":{"line":539,"column":8}}]},"50":{"line":552,"type":"if","locations":[{"start":{"line":552,"column":8},"end":{"line":552,"column":8}},{"start":{"line":552,"column":8},"end":{"line":552,"column":8}}]},"51":{"line":565,"type":"if","locations":[{"start":{"line":565,"column":8},"end":{"line":565,"column":8}},{"start":{"line":565,"column":8},"end":{"line":565,"column":8}}]},"52":{"line":582,"type":"if","locations":[{"start":{"line":582,"column":8},"end":{"line":582,"column":8}},{"start":{"line":582,"column":8},"end":{"line":582,"column":8}}]},"53":{"line":583,"type":"if","locations":[{"start":{"line":583,"column":8},"end":{"line":583,"column":8}},{"start":{"line":583,"column":8},"end":{"line":583,"column":8}}]}}},
"contracts/token/TokenStorage.sol":{"l":{},"path":"/Users/kevin.thizy/Documents/Missions/Tokeny/T-REX/T-REX/contracts/token/TokenStorage.sol","s":{},"b":{},"f":{},"fnMap":{},"statementMap":{},"branchMap":{}}}
