TN:
SF:/Users/joachimlebrun/IdeaProjects/T-REX/contracts/compliance/legacy/BasicCompliance.sol
FN:79,onlyToken
FN:88,_getIdentity
FN:92,_getCountry
FN:99,isTokenAgent
FN:109,isTokenBound
FN:119,addTokenAgent
FN:128,removeTokenAgent
FN:137,bindToken
FN:147,unbindToken
FN:157,isToken
FNF:10
FNH:6
FNDA:1,onlyToken
FNDA:0,_getIdentity
FNDA:0,_getCountry
FNDA:4,isTokenAgent
FNDA:1,isTokenBound
FNDA:0,addTokenAgent
FNDA:0,removeTokenAgent
FNDA:7,bindToken
FNDA:2,unbindToken
FNDA:1,isToken
DA:80,1
DA:81,1
DA:89,0
DA:93,0
DA:100,4
DA:101,3
DA:103,1
DA:110,1
DA:111,0
DA:113,1
DA:120,0
DA:121,0
DA:122,0
DA:129,0
DA:130,0
DA:131,0
DA:138,7
DA:140,7
DA:141,7
DA:148,2
DA:149,2
DA:150,2
DA:151,2
DA:158,1
LF:24
LH:15
BRDA:80,1,0,1
BRDA:80,1,1,0
BRDA:100,2,0,3
BRDA:100,2,1,1
BRDA:110,3,0,0
BRDA:110,3,1,1
BRDA:120,4,0,0
BRDA:120,4,1,0
BRDA:129,5,0,0
BRDA:129,5,1,0
BRDA:138,6,0,7
BRDA:138,6,1,0
BRDA:148,7,0,2
BRDA:148,7,1,0
BRDA:149,8,0,2
BRDA:149,8,1,0
BRF:16
BRH:7
end_of_record
TN:
SF:/Users/joachimlebrun/IdeaProjects/T-REX/contracts/compliance/legacy/DefaultCompliance.sol
FN:70,transferred
FN:76,created
FN:82,destroyed
FN:88,canTransfer
FNF:4
FNH:4
FNDA:20,transferred
FNDA:6,created
FNDA:3,destroyed
FNDA:21,canTransfer
DA:89,21
LF:1
LH:1
BRF:0
BRH:0
end_of_record
TN:
SF:/Users/joachimlebrun/IdeaProjects/T-REX/contracts/compliance/legacy/deployed/GCHCompliance.sol
FN:71,transferred
FN:79,created
FN:87,destroyed
FN:95,canTransfer
FNF:4
FNH:0
FNDA:0,transferred
FNDA:0,created
FNDA:0,destroyed
FNDA:0,canTransfer
DA:72,0
DA:73,0
DA:80,0
DA:81,0
DA:88,0
DA:89,0
DA:96,0
DA:100,0
DA:102,0
LF:9
LH:0
BRDA:96,1,0,0
BRDA:96,1,1,0
BRF:2
BRH:0
end_of_record
TN:
SF:/Users/joachimlebrun/IdeaProjects/T-REX/contracts/compliance/legacy/features/ApproveTransfer.sol
FN:75,calculateTransferID
FN:85,approveTransfer
FN:93,removeApproval
FN:100,transferProcessed
FN:108,approveAndTransfer
FN:113,transferActionOnApproveTransfer
FN:117,creationActionOnApproveTransfer
FN:119,destructionActionOnApproveTransfer
FN:121,complianceCheckOnApproveTransfer
FNF:9
FNH:5
FNDA:5,calculateTransferID
FNDA:1,approveTransfer
FNDA:0,removeApproval
FNDA:1,transferProcessed
FNDA:0,approveAndTransfer
FNDA:1,transferActionOnApproveTransfer
FNDA:0,creationActionOnApproveTransfer
FNDA:0,destructionActionOnApproveTransfer
FNDA:3,complianceCheckOnApproveTransfer
DA:81,5
DA:82,5
DA:86,1
DA:87,1
DA:88,1
DA:89,1
DA:90,1
DA:94,0
DA:95,0
DA:96,0
DA:97,0
DA:101,1
DA:102,1
DA:103,1
DA:104,1
DA:109,0
DA:110,0
DA:114,1
DA:122,3
DA:123,3
DA:124,3
DA:125,2
DA:128,1
LF:23
LH:17
BRDA:86,1,0,1
BRDA:86,1,1,0
BRDA:88,2,0,1
BRDA:88,2,1,0
BRDA:94,3,0,0
BRDA:94,3,1,0
BRDA:102,4,0,1
BRDA:102,4,1,0
BRDA:122,5,0,3
BRDA:122,5,1,0
BRDA:124,6,0,2
BRDA:124,6,1,1
BRF:12
BRH:6
end_of_record
TN:
SF:/Users/joachimlebrun/IdeaProjects/T-REX/contracts/compliance/legacy/features/CountryRestrictions.sol
FN:89,isCountryRestricted
FN:100,addCountryRestriction
FN:112,removeCountryRestriction
FN:124,batchRestrictCountries
FN:138,batchUnrestrictCountries
FN:145,transferActionOnCountryRestrictions
FN:147,creationActionOnCountryRestrictions
FN:149,destructionActionOnCountryRestrictions
FN:152,complianceCheckOnCountryRestrictions
FNF:9
FNH:0
FNDA:0,isCountryRestricted
FNDA:0,addCountryRestriction
FNDA:0,removeCountryRestriction
FNDA:0,batchRestrictCountries
FNDA:0,batchUnrestrictCountries
FNDA:0,transferActionOnCountryRestrictions
FNDA:0,creationActionOnCountryRestrictions
FNDA:0,destructionActionOnCountryRestrictions
FNDA:0,complianceCheckOnCountryRestrictions
DA:90,0
DA:101,0
DA:102,0
DA:113,0
DA:114,0
DA:125,0
DA:126,0
DA:127,0
DA:139,0
DA:140,0
DA:141,0
DA:154,0
DA:155,0
DA:156,0
DA:158,0
LF:15
LH:0
BRDA:155,1,0,0
BRDA:155,1,1,0
BRF:2
BRH:0
end_of_record
TN:
SF:/Users/joachimlebrun/IdeaProjects/T-REX/contracts/compliance/legacy/features/CountryWhitelisting.sol
FN:89,isCountryWhitelisted
FN:100,whitelistCountry
FN:113,unWhitelistCountry
FN:125,batchWhitelistCountries
FN:139,batchBlacklistCountries
FN:146,transferActionOnCountryWhitelisting
FN:148,creationActionOnCountryWhitelisting
FN:150,destructionActionOnCountryWhitelisting
FN:153,complianceCheckOnCountryWhitelisting
FNF:9
FNH:0
FNDA:0,isCountryWhitelisted
FNDA:0,whitelistCountry
FNDA:0,unWhitelistCountry
FNDA:0,batchWhitelistCountries
FNDA:0,batchBlacklistCountries
FNDA:0,transferActionOnCountryWhitelisting
FNDA:0,creationActionOnCountryWhitelisting
FNDA:0,destructionActionOnCountryWhitelisting
FNDA:0,complianceCheckOnCountryWhitelisting
DA:90,0
DA:101,0
DA:102,0
DA:114,0
DA:115,0
DA:126,0
DA:127,0
DA:128,0
DA:140,0
DA:141,0
DA:142,0
DA:155,0
DA:156,0
DA:157,0
DA:159,0
LF:15
LH:0
BRDA:156,1,0,0
BRDA:156,1,1,0
BRF:2
BRH:0
end_of_record
TN:
SF:/Users/joachimlebrun/IdeaProjects/T-REX/contracts/compliance/legacy/features/DayMonthLimits.sol
FN:103,_isDayFinished
FN:111,_isMonthFinished
FN:119,_resetDailyCooldown
FN:130,_resetMonthlyCooldown
FN:143,_increaseCounters
FN:159,setDailyLimit
FN:168,setMonthlyLimit
FN:173,transferActionOnDayMonthLimits
FN:177,creationActionOnDayMonthLimits
FN:179,destructionActionOnDayMonthLimits
FN:182,complianceCheckOnDayMonthLimits
FNF:11
FNH:0
FNDA:0,_isDayFinished
FNDA:0,_isMonthFinished
FNDA:0,_resetDailyCooldown
FNDA:0,_resetMonthlyCooldown
FNDA:0,_increaseCounters
FNDA:0,setDailyLimit
FNDA:0,setMonthlyLimit
FNDA:0,transferActionOnDayMonthLimits
FNDA:0,creationActionOnDayMonthLimits
FNDA:0,destructionActionOnDayMonthLimits
FNDA:0,complianceCheckOnDayMonthLimits
DA:104,0
DA:112,0
DA:120,0
DA:121,0
DA:122,0
DA:131,0
DA:132,0
DA:133,0
DA:144,0
DA:145,0
DA:146,0
DA:147,0
DA:148,0
DA:150,0
DA:151,0
DA:160,0
DA:161,0
DA:169,0
DA:170,0
DA:174,0
DA:183,0
DA:184,0
DA:185,0
DA:186,0
DA:188,0
DA:191,0
DA:193,0
DA:194,0
DA:197,0
LF:29
LH:0
BRDA:120,1,0,0
BRDA:120,1,1,0
BRDA:131,2,0,0
BRDA:131,2,1,0
BRDA:147,3,0,0
BRDA:147,3,1,0
BRDA:150,4,0,0
BRDA:150,4,1,0
BRDA:184,5,0,0
BRDA:184,5,1,0
BRDA:185,6,0,0
BRDA:185,6,1,0
BRDA:188,7,0,0
BRDA:188,7,1,0
BRDA:193,8,0,0
BRDA:193,8,1,0
BRF:16
BRH:0
end_of_record
TN:
SF:/Users/joachimlebrun/IdeaProjects/T-REX/contracts/compliance/legacy/features/ExchangeMonthlyLimits.sol
FN:111,whitelistExchangeWallet
FN:122,addExchangeWallet
FN:134,removeExchangeWallet
FN:145,_isExchangeMonthFinished
FN:153,_resetExchangeMonthlyCooldown
FN:166,_increaseExchangeCounters
FN:179,setExchangeMonthlyLimit
FN:184,transferActionOnExchangeMonthlyLimits
FN:188,creationActionOnExchangeMonthlyLimits
FN:190,destructionActionOnExchangeMonthlyLimits
FN:193,complianceCheckOnExchangeMonthlyLimits
FNF:11
FNH:0
FNDA:0,whitelistExchangeWallet
FNDA:0,addExchangeWallet
FNDA:0,removeExchangeWallet
FNDA:0,_isExchangeMonthFinished
FNDA:0,_resetExchangeMonthlyCooldown
FNDA:0,_increaseExchangeCounters
FNDA:0,setExchangeMonthlyLimit
FNDA:0,transferActionOnExchangeMonthlyLimits
FNDA:0,creationActionOnExchangeMonthlyLimits
FNDA:0,destructionActionOnExchangeMonthlyLimits
FNDA:0,complianceCheckOnExchangeMonthlyLimits
DA:112,0
DA:113,0
DA:114,0
DA:115,0
DA:123,0
DA:124,0
DA:125,0
DA:126,0
DA:127,0
DA:135,0
DA:136,0
DA:137,0
DA:138,0
DA:146,0
DA:154,0
DA:155,0
DA:156,0
DA:167,0
DA:168,0
DA:170,0
DA:171,0
DA:180,0
DA:181,0
DA:185,0
DA:194,0
DA:195,0
DA:196,0
DA:197,0
DA:199,0
DA:201,0
DA:204,0
LF:31
LH:0
BRDA:112,1,0,0
BRDA:112,1,1,0
BRDA:123,2,0,0
BRDA:123,2,1,0
BRDA:124,3,0,0
BRDA:124,3,1,0
BRDA:135,4,0,0
BRDA:135,4,1,0
BRDA:136,5,0,0
BRDA:136,5,1,0
BRDA:154,6,0,0
BRDA:154,6,1,0
BRDA:170,7,0,0
BRDA:170,7,1,0
BRDA:195,8,0,0
BRDA:195,8,1,0
BRDA:196,9,0,0
BRDA:196,9,1,0
BRDA:199,10,0,0
BRDA:199,10,1,0
BRF:20
BRH:0
end_of_record
TN:
SF:/Users/joachimlebrun/IdeaProjects/T-REX/contracts/compliance/legacy/features/MaxBalance.sol
FN:90,setMaxBalance
FN:96,setMaxSupply
FN:101,isBalanceTooMuch
FN:114,transferActionOnMaxBalance
FN:124,creationActionOnMaxBalance
FN:131,destructionActionOnMaxBalance
FN:137,complianceCheckOnMaxBalance
FNF:7
FNH:0
FNDA:0,setMaxBalance
FNDA:0,setMaxSupply
FNDA:0,isBalanceTooMuch
FNDA:0,transferActionOnMaxBalance
FNDA:0,creationActionOnMaxBalance
FNDA:0,destructionActionOnMaxBalance
FNDA:0,complianceCheckOnMaxBalance
DA:91,0
DA:92,0
DA:93,0
DA:97,0
DA:98,0
DA:102,0
DA:103,0
DA:104,0
DA:105,0
DA:107,0
DA:108,0
DA:110,0
DA:115,0
DA:116,0
DA:117,0
DA:118,0
DA:119,0
DA:120,0
DA:125,0
DA:126,0
DA:127,0
DA:128,0
DA:132,0
DA:133,0
DA:139,0
DA:140,0
DA:142,0
LF:27
LH:0
BRDA:91,1,0,0
BRDA:91,1,1,0
BRDA:104,2,0,0
BRDA:104,2,1,0
BRDA:107,3,0,0
BRDA:107,3,1,0
BRDA:120,4,0,0
BRDA:120,4,1,0
BRDA:128,5,0,0
BRDA:128,5,1,0
BRDA:139,6,0,0
BRDA:139,6,1,0
BRF:12
BRH:0
end_of_record
TN:
SF:/Users/joachimlebrun/IdeaProjects/T-REX/contracts/compliance/legacy/features/SupplyLimit.sol
FN:83,setSupplyLimit
FN:89,transferActionOnSupplyLimit
FN:91,creationActionOnSupplyLimit
FN:95,destructionActionOnSupplyLimit
FN:98,complianceCheckOnSupplyLimit
FNF:5
FNH:0
FNDA:0,setSupplyLimit
FNDA:0,transferActionOnSupplyLimit
FNDA:0,creationActionOnSupplyLimit
FNDA:0,destructionActionOnSupplyLimit
FNDA:0,complianceCheckOnSupplyLimit
DA:84,0
DA:85,0
DA:92,0
DA:100,0
LF:4
LH:0
BRDA:92,1,0,0
BRDA:92,1,1,0
BRF:2
BRH:0
end_of_record
TN:
SF:/Users/joachimlebrun/IdeaProjects/T-REX/contracts/compliance/legacy/ICompliance.sol
FNF:0
FNH:0
LF:0
LH:0
BRF:0
BRH:0
end_of_record
TN:
SF:/Users/joachimlebrun/IdeaProjects/T-REX/contracts/compliance/legacy/test/ApproveTransferTest.sol
FN:70,transferred
FN:77,created
FN:84,destroyed
FN:91,canTransfer
FNF:4
FNH:2
FNDA:1,transferred
FNDA:0,created
FNDA:0,destroyed
FNDA:3,canTransfer
DA:71,1
DA:78,0
DA:85,0
DA:92,3
DA:94,2
DA:96,1
LF:6
LH:4
BRDA:92,1,0,2
BRDA:92,1,1,1
BRF:2
BRH:2
end_of_record
TN:
SF:/Users/joachimlebrun/IdeaProjects/T-REX/contracts/compliance/legacy/test/CountryRestrictionsTest.sol
FN:70,transferred
FN:77,created
FN:84,destroyed
FN:91,canTransfer
FNF:4
FNH:0
FNDA:0,transferred
FNDA:0,created
FNDA:0,destroyed
FNDA:0,canTransfer
DA:71,0
DA:78,0
DA:85,0
DA:92,0
DA:94,0
DA:96,0
LF:6
LH:0
BRDA:92,1,0,0
BRDA:92,1,1,0
BRF:2
BRH:0
end_of_record
TN:
SF:/Users/joachimlebrun/IdeaProjects/T-REX/contracts/compliance/legacy/test/CountryWhitelistingTest.sol
FN:70,transferred
FN:77,created
FN:84,destroyed
FN:91,canTransfer
FNF:4
FNH:0
FNDA:0,transferred
FNDA:0,created
FNDA:0,destroyed
FNDA:0,canTransfer
DA:71,0
DA:78,0
DA:85,0
DA:92,0
DA:94,0
DA:96,0
LF:6
LH:0
BRDA:92,1,0,0
BRDA:92,1,1,0
BRF:2
BRH:0
end_of_record
TN:
SF:/Users/joachimlebrun/IdeaProjects/T-REX/contracts/compliance/legacy/test/DayMonthLimitsTest.sol
FN:70,transferred
FN:77,created
FN:84,destroyed
FN:91,canTransfer
FNF:4
FNH:0
FNDA:0,transferred
FNDA:0,created
FNDA:0,destroyed
FNDA:0,canTransfer
DA:71,0
DA:78,0
DA:85,0
DA:92,0
DA:94,0
DA:96,0
LF:6
LH:0
BRDA:92,1,0,0
BRDA:92,1,1,0
BRF:2
BRH:0
end_of_record
TN:
SF:/Users/joachimlebrun/IdeaProjects/T-REX/contracts/compliance/legacy/test/ExchangeMonthlyLimitsTest.sol
FN:70,transferred
FN:77,created
FN:84,destroyed
FN:91,canTransfer
FNF:4
FNH:0
FNDA:0,transferred
FNDA:0,created
FNDA:0,destroyed
FNDA:0,canTransfer
DA:71,0
DA:78,0
DA:85,0
DA:92,0
DA:94,0
DA:96,0
LF:6
LH:0
BRDA:92,1,0,0
BRDA:92,1,1,0
BRF:2
BRH:0
end_of_record
TN:
SF:/Users/joachimlebrun/IdeaProjects/T-REX/contracts/compliance/legacy/test/MaxBalanceTest.sol
FN:70,transferred
FN:77,created
FN:84,destroyed
FN:91,canTransfer
FNF:4
FNH:0
FNDA:0,transferred
FNDA:0,created
FNDA:0,destroyed
FNDA:0,canTransfer
DA:71,0
DA:78,0
DA:85,0
DA:92,0
DA:94,0
DA:96,0
LF:6
LH:0
BRDA:92,1,0,0
BRDA:92,1,1,0
BRF:2
BRH:0
end_of_record
TN:
SF:/Users/joachimlebrun/IdeaProjects/T-REX/contracts/compliance/legacy/test/SupplyLimitTest.sol
FN:70,transferred
FN:77,created
FN:84,destroyed
FN:91,canTransfer
FNF:4
FNH:0
FNDA:0,transferred
FNDA:0,created
FNDA:0,destroyed
FNDA:0,canTransfer
DA:71,0
DA:78,0
DA:85,0
DA:92,0
DA:94,0
DA:96,0
LF:6
LH:0
BRDA:92,1,0,0
BRDA:92,1,1,0
BRF:2
BRH:0
end_of_record
TN:
SF:/Users/joachimlebrun/IdeaProjects/T-REX/contracts/compliance/modular/IModularCompliance.sol
FNF:0
FNH:0
LF:0
LH:0
BRF:0
BRH:0
end_of_record
TN:
SF:/Users/joachimlebrun/IdeaProjects/T-REX/contracts/compliance/modular/MCStorage.sol
FNF:0
FNH:0
LF:0
LH:0
BRF:0
BRH:0
end_of_record
TN:
SF:/Users/joachimlebrun/IdeaProjects/T-REX/contracts/compliance/modular/ModularCompliance.sol
FN:76,onlyToken
FN:81,init
FN:88,getTokenBound
FN:95,bindToken
FN:105,unbindToken
FN:115,addModule
FN:126,removeModule
FN:144,isModuleBound
FN:151,getModules
FN:158,transferred
FN:168,created
FN:178,destroyed
FN:188,canTransfer
FN:206,callModuleFunction
FN:242,selector
FNF:15
FNH:13
FNDA:132,onlyToken
FNDA:7,init
FNDA:10,getTokenBound
FNDA:7,bindToken
FNDA:1,unbindToken
FNDA:4,addModule
FNDA:0,removeModule
FNDA:6,isModuleBound
FNDA:0,getModules
FNDA:80,transferred
FNDA:27,created
FNDA:25,destroyed
FNDA:83,canTransfer
FNDA:12,callModuleFunction
FNDA:12,selector
DA:77,132
DA:78,132
DA:82,7
DA:89,10
DA:96,7
DA:98,7
DA:99,7
DA:106,1
DA:107,1
DA:108,1
DA:109,1
DA:116,4
DA:117,4
DA:118,4
DA:119,4
DA:120,4
DA:127,0
DA:128,0
DA:129,0
DA:130,0
DA:131,0
DA:132,0
DA:133,0
DA:134,0
DA:135,0
DA:136,0
DA:145,6
DA:152,0
DA:159,80
DA:160,80
DA:161,4
DA:169,27
DA:170,27
DA:171,0
DA:179,25
DA:180,25
DA:181,0
DA:189,83
DA:190,83
DA:191,10
DA:192,4
DA:195,79
DA:207,12
DA:215,12
DA:234,12
DA:243,12
DA:251,12
LF:47
LH:34
BRDA:77,1,0,132
BRDA:77,1,1,0
BRDA:96,2,0,7
BRDA:96,2,1,0
BRDA:106,3,0,1
BRDA:106,3,1,0
BRDA:107,4,0,1
BRDA:107,4,1,0
BRDA:116,5,0,4
BRDA:116,5,1,0
BRDA:127,6,0,0
BRDA:127,6,1,0
BRDA:130,7,0,0
BRDA:130,7,1,0
BRDA:191,8,0,4
BRDA:191,8,1,6
BRDA:207,9,0,12
BRDA:207,9,1,0
BRDA:243,10,0,12
BRDA:243,10,1,0
BRF:20
BRH:9
end_of_record
TN:
SF:/Users/joachimlebrun/IdeaProjects/T-REX/contracts/compliance/modular/modules/AbstractModule.sol
FN:75,onlyCompliance
FN:83,onlyBoundCompliance
FN:91,onlyComplianceCall
FN:99,isComplianceBound
FN:106,bindCompliance
FN:115,unbindCompliance
FNF:6
FNH:5
FNDA:4,onlyCompliance
FNDA:37,onlyBoundCompliance
FNDA:16,onlyComplianceCall
FNDA:6,isComplianceBound
FNDA:4,bindCompliance
FNDA:0,unbindCompliance
DA:76,4
DA:77,4
DA:84,37
DA:85,37
DA:92,16
DA:93,16
DA:100,6
DA:107,4
DA:108,4
DA:109,4
DA:116,0
DA:117,0
DA:118,0
LF:13
LH:10
BRDA:76,1,0,4
BRDA:76,1,1,0
BRDA:84,2,0,37
BRDA:84,2,1,0
BRDA:92,3,0,16
BRDA:92,3,1,0
BRDA:107,4,0,4
BRDA:107,4,1,0
BRDA:116,5,0,0
BRDA:116,5,1,0
BRF:10
BRH:4
end_of_record
TN:
SF:/Users/joachimlebrun/IdeaProjects/T-REX/contracts/compliance/modular/modules/ConditionalTransferModule.sol
FN:97,isTransferApproved
FN:110,getTransferApprovals
FN:114,calculateTransferHash
FN:125,approveTransfer
FN:132,unApproveTransfer
FN:141,batchApproveTransfers
FN:148,batchUnApproveTransfers
FN:162,moduleTransferAction
FN:173,moduleMintAction
FN:182,moduleBurnAction
FN:193,moduleCheck
FNF:11
FNH:0
FNDA:0,isTransferApproved
FNDA:0,getTransferApprovals
FNDA:0,calculateTransferHash
FNDA:0,approveTransfer
FNDA:0,unApproveTransfer
FNDA:0,batchApproveTransfers
FNDA:0,batchUnApproveTransfers
FNDA:0,moduleTransferAction
FNDA:0,moduleMintAction
FNDA:0,moduleBurnAction
FNDA:0,moduleCheck
DA:99,0
DA:100,0
DA:102,0
DA:111,0
DA:120,0
DA:121,0
DA:126,0
DA:127,0
DA:128,0
DA:133,0
DA:134,0
DA:135,0
DA:136,0
DA:142,0
DA:143,0
DA:149,0
DA:150,0
DA:163,0
DA:194,0
DA:195,0
LF:20
LH:0
BRDA:99,1,0,0
BRDA:99,1,1,0
BRDA:134,2,0,0
BRDA:134,2,1,0
BRF:4
BRH:0
end_of_record
TN:
SF:/Users/joachimlebrun/IdeaProjects/T-REX/contracts/compliance/modular/modules/CountryAllowModule.sol
FN:93,isCountryAllowed
FN:104,addAllowedCountry
FN:118,removeAllowedCountry
FN:132,batchAllowCountries
FN:147,batchDisallowCountries
FN:161,_getCountry
FN:173,moduleTransferAction
FN:182,moduleMintAction
FN:191,moduleBurnAction
FN:204,moduleCheck
FNF:10
FNH:8
FNDA:12,isCountryAllowed
FNDA:3,addAllowedCountry
FNDA:1,removeAllowedCountry
FNDA:1,batchAllowCountries
FNDA:1,batchDisallowCountries
FNDA:3,_getCountry
FNDA:1,moduleTransferAction
FNDA:0,moduleMintAction
FNDA:0,moduleBurnAction
FNDA:3,moduleCheck
DA:94,12
DA:105,3
DA:106,3
DA:107,3
DA:119,1
DA:120,1
DA:121,1
DA:133,1
DA:134,2
DA:135,2
DA:148,1
DA:149,1
DA:150,1
DA:162,3
DA:205,3
DA:206,3
LF:16
LH:16
BRDA:105,1,0,0
BRDA:105,1,1,3
BRDA:119,2,0,0
BRDA:119,2,1,1
BRF:4
BRH:2
end_of_record
TN:
SF:/Users/joachimlebrun/IdeaProjects/T-REX/contracts/compliance/modular/modules/CountryRestrictModule.sol
FN:90,isCountryRestricted
FN:101,addCountryRestriction
FN:115,removeCountryRestriction
FN:129,batchRestrictCountries
FN:144,batchUnrestrictCountries
FN:158,_getCountry
FN:170,moduleTransferAction
FN:179,moduleMintAction
FN:188,moduleBurnAction
FN:201,moduleCheck
FNF:10
FNH:8
FNDA:15,isCountryRestricted
FNDA:3,addCountryRestriction
FNDA:1,removeCountryRestriction
FNDA:1,batchRestrictCountries
FNDA:1,batchUnrestrictCountries
FNDA:7,_getCountry
FNDA:3,moduleTransferAction
FNDA:0,moduleMintAction
FNDA:0,moduleBurnAction
FNDA:7,moduleCheck
DA:91,15
DA:102,3
DA:103,3
DA:104,3
DA:116,1
DA:117,1
DA:118,1
DA:130,1
DA:131,2
DA:132,2
DA:145,1
DA:146,2
DA:147,2
DA:159,7
DA:202,7
DA:203,7
DA:204,2
DA:206,5
LF:18
LH:18
BRDA:102,1,0,3
BRDA:102,1,1,0
BRDA:116,2,0,1
BRDA:116,2,1,0
BRDA:203,3,0,2
BRDA:203,3,1,5
BRF:6
BRH:4
end_of_record
TN:
SF:/Users/joachimlebrun/IdeaProjects/T-REX/contracts/compliance/modular/modules/IModule.sol
FNF:0
FNH:0
LF:0
LH:0
BRF:0
BRH:0
end_of_record
TN:
SF:/Users/joachimlebrun/IdeaProjects/T-REX/contracts/DVD/DVDTransferManager.sol
FN:129,constructor
FN:140,calculateParity
FN:152,isTREX
FN:171,isTREXAgent
FN:185,isTREXOwner
FN:203,calculateTransferID
FN:234,modifyFee
FN:278,initiateDVDTransfer
FN:315,takeDVDTransfer
FN:352,cancelDVDTransfer
FN:368,calculateFee
FNF:11
FNH:11
FNDA:1,constructor
FNDA:26,calculateParity
FNDA:28,isTREX
FNDA:13,isTREXAgent
FNDA:13,isTREXOwner
FNDA:22,calculateTransferID
FNDA:26,modifyFee
FNDA:18,initiateDVDTransfer
FNDA:20,takeDVDTransfer
FNDA:10,cancelDVDTransfer
FNDA:7,calculateFee
DA:130,1
DA:141,26
DA:142,26
DA:153,28
DA:154,16
DA:155,16
DA:157,0
DA:160,10
DA:172,13
DA:173,8
DA:175,5
DA:186,13
DA:187,7
DA:189,4
DA:212,22
DA:213,22
DA:235,26
DA:236,22
DA:237,20
DA:238,14
DA:239,9
DA:241,12
DA:242,8
DA:244,10
DA:245,10
DA:246,10
DA:247,10
DA:248,10
DA:249,10
DA:250,10
DA:251,10
DA:252,10
DA:253,10
DA:254,10
DA:255,10
DA:256,10
DA:257,10
DA:258,10
DA:259,10
DA:260,10
DA:261,10
DA:279,18
DA:280,16
DA:281,14
DA:282,12
DA:283,10
DA:284,10
DA:285,10
DA:286,10
DA:287,10
DA:288,10
DA:289,10
DA:290,10
DA:291,10
DA:292,10
DA:293,10
DA:294,10
DA:295,10
DA:316,20
DA:317,20
DA:318,20
DA:319,12
DA:320,12
DA:321,12
DA:322,10
DA:323,8
DA:324,6
DA:325,6
DA:326,1
DA:327,1
DA:329,6
DA:330,5
DA:332,6
DA:333,1
DA:334,1
DA:336,6
DA:337,5
DA:339,6
DA:340,6
DA:341,6
DA:353,10
DA:354,10
DA:355,10
DA:356,6
DA:357,4
DA:358,4
DA:359,4
DA:369,7
DA:370,7
DA:371,7
DA:372,7
DA:373,6
DA:374,6
DA:375,6
DA:376,2
DA:377,2
DA:378,2
DA:379,2
DA:380,2
DA:381,2
DA:382,2
DA:385,4
DA:386,4
DA:387,4
DA:388,4
DA:389,4
LF:106
LH:105
BRDA:154,1,0,16
BRDA:154,1,1,0
BRDA:172,2,0,8
BRDA:172,2,1,5
BRDA:186,3,0,7
BRDA:186,3,1,4
BRDA:235,4,0,22
BRDA:235,4,1,4
BRDA:236,5,0,20
BRDA:236,5,1,2
BRDA:237,6,0,14
BRDA:237,6,1,6
BRDA:238,7,0,9
BRDA:238,7,1,5
BRDA:239,8,0,7
BRDA:239,8,1,2
BRDA:241,9,0,8
BRDA:241,9,1,4
BRDA:242,10,0,6
BRDA:242,10,1,2
BRDA:279,11,0,16
BRDA:279,11,1,2
BRDA:280,12,0,14
BRDA:280,12,1,2
BRDA:281,13,0,12
BRDA:281,13,1,2
BRDA:282,14,0,10
BRDA:282,14,1,2
BRDA:318,15,0,12
BRDA:318,15,1,8
BRDA:321,16,0,10
BRDA:321,16,1,2
BRDA:322,17,0,8
BRDA:322,17,1,2
BRDA:323,18,0,6
BRDA:323,18,1,2
BRDA:325,19,0,1
BRDA:325,19,1,5
BRDA:329,20,0,5
BRDA:329,20,1,1
BRDA:332,21,0,1
BRDA:332,21,1,5
BRDA:336,22,0,5
BRDA:336,22,1,1
BRDA:355,23,0,6
BRDA:355,23,1,4
BRDA:356,24,0,4
BRDA:356,24,1,2
BRDA:372,25,0,6
BRDA:372,25,1,1
BRDA:375,26,0,2
BRDA:375,26,1,4
BRF:52
BRH:51
end_of_record
TN:
SF:/Users/joachimlebrun/IdeaProjects/T-REX/contracts/DVD/TestERC20.sol
FN:68,constructor
FN:72,pause
FN:76,unpause
FNF:3
FNH:1
FNDA:1,constructor
FNDA:0,pause
FNDA:0,unpause
DA:69,1
DA:73,0
DA:77,0
LF:3
LH:1
BRF:0
BRH:0
end_of_record
TN:
SF:/Users/joachimlebrun/IdeaProjects/T-REX/contracts/factory/ITREXFactory.sol
FNF:0
FNH:0
LF:0
LH:0
BRF:0
BRH:0
end_of_record
TN:
SF:/Users/joachimlebrun/IdeaProjects/T-REX/contracts/factory/TREXFactory.sol
FN:89,constructor
FN:96,getToken
FN:103,setImplementationAuthority
FN:119,deploy
FN:139,deployTREXSuite
FN:196,deployTIR
FN:208,deployCTR
FN:220,deployMC
FN:232,deployIRS
FN:244,deployIR
FN:265,deployToken
FN:294,recoverContractOwnership
FNF:12
FNH:12
FNDA:6,constructor
FNDA:5,getToken
FNDA:6,setImplementationAuthority
FNDA:41,deploy
FNDA:9,deployTREXSuite
FNDA:7,deployTIR
FNDA:7,deployCTR
FNDA:7,deployMC
FNDA:6,deployIRS
FNDA:7,deployIR
FNDA:7,deployToken
FNDA:2,recoverContractOwnership
DA:90,6
DA:97,5
DA:105,6
DA:113,6
DA:114,6
DA:120,41
DA:121,41
DA:122,41
DA:130,41
DA:131,41
DA:140,9
DA:141,7
DA:142,7
DA:143,7
DA:144,7
DA:145,7
DA:146,7
DA:147,6
DA:150,1
DA:152,7
DA:153,7
DA:164,7
DA:165,7
DA:167,7
DA:168,7
DA:170,5
DA:171,5
DA:172,5
DA:173,10
DA:175,5
DA:176,10
DA:178,5
DA:179,4
DA:180,2
DA:182,4
DA:183,4
DA:186,5
DA:187,5
DA:188,5
DA:189,5
DA:190,5
DA:191,5
DA:192,5
DA:201,7
DA:202,7
DA:203,7
DA:204,7
DA:213,7
DA:214,7
DA:215,7
DA:216,7
DA:225,7
DA:226,7
DA:227,7
DA:228,7
DA:237,6
DA:238,6
DA:239,6
DA:240,6
DA:252,7
DA:253,7
DA:260,7
DA:261,7
DA:276,7
DA:277,7
DA:287,7
DA:288,7
DA:295,2
LF:68
LH:68
BRDA:105,1,0,6
BRDA:105,1,1,0
BRDA:140,2,0,7
BRDA:140,2,1,2
BRDA:141,3,0,7
BRDA:141,3,1,0
BRDA:146,4,0,6
BRDA:146,4,1,1
BRDA:179,5,0,2
BRDA:179,5,1,2
BRDA:182,6,0,4
BRDA:182,6,1,0
BRF:12
BRH:9
end_of_record
TN:
SF:/Users/joachimlebrun/IdeaProjects/T-REX/contracts/proxy/authority/ITREXImplementationAuthority.sol
FNF:0
FNH:0
LF:0
LH:0
BRF:0
BRH:0
end_of_record
TN:
SF:/Users/joachimlebrun/IdeaProjects/T-REX/contracts/proxy/authority/TREXImplementationAuthority.sol
FN:81,getTokenImplementation
FN:85,setTokenImplementation
FN:90,getCTRImplementation
FN:94,setCTRImplementation
FN:99,getIRImplementation
FN:103,setIRImplementation
FN:108,getIRSImplementation
FN:112,setIRSImplementation
FN:117,getTIRImplementation
FN:121,setTIRImplementation
FN:126,getMCImplementation
FN:130,setMCImplementation
FNF:12
FNH:12
FNDA:623,getTokenImplementation
FNDA:9,setTokenImplementation
FNDA:215,getCTRImplementation
FNDA:11,setCTRImplementation
FNDA:355,getIRImplementation
FNDA:10,setIRImplementation
FNDA:782,getIRSImplementation
FNDA:10,setIRSImplementation
FNDA:670,getTIRImplementation
FNDA:11,setTIRImplementation
FNDA:273,getMCImplementation
FNDA:6,setMCImplementation
DA:82,623
DA:86,9
DA:87,9
DA:91,215
DA:95,11
DA:96,11
DA:100,355
DA:104,10
DA:105,10
DA:109,782
DA:113,10
DA:114,10
DA:118,670
DA:122,11
DA:123,11
DA:127,273
DA:131,6
DA:132,6
LF:18
LH:18
BRF:0
BRH:0
end_of_record
TN:
SF:/Users/joachimlebrun/IdeaProjects/T-REX/contracts/proxy/ClaimTopicsRegistryProxy.sol
FN:69,constructor
FN:79,
FNF:2
FNH:2
FNDA:14,constructor
FNDA:195,
DA:70,14
DA:72,14
DA:75,14
DA:76,14
DA:80,195
DA:82,195
LF:6
LH:6
BRDA:76,1,0,14
BRDA:76,1,1,0
BRF:2
BRH:1
end_of_record
TN:
SF:/Users/joachimlebrun/IdeaProjects/T-REX/contracts/proxy/IdentityRegistryProxy.sol
FN:69,constructor
FN:87,
FNF:2
FNH:2
FNDA:14,constructor
FNDA:335,
DA:75,14
DA:77,14
DA:80,14
DA:84,14
DA:88,335
DA:90,335
LF:6
LH:6
BRDA:84,1,0,14
BRDA:84,1,1,0
BRF:2
BRH:1
end_of_record
TN:
SF:/Users/joachimlebrun/IdeaProjects/T-REX/contracts/proxy/IdentityRegistryStorageProxy.sol
FN:69,constructor
FN:79,
FNF:2
FNH:2
FNDA:11,constructor
FNDA:765,
DA:70,11
DA:72,11
DA:75,11
DA:76,11
DA:80,765
DA:82,765
LF:6
LH:6
BRDA:76,1,0,11
BRDA:76,1,1,0
BRF:2
BRH:1
end_of_record
TN:
SF:/Users/joachimlebrun/IdeaProjects/T-REX/contracts/proxy/ModularComplianceProxy.sol
FN:69,constructor
FN:79,
FNF:2
FNH:2
FNDA:7,constructor
FNDA:260,
DA:70,7
DA:72,7
DA:75,7
DA:76,7
DA:80,260
DA:82,260
LF:6
LH:6
BRDA:76,1,0,7
BRDA:76,1,1,0
BRF:2
BRH:1
end_of_record
TN:
SF:/Users/joachimlebrun/IdeaProjects/T-REX/contracts/proxy/TokenProxy.sol
FN:69,constructor
FN:98,
FNF:2
FNH:2
FNDA:10,constructor
FNDA:607,
DA:78,10
DA:80,10
DA:83,10
DA:95,10
DA:99,607
DA:101,607
LF:6
LH:6
BRDA:95,1,0,10
BRDA:95,1,1,0
BRF:2
BRH:1
end_of_record
TN:
SF:/Users/joachimlebrun/IdeaProjects/T-REX/contracts/proxy/TrustedIssuersRegistryProxy.sol
FN:71,constructor
FN:81,
FNF:2
FNH:2
FNDA:14,constructor
FNDA:650,
DA:72,14
DA:74,14
DA:77,14
DA:78,14
DA:82,650
DA:84,650
LF:6
LH:6
BRDA:78,1,0,14
BRDA:78,1,1,0
BRF:2
BRH:1
end_of_record
TN:
SF:/Users/joachimlebrun/IdeaProjects/T-REX/contracts/registry/implementation/ClaimTopicsRegistry.sol
FN:70,init
FN:77,addClaimTopic
FN:89,removeClaimTopic
FN:104,getClaimTopics
FNF:4
FNH:4
FNDA:14,init
FNDA:19,addClaimTopic
FNDA:6,removeClaimTopic
FNDA:157,getClaimTopics
DA:71,14
DA:78,19
DA:79,19
DA:80,5
DA:82,17
DA:83,17
DA:90,6
DA:91,6
DA:92,9
DA:93,6
DA:94,6
DA:95,6
DA:96,6
DA:105,157
LF:14
LH:14
BRDA:80,1,0,3
BRDA:80,1,1,2
BRDA:92,2,0,6
BRDA:92,2,1,3
BRF:4
BRH:4
end_of_record
TN:
SF:/Users/joachimlebrun/IdeaProjects/T-REX/contracts/registry/implementation/IdentityRegistry.sol
FN:90,init
FN:103,identity
FN:110,investorCountry
FN:117,issuersRegistry
FN:124,topicsRegistry
FN:131,identityStorage
FN:142,registerIdentity
FN:150,batchRegisterIdentity
FN:163,updateIdentity
FN:172,updateCountry
FN:180,deleteIdentity
FN:188,isVerified
FN:242,setIdentityRegistryStorage
FN:250,setClaimTopicsRegistry
FN:258,setTrustedIssuersRegistry
FN:266,contains
FNF:16
FNH:15
FNDA:14,init
FNDA:659,identity
FNDA:17,investorCountry
FNDA:14,issuersRegistry
FNDA:12,topicsRegistry
FNDA:6,identityStorage
FNDA:31,registerIdentity
FNDA:1,batchRegisterIdentity
FNDA:8,updateIdentity
FNDA:6,updateCountry
FNDA:19,deleteIdentity
FNDA:166,isVerified
FNDA:0,setIdentityRegistryStorage
FNDA:4,setClaimTopicsRegistry
FNDA:4,setTrustedIssuersRegistry
FNDA:13,contains
DA:91,14
DA:92,14
DA:93,14
DA:94,14
DA:95,14
DA:96,14
DA:97,14
DA:104,659
DA:111,17
DA:118,14
DA:125,12
DA:132,6
DA:143,31
DA:144,27
DA:155,1
DA:156,8
DA:164,8
DA:165,8
DA:166,4
DA:173,6
DA:174,4
DA:181,19
DA:182,17
DA:189,166
DA:190,12
DA:192,154
DA:193,154
DA:194,2
DA:196,152
DA:197,152
DA:198,152
DA:199,152
DA:200,152
DA:201,152
DA:202,152
DA:203,152
DA:204,152
DA:205,2
DA:207,150
DA:208,150
DA:210,150
DA:212,150
DA:217,138
DA:219,150
DA:220,6
DA:222,144
DA:223,2
DA:225,142
DA:226,4
DA:230,0
DA:231,0
DA:236,138
DA:243,0
DA:244,0
DA:251,4
DA:252,4
DA:259,4
DA:260,4
DA:267,13
DA:268,3
DA:270,10
LF:61
LH:57
BRDA:189,1,0,12
BRDA:189,1,1,154
BRDA:193,2,0,2
BRDA:193,2,1,152
BRDA:204,3,0,2
BRDA:204,3,1,150
BRDA:212,4,0,138
BRDA:212,4,1,12
BRDA:219,5,0,6
BRDA:219,5,1,144
BRDA:222,6,0,2
BRDA:222,6,1,142
BRDA:225,7,0,4
BRDA:225,7,1,138
BRDA:230,8,0,0
BRDA:230,8,1,0
BRDA:267,9,0,3
BRDA:267,9,1,10
BRF:18
BRH:16
end_of_record
TN:
SF:/Users/joachimlebrun/IdeaProjects/T-REX/contracts/registry/implementation/IdentityRegistryStorage.sol
FN:72,init
FN:79,linkedIdentityRegistries
FN:86,storedIdentity
FN:93,storedInvestorCountry
FN:104,addIdentityToStorage
FN:115,modifyStoredIdentity
FN:126,modifyStoredInvestorCountry
FN:135,removeIdentityFromStorage
FN:144,bindIdentityRegistry
FN:153,unbindIdentityRegistry
FNF:10
FNH:10
FNDA:11,init
FNDA:2,linkedIdentityRegistries
FNDA:659,storedIdentity
FNDA:17,storedInvestorCountry
FNDA:31,addIdentityToStorage
FNDA:8,modifyStoredIdentity
FNDA:6,modifyStoredInvestorCountry
FNDA:19,removeIdentityFromStorage
FNDA:12,bindIdentityRegistry
FNDA:5,unbindIdentityRegistry
DA:73,11
DA:80,2
DA:87,659
DA:94,17
DA:105,31
DA:106,29
DA:107,27
DA:108,27
DA:109,27
DA:116,8
DA:117,6
DA:118,4
DA:119,4
DA:120,4
DA:127,6
DA:128,4
DA:129,4
DA:136,19
DA:137,17
DA:138,17
DA:145,12
DA:146,12
DA:147,12
DA:154,5
DA:155,3
DA:156,3
DA:157,5
DA:158,3
DA:159,3
DA:160,3
DA:163,3
DA:164,3
LF:32
LH:32
BRDA:105,1,0,29
BRDA:105,1,1,2
BRDA:106,2,0,27
BRDA:106,2,1,2
BRDA:116,3,0,6
BRDA:116,3,1,2
BRDA:117,4,0,4
BRDA:117,4,1,2
BRDA:127,5,0,4
BRDA:127,5,1,2
BRDA:136,6,0,17
BRDA:136,6,1,2
BRDA:154,7,0,3
BRDA:154,7,1,2
BRDA:157,8,0,3
BRDA:157,8,1,2
BRF:16
BRH:16
end_of_record
TN:
SF:/Users/joachimlebrun/IdeaProjects/T-REX/contracts/registry/implementation/TrustedIssuersRegistry.sol
FN:73,init
FN:80,addTrustedIssuer
FN:91,removeTrustedIssuer
FN:108,updateIssuerClaimTopics
FN:118,getTrustedIssuers
FN:125,isTrustedIssuer
FN:138,getTrustedIssuerClaimTopics
FN:146,hasClaimTopic
FNF:8
FNH:8
FNDA:14,init
FNDA:22,addTrustedIssuer
FNDA:11,removeTrustedIssuer
FNDA:10,updateIssuerClaimTopics
FNDA:1,getTrustedIssuers
FNDA:295,isTrustedIssuer
FNDA:2,getTrustedIssuerClaimTopics
FNDA:300,hasClaimTopic
DA:74,14
DA:81,22
DA:82,20
DA:83,16
DA:84,16
DA:85,16
DA:92,11
DA:93,7
DA:94,7
DA:95,10
DA:96,7
DA:97,7
DA:98,7
DA:101,7
DA:102,7
DA:109,10
DA:110,8
DA:111,6
DA:112,6
DA:119,1
DA:126,295
DA:127,295
DA:128,290
DA:129,286
DA:132,9
DA:139,2
DA:140,1
DA:147,300
DA:148,300
DA:149,300
DA:150,511
DA:151,286
DA:154,14
LF:33
LH:33
BRDA:81,1,0,20
BRDA:81,1,1,2
BRDA:82,2,0,16
BRDA:82,2,1,4
BRDA:92,3,0,7
BRDA:92,3,1,4
BRDA:95,4,0,7
BRDA:95,4,1,3
BRDA:109,5,0,8
BRDA:109,5,1,2
BRDA:110,6,0,6
BRDA:110,6,1,2
BRDA:128,7,0,286
BRDA:128,7,1,4
BRDA:139,8,0,1
BRDA:139,8,1,1
BRDA:150,9,0,286
BRDA:150,9,1,225
BRF:18
BRH:18
end_of_record
TN:
SF:/Users/joachimlebrun/IdeaProjects/T-REX/contracts/registry/interface/IClaimTopicsRegistry.sol
FNF:0
FNH:0
LF:0
LH:0
BRF:0
BRH:0
end_of_record
TN:
SF:/Users/joachimlebrun/IdeaProjects/T-REX/contracts/registry/interface/IIdentityRegistry.sol
FNF:0
FNH:0
LF:0
LH:0
BRF:0
BRH:0
end_of_record
TN:
SF:/Users/joachimlebrun/IdeaProjects/T-REX/contracts/registry/interface/IIdentityRegistryStorage.sol
FNF:0
FNH:0
LF:0
LH:0
BRF:0
BRH:0
end_of_record
TN:
SF:/Users/joachimlebrun/IdeaProjects/T-REX/contracts/registry/interface/ITrustedIssuersRegistry.sol
FNF:0
FNH:0
LF:0
LH:0
BRF:0
BRH:0
end_of_record
TN:
SF:/Users/joachimlebrun/IdeaProjects/T-REX/contracts/registry/storage/CTRStorage.sol
FNF:0
FNH:0
LF:0
LH:0
BRF:0
BRH:0
end_of_record
TN:
SF:/Users/joachimlebrun/IdeaProjects/T-REX/contracts/registry/storage/IRSStorage.sol
FNF:0
FNH:0
LF:0
LH:0
BRF:0
BRH:0
end_of_record
TN:
SF:/Users/joachimlebrun/IdeaProjects/T-REX/contracts/registry/storage/IRStorage.sol
FNF:0
FNH:0
LF:0
LH:0
BRF:0
BRH:0
end_of_record
TN:
SF:/Users/joachimlebrun/IdeaProjects/T-REX/contracts/registry/storage/TIRStorage.sol
FNF:0
FNH:0
LF:0
LH:0
BRF:0
BRH:0
end_of_record
TN:
SF:/Users/joachimlebrun/IdeaProjects/T-REX/contracts/roles/AgentRole.sol
FN:77,onlyAgent
FN:82,isAgent
FN:86,addAgent
FN:91,removeAgent
FNF:4
FNH:0
FNDA:0,onlyAgent
FNDA:0,isAgent
FNDA:0,addAgent
FNDA:0,removeAgent
DA:78,0
DA:79,0
DA:83,0
DA:87,0
DA:88,0
DA:92,0
DA:93,0
LF:7
LH:0
BRDA:78,1,0,0
BRDA:78,1,1,0
BRF:2
BRH:0
end_of_record
TN:
SF:/Users/joachimlebrun/IdeaProjects/T-REX/contracts/roles/AgentRoleUpgradeable.sol
FN:77,onlyAgent
FN:82,isAgent
FN:86,addAgent
FN:91,removeAgent
FNF:4
FNH:4
FNDA:367,onlyAgent
FNDA:391,isAgent
FNDA:51,addAgent
FNDA:9,removeAgent
DA:78,367
DA:79,351
DA:83,391
DA:87,51
DA:88,51
DA:92,9
DA:93,9
LF:7
LH:7
BRDA:78,1,0,351
BRDA:78,1,1,16
BRF:2
BRH:2
end_of_record
TN:
SF:/Users/joachimlebrun/IdeaProjects/T-REX/contracts/roles/permissioning/agent/AgentManager.sol
FN:75,constructor
FN:87,callForcedTransfer
FN:108,callBatchForcedTransfer
FN:129,callPause
FN:142,callUnpause
FN:155,callMint
FN:175,callBatchMint
FN:195,callBurn
FN:215,callBatchBurn
FN:235,callSetAddressFrozen
FN:252,callBatchSetAddressFrozen
FN:269,callFreezePartialTokens
FN:286,callBatchFreezePartialTokens
FN:303,callUnfreezePartialTokens
FN:320,callBatchUnfreezePartialTokens
FN:337,callRecoveryAddress
FN:358,callRegisterIdentity
FN:379,callUpdateIdentity
FN:399,callUpdateCountry
FN:419,callDeleteIdentity
FNF:20
FNH:20
FNDA:1,constructor
FNDA:3,callForcedTransfer
FNDA:3,callBatchForcedTransfer
FNDA:3,callPause
FNDA:1,callUnpause
FNDA:3,callMint
FNDA:3,callBatchMint
FNDA:3,callBurn
FNDA:3,callBatchBurn
FNDA:4,callSetAddressFrozen
FNDA:4,callBatchSetAddressFrozen
FNDA:3,callFreezePartialTokens
FNDA:3,callBatchFreezePartialTokens
FNDA:1,callUnfreezePartialTokens
FNDA:5,callBatchUnfreezePartialTokens
FNDA:4,callRecoveryAddress
FNDA:3,callRegisterIdentity
FNDA:4,callUpdateIdentity
FNDA:4,callUpdateCountry
FNDA:1,callDeleteIdentity
DA:76,1
DA:93,3
DA:97,1
DA:114,3
DA:118,1
DA:130,3
DA:131,1
DA:143,1
DA:144,1
DA:160,3
DA:164,1
DA:180,3
DA:184,1
DA:200,3
DA:204,1
DA:220,3
DA:224,1
DA:240,4
DA:241,2
DA:257,4
DA:258,2
DA:274,3
DA:275,1
DA:291,3
DA:292,1
DA:308,1
DA:309,1
DA:325,5
DA:326,3
DA:343,4
DA:347,2
DA:364,3
DA:368,1
DA:384,4
DA:388,2
DA:404,4
DA:408,2
DA:420,1
DA:424,1
LF:39
LH:39
BRDA:93,1,0,1
BRDA:93,1,1,2
BRDA:114,2,0,1
BRDA:114,2,1,2
BRDA:130,3,0,1
BRDA:130,3,1,2
BRDA:143,4,0,1
BRDA:143,4,1,0
BRDA:160,5,0,1
BRDA:160,5,1,2
BRDA:180,6,0,1
BRDA:180,6,1,2
BRDA:200,7,0,1
BRDA:200,7,1,2
BRDA:220,8,0,1
BRDA:220,8,1,2
BRDA:240,9,0,2
BRDA:240,9,1,2
BRDA:257,10,0,2
BRDA:257,10,1,2
BRDA:274,11,0,1
BRDA:274,11,1,2
BRDA:291,12,0,1
BRDA:291,12,1,2
BRDA:308,13,0,1
BRDA:308,13,1,0
BRDA:325,14,0,3
BRDA:325,14,1,2
BRDA:343,15,0,2
BRDA:343,15,1,2
BRDA:364,16,0,1
BRDA:364,16,1,2
BRDA:384,17,0,2
BRDA:384,17,1,2
BRDA:404,18,0,2
BRDA:404,18,1,2
BRDA:420,19,0,1
BRDA:420,19,1,0
BRF:38
BRH:35
end_of_record
TN:
SF:/Users/joachimlebrun/IdeaProjects/T-REX/contracts/roles/permissioning/agent/AgentRoles.sol
FN:83,onlyAdmin
FN:90,isAgentAdmin
FN:94,addAgentAdmin
FN:100,removeAgentAdmin
FN:108,isSupplyModifier
FN:112,addSupplyModifier
FN:118,removeSupplyModifier
FN:126,isFreezer
FN:130,addFreezer
FN:136,removeFreezer
FN:144,isTransferManager
FN:148,addTransferManager
FN:154,removeTransferManager
FN:162,isRecoveryAgent
FN:166,addRecoveryAgent
FN:172,removeRecoveryAgent
FN:180,isComplianceAgent
FN:184,addComplianceAgent
FN:190,removeComplianceAgent
FN:198,isWhiteListManager
FN:202,addWhiteListManager
FN:208,removeWhiteListManager
FNF:22
FNH:22
FNDA:43,onlyAdmin
FNDA:42,isAgentAdmin
FNDA:2,addAgentAdmin
FNDA:1,removeAgentAdmin
FNDA:18,isSupplyModifier
FNDA:3,addSupplyModifier
FNDA:3,removeSupplyModifier
FNDA:36,isFreezer
FNDA:6,addFreezer
FNDA:6,removeFreezer
FNDA:11,isTransferManager
FNDA:3,addTransferManager
FNDA:3,removeTransferManager
FNDA:8,isRecoveryAgent
FNDA:2,addRecoveryAgent
FNDA:2,removeRecoveryAgent
FNDA:2,isComplianceAgent
FNDA:1,addComplianceAgent
FNDA:1,removeComplianceAgent
FNDA:18,isWhiteListManager
FNDA:4,addWhiteListManager
FNDA:4,removeWhiteListManager
DA:84,43
DA:85,41
DA:91,42
DA:95,2
DA:96,2
DA:97,2
DA:101,1
DA:102,1
DA:103,1
DA:109,18
DA:113,3
DA:114,3
DA:115,3
DA:119,3
DA:120,3
DA:121,3
DA:127,36
DA:131,6
DA:132,6
DA:133,6
DA:137,6
DA:138,6
DA:139,6
DA:145,11
DA:149,3
DA:150,3
DA:151,3
DA:155,3
DA:156,3
DA:157,3
DA:163,8
DA:167,2
DA:168,2
DA:169,2
DA:173,2
DA:174,2
DA:175,2
DA:181,2
DA:185,1
DA:186,1
DA:187,1
DA:191,1
DA:192,1
DA:193,1
DA:199,18
DA:203,4
DA:204,4
DA:205,4
DA:209,4
DA:210,4
DA:211,4
LF:51
LH:51
BRDA:84,1,0,41
BRDA:84,1,1,2
BRF:2
BRH:2
end_of_record
TN:
SF:/Users/joachimlebrun/IdeaProjects/T-REX/contracts/roles/permissioning/agent/AgentRolesUpgradeable.sol
FN:85,onlyAdmin
FN:92,isAgentAdmin
FN:96,addAgentAdmin
FN:102,removeAgentAdmin
FN:110,isSupplyModifier
FN:114,addSupplyModifier
FN:120,removeSupplyModifier
FN:128,isFreezer
FN:132,addFreezer
FN:138,removeFreezer
FN:146,isTransferManager
FN:150,addTransferManager
FN:156,removeTransferManager
FN:164,isRecoveryAgent
FN:168,addRecoveryAgent
FN:174,removeRecoveryAgent
FN:182,isComplianceAgent
FN:186,addComplianceAgent
FN:192,removeComplianceAgent
FN:200,isWhiteListManager
FN:204,addWhiteListManager
FN:210,removeWhiteListManager
FNF:22
FNH:0
FNDA:0,onlyAdmin
FNDA:0,isAgentAdmin
FNDA:0,addAgentAdmin
FNDA:0,removeAgentAdmin
FNDA:0,isSupplyModifier
FNDA:0,addSupplyModifier
FNDA:0,removeSupplyModifier
FNDA:0,isFreezer
FNDA:0,addFreezer
FNDA:0,removeFreezer
FNDA:0,isTransferManager
FNDA:0,addTransferManager
FNDA:0,removeTransferManager
FNDA:0,isRecoveryAgent
FNDA:0,addRecoveryAgent
FNDA:0,removeRecoveryAgent
FNDA:0,isComplianceAgent
FNDA:0,addComplianceAgent
FNDA:0,removeComplianceAgent
FNDA:0,isWhiteListManager
FNDA:0,addWhiteListManager
FNDA:0,removeWhiteListManager
DA:86,0
DA:87,0
DA:93,0
DA:97,0
DA:98,0
DA:99,0
DA:103,0
DA:104,0
DA:105,0
DA:111,0
DA:115,0
DA:116,0
DA:117,0
DA:121,0
DA:122,0
DA:123,0
DA:129,0
DA:133,0
DA:134,0
DA:135,0
DA:139,0
DA:140,0
DA:141,0
DA:147,0
DA:151,0
DA:152,0
DA:153,0
DA:157,0
DA:158,0
DA:159,0
DA:165,0
DA:169,0
DA:170,0
DA:171,0
DA:175,0
DA:176,0
DA:177,0
DA:183,0
DA:187,0
DA:188,0
DA:189,0
DA:193,0
DA:194,0
DA:195,0
DA:201,0
DA:205,0
DA:206,0
DA:207,0
DA:211,0
DA:212,0
DA:213,0
LF:51
LH:0
BRDA:86,1,0,0
BRDA:86,1,1,0
BRF:2
BRH:0
end_of_record
TN:
SF:/Users/joachimlebrun/IdeaProjects/T-REX/contracts/roles/permissioning/owner/OwnerManager.sol
FN:91,constructor
FN:103,callSetIdentityRegistry
FN:119,callSetCompliance
FN:134,callComplianceFunction
FN:174,selector
FN:197,callSetTokenName
FN:213,callSetTokenSymbol
FN:229,callSetTokenOnchainID
FN:245,callSetClaimTopicsRegistry
FN:261,callSetTrustedIssuersRegistry
FN:277,callAddTrustedIssuer
FN:297,callRemoveTrustedIssuer
FN:313,callUpdateIssuerClaimTopics
FN:333,callAddClaimTopic
FN:349,callRemoveClaimTopic
FN:363,callTransferOwnershipOnTokenContract
FN:373,callTransferOwnershipOnIdentityRegistryContract
FN:383,callTransferOwnershipOnComplianceContract
FN:393,callTransferOwnershipOnClaimTopicsRegistryContract
FN:403,callTransferOwnershipOnIssuersRegistryContract
FN:413,callAddAgentOnTokenContract
FN:423,callRemoveAgentOnTokenContract
FN:433,callAddAgentOnIdentityRegistryContract
FN:443,callRemoveAgentOnIdentityRegistryContract
FNF:24
FNH:24
FNDA:1,constructor
FNDA:4,callSetIdentityRegistry
FNDA:4,callSetCompliance
FNDA:1,callComplianceFunction
FNDA:1,selector
FNDA:4,callSetTokenName
FNDA:4,callSetTokenSymbol
FNDA:4,callSetTokenOnchainID
FNDA:4,callSetClaimTopicsRegistry
FNDA:4,callSetTrustedIssuersRegistry
FNDA:1,callAddTrustedIssuer
FNDA:3,callRemoveTrustedIssuer
FNDA:4,callUpdateIssuerClaimTopics
FNDA:3,callAddClaimTopic
FNDA:3,callRemoveClaimTopic
FNDA:1,callTransferOwnershipOnTokenContract
FNDA:1,callTransferOwnershipOnIdentityRegistryContract
FNDA:1,callTransferOwnershipOnComplianceContract
FNDA:1,callTransferOwnershipOnClaimTopicsRegistryContract
FNDA:1,callTransferOwnershipOnIssuersRegistryContract
FNDA:1,callAddAgentOnTokenContract
FNDA:1,callRemoveAgentOnTokenContract
FNDA:1,callAddAgentOnIdentityRegistryContract
FNDA:1,callRemoveAgentOnIdentityRegistryContract
DA:92,1
DA:104,4
DA:108,2
DA:120,4
DA:124,2
DA:135,1
DA:138,1
DA:147,1
DA:166,1
DA:175,1
DA:183,1
DA:198,4
DA:202,2
DA:214,4
DA:218,2
DA:230,4
DA:234,2
DA:246,4
DA:250,2
DA:262,4
DA:266,2
DA:282,1
DA:286,1
DA:298,3
DA:302,1
DA:318,4
DA:322,2
DA:334,3
DA:338,1
DA:350,3
DA:354,1
DA:364,1
DA:374,1
DA:384,1
DA:394,1
DA:404,1
DA:414,1
DA:424,1
DA:434,1
DA:444,1
LF:40
LH:40
BRDA:104,1,0,2
BRDA:104,1,1,2
BRDA:120,2,0,2
BRDA:120,2,1,2
BRDA:135,3,0,1
BRDA:135,3,1,0
BRDA:175,4,0,1
BRDA:175,4,1,0
BRDA:198,5,0,2
BRDA:198,5,1,2
BRDA:214,6,0,2
BRDA:214,6,1,2
BRDA:230,7,0,2
BRDA:230,7,1,2
BRDA:246,8,0,2
BRDA:246,8,1,2
BRDA:262,9,0,2
BRDA:262,9,1,2
BRDA:282,10,0,1
BRDA:282,10,1,0
BRDA:298,11,0,1
BRDA:298,11,1,2
BRDA:318,12,0,2
BRDA:318,12,1,2
BRDA:334,13,0,1
BRDA:334,13,1,2
BRDA:350,14,0,1
BRDA:350,14,1,2
BRF:28
BRH:25
end_of_record
TN:
SF:/Users/joachimlebrun/IdeaProjects/T-REX/contracts/roles/permissioning/owner/OwnerRoles.sol
FN:83,onlyAdmin
FN:90,isOwnerAdmin
FN:94,addOwnerAdmin
FN:100,removeOwnerAdmin
FN:108,isRegistryAddressSetter
FN:112,addRegistryAddressSetter
FN:118,removeRegistryAddressSetter
FN:126,isComplianceSetter
FN:130,addComplianceSetter
FN:136,removeComplianceSetter
FN:144,isComplianceManager
FN:148,addComplianceManager
FN:154,removeComplianceManager
FN:162,isClaimRegistryManager
FN:166,addClaimRegistryManager
FN:172,removeClaimRegistryManager
FN:180,isIssuersRegistryManager
FN:184,addIssuersRegistryManager
FN:190,removeIssuersRegistryManager
FN:198,isTokenInfoManager
FN:202,addTokenInfoManager
FN:208,removeTokenInfoManager
FNF:22
FNH:22
FNDA:68,onlyAdmin
FNDA:28,isOwnerAdmin
FNDA:2,addOwnerAdmin
FNDA:1,removeOwnerAdmin
FNDA:19,isRegistryAddressSetter
FNDA:4,addRegistryAddressSetter
FNDA:4,removeRegistryAddressSetter
FNDA:9,isComplianceSetter
FNDA:2,addComplianceSetter
FNDA:2,removeComplianceSetter
FNDA:2,isComplianceManager
FNDA:1,addComplianceManager
FNDA:1,removeComplianceManager
FNDA:11,isClaimRegistryManager
FNDA:2,addClaimRegistryManager
FNDA:2,removeClaimRegistryManager
FNDA:14,isIssuersRegistryManager
FNDA:3,addIssuersRegistryManager
FNDA:3,removeIssuersRegistryManager
FNDA:19,isTokenInfoManager
FNDA:4,addTokenInfoManager
FNDA:4,removeTokenInfoManager
DA:84,68
DA:85,44
DA:91,28
DA:95,2
DA:96,2
DA:97,2
DA:101,1
DA:102,1
DA:103,1
DA:109,19
DA:113,4
DA:114,4
DA:115,4
DA:119,4
DA:120,4
DA:121,4
DA:127,9
DA:131,2
DA:132,2
DA:133,2
DA:137,2
DA:138,2
DA:139,2
DA:145,2
DA:149,1
DA:150,1
DA:151,1
DA:155,1
DA:156,1
DA:157,1
DA:163,11
DA:167,2
DA:168,2
DA:169,2
DA:173,2
DA:174,2
DA:175,2
DA:181,14
DA:185,3
DA:186,3
DA:187,3
DA:191,3
DA:192,3
DA:193,3
DA:199,19
DA:203,4
DA:204,4
DA:205,4
DA:209,4
DA:210,4
DA:211,4
LF:51
LH:51
BRDA:84,1,0,44
BRDA:84,1,1,24
BRF:2
BRH:2
end_of_record
TN:
SF:/Users/joachimlebrun/IdeaProjects/T-REX/contracts/roles/permissioning/owner/OwnerRolesUpgradeable.sol
FN:84,onlyAdmin
FN:91,isOwnerAdmin
FN:95,addOwnerAdmin
FN:101,removeOwnerAdmin
FN:109,isRegistryAddressSetter
FN:113,addRegistryAddressSetter
FN:119,removeRegistryAddressSetter
FN:127,isComplianceSetter
FN:131,addComplianceSetter
FN:137,removeComplianceSetter
FN:145,isClaimRegistryManager
FN:149,addClaimRegistryManager
FN:155,removeClaimRegistryManager
FN:163,isIssuersRegistryManager
FN:167,addIssuersRegistryManager
FN:173,removeIssuersRegistryManager
FN:181,isTokenInfoManager
FN:185,addTokenInfoManager
FN:191,removeTokenInfoManager
FNF:19
FNH:0
FNDA:0,onlyAdmin
FNDA:0,isOwnerAdmin
FNDA:0,addOwnerAdmin
FNDA:0,removeOwnerAdmin
FNDA:0,isRegistryAddressSetter
FNDA:0,addRegistryAddressSetter
FNDA:0,removeRegistryAddressSetter
FNDA:0,isComplianceSetter
FNDA:0,addComplianceSetter
FNDA:0,removeComplianceSetter
FNDA:0,isClaimRegistryManager
FNDA:0,addClaimRegistryManager
FNDA:0,removeClaimRegistryManager
FNDA:0,isIssuersRegistryManager
FNDA:0,addIssuersRegistryManager
FNDA:0,removeIssuersRegistryManager
FNDA:0,isTokenInfoManager
FNDA:0,addTokenInfoManager
FNDA:0,removeTokenInfoManager
DA:85,0
DA:86,0
DA:92,0
DA:96,0
DA:97,0
DA:98,0
DA:102,0
DA:103,0
DA:104,0
DA:110,0
DA:114,0
DA:115,0
DA:116,0
DA:120,0
DA:121,0
DA:122,0
DA:128,0
DA:132,0
DA:133,0
DA:134,0
DA:138,0
DA:139,0
DA:140,0
DA:146,0
DA:150,0
DA:151,0
DA:152,0
DA:156,0
DA:157,0
DA:158,0
DA:164,0
DA:168,0
DA:169,0
DA:170,0
DA:174,0
DA:175,0
DA:176,0
DA:182,0
DA:186,0
DA:187,0
DA:188,0
DA:192,0
DA:193,0
DA:194,0
LF:44
LH:0
BRDA:85,1,0,0
BRDA:85,1,1,0
BRF:2
BRH:0
end_of_record
TN:
SF:/Users/joachimlebrun/IdeaProjects/T-REX/contracts/roles/Roles.sol
FN:77,add
FN:85,remove
FN:94,has
FNF:3
FNH:3
FNDA:90,add
FNDA:46,remove
FNDA:764,has
DA:78,90
DA:79,90
DA:86,46
DA:87,46
DA:95,764
DA:96,764
LF:6
LH:6
BRDA:78,1,0,90
BRDA:78,1,1,0
BRDA:86,2,0,46
BRDA:86,2,1,0
BRDA:95,3,0,764
BRDA:95,3,1,0
BRF:6
BRH:3
end_of_record
TN:
SF:/Users/joachimlebrun/IdeaProjects/T-REX/contracts/token/IToken.sol
FNF:0
FNH:0
LF:0
LH:0
BRF:0
BRH:0
end_of_record
TN:
SF:/Users/joachimlebrun/IdeaProjects/T-REX/contracts/token/Token.sol
FN:95,init
FN:108,whenNotPaused
FN:114,whenPaused
FN:122,totalSupply
FN:129,balanceOf
FN:136,allowance
FN:143,approve
FN:151,increaseAllowance
FN:159,decreaseAllowance
FN:167,_transfer
FN:185,_mint
FN:198,_burn
FN:211,_approve
FN:226,_beforeTokenTransfer
FN:235,decimals
FN:242,name
FN:249,onchainID
FN:256,symbol
FN:263,version
FN:270,setName
FN:278,setSymbol
FN:286,setOnchainID
FN:294,paused
FN:301,isFrozen
FN:308,getFrozenTokens
FN:321,transfer
FN:335,pause
FN:343,unpause
FN:351,identityRegistry
FN:358,compliance
FN:365,batchTransfer
FN:385,transferFrom
FN:405,forcedTransfer
FN:423,batchForcedTransfer
FN:436,mint
FN:446,batchMint
FN:455,burn
FN:469,batchBurn
FN:478,setAddressFrozen
FN:487,batchSetAddressFrozen
FN:496,freezePartialTokens
FN:506,batchFreezePartialTokens
FN:515,unfreezePartialTokens
FN:524,batchUnfreezePartialTokens
FN:533,setIdentityRegistry
FN:541,setCompliance
FN:557,recoveryAddress
FNF:47
FNH:47
FNDA:10,init
FNDA:118,whenNotPaused
FNDA:10,whenPaused
FNDA:23,totalSupply
FNDA:351,balanceOf
FNDA:18,allowance
FNDA:15,approve
FNDA:9,increaseAllowance
FNDA:5,decreaseAllowance
FNDA:101,_transfer
FNDA:33,_mint
FNDA:28,_burn
FNDA:38,_approve
FNDA:162,_beforeTokenTransfer
FNDA:2,decimals
FNDA:4,name
FNDA:4,onchainID
FNDA:4,symbol
FNDA:1,version
FNDA:4,setName
FNDA:4,setSymbol
FNDA:3,setOnchainID
FNDA:6,paused
FNDA:5,isFrozen
FNDA:23,getFrozenTokens
FNDA:93,transfer
FNDA:4,pause
FNDA:8,unpause
FNDA:54,identityRegistry
FNDA:10,compliance
FNDA:1,batchTransfer
FNDA:15,transferFrom
FNDA:37,forcedTransfer
FNDA:4,batchForcedTransfer
FNDA:37,mint
FNDA:5,batchMint
FNDA:30,burn
FNDA:5,batchBurn
FNDA:22,setAddressFrozen
FNDA:6,batchSetAddressFrozen
FNDA:38,freezePartialTokens
FNDA:6,batchFreezePartialTokens
FNDA:39,unfreezePartialTokens
FNDA:7,batchUnfreezePartialTokens
FNDA:14,setIdentityRegistry
FNDA:13,setCompliance
FNDA:6,recoveryAddress
DA:96,10
DA:97,10
DA:98,10
DA:99,10
DA:100,10
DA:101,10
DA:102,10
DA:103,10
DA:104,10
DA:109,118
DA:110,112
DA:115,10
DA:116,8
DA:123,23
DA:130,351
DA:137,18
DA:144,15
DA:145,11
DA:152,9
DA:153,9
DA:160,5
DA:161,5
DA:172,101
DA:173,101
DA:175,101
DA:177,101
DA:178,101
DA:179,101
DA:186,33
DA:188,33
DA:190,33
DA:191,33
DA:192,33
DA:199,28
DA:201,28
DA:203,28
DA:204,28
DA:205,28
DA:216,38
DA:217,38
DA:219,34
DA:220,34
DA:236,2
DA:243,4
DA:250,4
DA:257,4
DA:264,1
DA:271,4
DA:272,4
DA:279,4
DA:280,4
DA:287,3
DA:288,3
DA:295,6
DA:302,5
DA:309,23
DA:322,93
DA:323,89
DA:324,83
DA:325,59
DA:326,59
DA:327,59
DA:329,24
DA:336,4
DA:337,4
DA:344,8
DA:345,8
DA:352,54
DA:359,10
DA:366,1
DA:367,20
DA:386,15
DA:387,13
DA:388,11
DA:389,9
DA:390,9
DA:391,9
DA:392,9
DA:395,2
DA:406,37
DA:407,37
DA:408,5
DA:409,5
DA:410,3
DA:412,35
DA:413,33
DA:414,33
DA:415,33
DA:417,2
DA:428,4
DA:429,24
DA:437,37
DA:438,33
DA:439,33
DA:440,33
DA:447,5
DA:448,26
DA:456,30
DA:457,30
DA:458,2
DA:459,2
DA:460,0
DA:462,28
DA:463,28
DA:470,5
DA:471,26
DA:479,22
DA:481,22
DA:488,6
DA:489,10
DA:497,38
DA:498,38
DA:499,36
DA:500,36
DA:507,6
DA:508,28
DA:516,39
DA:517,35
DA:518,35
DA:525,7
DA:526,28
DA:534,14
DA:535,14
DA:542,13
DA:543,3
DA:545,13
DA:546,13
DA:547,13
DA:558,6
DA:559,6
DA:560,6
DA:561,6
DA:562,4
DA:563,4
DA:564,4
DA:565,4
DA:566,4
DA:567,4
DA:568,2
DA:570,4
DA:571,2
DA:573,4
DA:574,4
DA:576,2
LF:144
LH:143
BRDA:109,1,0,112
BRDA:109,1,1,6
BRDA:115,2,0,8
BRDA:115,2,1,2
BRDA:172,3,0,101
BRDA:172,3,1,0
BRDA:173,4,0,101
BRDA:173,4,1,0
BRDA:186,5,0,33
BRDA:186,5,1,0
BRDA:199,6,0,28
BRDA:199,6,1,0
BRDA:216,7,0,38
BRDA:216,7,1,0
BRDA:217,8,0,34
BRDA:217,8,1,4
BRDA:322,9,0,89
BRDA:322,9,1,4
BRDA:323,10,0,83
BRDA:323,10,1,6
BRDA:324,11,0,59
BRDA:324,11,1,24
BRDA:386,12,0,13
BRDA:386,12,1,2
BRDA:387,13,0,11
BRDA:387,13,1,2
BRDA:388,14,0,9
BRDA:388,14,1,2
BRDA:407,15,0,5
BRDA:407,15,1,32
BRDA:412,16,0,33
BRDA:412,16,1,2
BRDA:437,17,0,33
BRDA:437,17,1,4
BRDA:438,18,0,33
BRDA:438,18,1,0
BRDA:457,19,0,2
BRDA:457,19,1,28
BRDA:498,20,0,36
BRDA:498,20,1,2
BRDA:516,21,0,35
BRDA:516,21,1,4
BRDA:542,22,0,3
BRDA:542,22,1,10
BRDA:558,23,0,6
BRDA:558,23,1,0
BRDA:561,24,0,4
BRDA:561,24,1,2
BRDA:567,25,0,2
BRDA:567,25,1,2
BRDA:570,26,0,2
BRDA:570,26,1,2
BRF:52
BRH:45
end_of_record
TN:
SF:/Users/joachimlebrun/IdeaProjects/T-REX/contracts/token/TokenStorage.sol
FNF:0
FNH:0
LF:0
LH:0
BRF:0
BRH:0
end_of_record
