TN:
SF:/Users/kevin.thizy/Documents/Missions/Tokeny/T-REX/T-REX/contracts/compliance/modular/IModularCompliance.sol
FNF:0
FNH:0
LF:0
LH:0
BRF:0
BRH:0
end_of_record
TN:
SF:/Users/kevin.thizy/Documents/Missions/Tokeny/T-REX/T-REX/contracts/compliance/modular/MCStorage.sol
FNF:0
FNH:0
LF:0
LH:0
BRF:0
BRH:0
end_of_record
TN:
SF:/Users/kevin.thizy/Documents/Missions/Tokeny/T-REX/T-REX/contracts/compliance/modular/ModularCompliance.sol
FN:78,onlyToken
FN:83,init
FN:90,bindToken
FN:101,unbindToken
FN:112,addModule
FN:125,removeModule
FN:144,transferred
FN:159,created
FN:171,destroyed
FN:183,callModuleFunction
FN:218,isModuleBound
FN:225,getModules
FN:232,getTokenBound
FN:239,canTransfer
FN:253,_selector
FNF:15
FNH:15
FNDA:14,onlyToken
FNDA:69,init
FNDA:30,bindToken
FNDA:4,unbindToken
FNDA:46,addModule
FNDA:3,removeModule
FNDA:5,transferred
FNDA:3,created
FNDA:3,destroyed
FNDA:41,callModuleFunction
FNDA:2,isModuleBound
FNDA:1,getModules
FNDA:26,getTokenBound
FNDA:5,canTransfer
FNDA:31,_selector
DA:79,14
DA:80,11
DA:84,69
DA:91,30
DA:93,28
DA:94,27
DA:95,27
DA:102,4
DA:103,3
DA:104,2
DA:105,1
DA:106,1
DA:113,46
DA:114,45
DA:115,44
DA:116,43
DA:117,43
DA:118,43
DA:119,43
DA:126,3
DA:127,2
DA:128,1
DA:129,1
DA:130,2
DA:131,1
DA:132,1
DA:133,1
DA:134,1
DA:135,1
DA:136,1
DA:145,5
DA:149,3
DA:150,2
DA:151,2
DA:152,3
DA:160,3
DA:161,2
DA:162,1
DA:163,1
DA:164,2
DA:172,3
DA:173,2
DA:174,1
DA:175,1
DA:176,2
DA:184,41
DA:192,40
DA:211,31
DA:219,2
DA:226,1
DA:233,26
DA:240,5
DA:241,5
DA:242,5
DA:243,4
DA:246,1
DA:254,31
DA:262,31
LF:58
LH:58
BRDA:79,1,0,11
BRDA:79,1,1,3
BRDA:83,2,0,69
BRDA:83,2,1,1
BRDA:91,3,0,28
BRDA:91,3,1,2
BRDA:91,4,0,11
BRDA:91,4,1,17
BRDA:93,5,0,27
BRDA:93,5,1,1
BRDA:102,6,0,3
BRDA:102,6,1,1
BRDA:102,7,0,2
BRDA:102,7,1,1
BRDA:103,8,0,2
BRDA:103,8,1,1
BRDA:104,9,0,1
BRDA:104,9,1,1
BRDA:112,10,0,46
BRDA:112,10,1,1
BRDA:113,11,0,45
BRDA:113,11,1,1
BRDA:114,12,0,44
BRDA:114,12,1,1
BRDA:115,13,0,43
BRDA:115,13,1,1
BRDA:125,14,0,3
BRDA:125,14,1,1
BRDA:126,15,0,2
BRDA:126,15,1,1
BRDA:127,16,0,1
BRDA:127,16,1,1
BRDA:130,17,0,1
BRDA:130,17,1,1
BRDA:144,18,0,5
BRDA:144,18,1,1
BRDA:145,19,0,3
BRDA:145,19,1,2
BRDA:149,20,0,2
BRDA:149,20,1,1
BRDA:159,21,0,3
BRDA:159,21,1,1
BRDA:160,22,0,2
BRDA:160,22,1,1
BRDA:161,23,0,1
BRDA:161,23,1,1
BRDA:171,24,0,3
BRDA:171,24,1,1
BRDA:172,25,0,2
BRDA:172,25,1,1
BRDA:173,26,0,1
BRDA:173,26,1,1
BRDA:183,27,0,41
BRDA:183,27,1,1
BRDA:184,28,0,40
BRDA:184,28,1,1
BRDA:242,29,0,4
BRDA:242,29,1,1
BRDA:254,30,0,31
BRDA:254,30,1,0
BRF:60
BRH:59
end_of_record
TN:
SF:/Users/kevin.thizy/Documents/Missions/Tokeny/T-REX/T-REX/contracts/compliance/modular/modules/AbstractModule.sol
FN:74,onlyBoundCompliance
FN:82,onlyComplianceCall
FN:90,bindCompliance
FN:101,unbindCompliance
FN:111,isComplianceBound
FNF:5
FNH:4
FNDA:0,onlyBoundCompliance
FNDA:81,onlyComplianceCall
FNDA:43,bindCompliance
FNDA:1,unbindCompliance
FNDA:2,isComplianceBound
DA:75,0
DA:76,0
DA:83,81
DA:84,54
DA:91,43
DA:92,43
DA:93,43
DA:94,43
DA:95,43
DA:102,1
DA:103,1
DA:104,1
DA:105,1
DA:112,2
LF:14
LH:12
BRDA:75,1,0,0
BRDA:75,1,1,0
BRDA:83,2,0,54
BRDA:83,2,1,27
BRDA:91,3,0,43
BRDA:91,3,1,0
BRDA:92,4,0,43
BRDA:92,4,1,0
BRDA:93,5,0,43
BRDA:93,5,1,0
BRDA:101,6,0,1
BRDA:101,6,1,1
BRDA:102,7,0,1
BRDA:102,7,1,0
BRDA:103,8,0,1
BRDA:103,8,1,0
BRF:16
BRH:9
end_of_record
TN:
SF:/Users/kevin.thizy/Documents/Missions/Tokeny/T-REX/T-REX/contracts/compliance/modular/modules/ConditionalTransferModule.sol
FN:109,batchApproveTransfers
FN:128,batchUnApproveTransfers
FN:143,moduleTransferAction
FN:156,moduleMintAction
FN:163,moduleBurnAction
FN:169,moduleCheck
FN:188,approveTransfer
FN:204,unApproveTransfer
FN:218,isTransferApproved
FN:231,getTransferApprovals
FN:243,calculateTransferHash
FNF:11
FNH:11
FNDA:4,batchApproveTransfers
FNDA:2,batchUnApproveTransfers
FNDA:2,moduleTransferAction
FNDA:1,moduleMintAction
FNDA:1,moduleBurnAction
FNDA:2,moduleCheck
FNDA:4,approveTransfer
FNDA:2,unApproveTransfer
FNDA:5,isTransferApproved
FNDA:1,getTransferApprovals
FNDA:14,calculateTransferHash
DA:110,4
DA:111,4
DA:129,2
DA:130,2
DA:144,2
DA:145,2
DA:146,1
DA:147,1
DA:175,2
DA:176,2
DA:189,4
DA:190,4
DA:191,4
DA:205,2
DA:206,2
DA:207,1
DA:208,1
DA:219,5
DA:220,2
DA:222,3
DA:232,1
DA:249,14
DA:250,14
LF:23
LH:23
BRDA:109,1,0,4
BRDA:109,1,1,1
BRDA:128,2,0,2
BRDA:128,2,1,1
BRDA:143,3,0,2
BRDA:143,3,1,1
BRDA:145,4,0,1
BRDA:145,4,1,1
BRDA:156,5,0,1
BRDA:156,5,1,1
BRDA:163,6,0,1
BRDA:163,6,1,1
BRDA:188,7,0,4
BRDA:188,7,1,1
BRDA:204,8,0,2
BRDA:204,8,1,1
BRDA:206,9,0,1
BRDA:206,9,1,1
BRDA:219,10,0,2
BRDA:219,10,1,3
BRF:20
BRH:20
end_of_record
TN:
SF:/Users/kevin.thizy/Documents/Missions/Tokeny/T-REX/T-REX/contracts/compliance/modular/modules/CountryAllowModule.sol
FN:103,batchAllowCountries
FN:118,batchDisallowCountries
FN:132,addAllowedCountry
FN:146,removeAllowedCountry
FN:157,moduleTransferAction
FN:164,moduleMintAction
FN:171,moduleBurnAction
FN:179,moduleCheck
FN:193,isCountryAllowed
FN:204,_getCountry
FNF:10
FNH:10
FNDA:4,batchAllowCountries
FNDA:1,batchDisallowCountries
FNDA:4,addAllowedCountry
FNDA:2,removeAllowedCountry
FNDA:3,moduleTransferAction
FNDA:2,moduleMintAction
FNDA:2,moduleBurnAction
FNDA:7,moduleCheck
FNDA:13,isCountryAllowed
FNDA:7,_getCountry
DA:104,4
DA:105,8
DA:106,8
DA:119,1
DA:120,2
DA:121,2
DA:133,4
DA:134,3
DA:135,3
DA:147,2
DA:148,1
DA:149,1
DA:185,7
DA:186,7
DA:194,13
DA:205,7
LF:16
LH:16
BRDA:103,1,0,4
BRDA:103,1,1,2
BRDA:118,2,0,1
BRDA:118,2,1,2
BRDA:132,3,0,4
BRDA:132,3,1,2
BRDA:133,4,0,1
BRDA:133,4,1,3
BRDA:146,5,0,2
BRDA:146,5,1,2
BRDA:147,6,0,1
BRDA:147,6,1,1
BRDA:157,7,0,3
BRDA:157,7,1,0
BRDA:164,8,0,2
BRDA:164,8,1,0
BRDA:171,9,0,2
BRDA:171,9,1,0
BRF:18
BRH:15
end_of_record
TN:
SF:/Users/kevin.thizy/Documents/Missions/Tokeny/T-REX/T-REX/contracts/compliance/modular/modules/CountryRestrictModule.sol
FN:94,addCountryRestriction
FN:108,removeCountryRestriction
FN:123,batchRestrictCountries
FN:141,batchUnrestrictCountries
FN:155,moduleTransferAction
FN:162,moduleMintAction
FN:169,moduleBurnAction
FN:177,moduleCheck
FN:194,isCountryRestricted
FN:206,_getCountry
FNF:10
FNH:10
FNDA:5,addCountryRestriction
FNDA:2,removeCountryRestriction
FNDA:6,batchRestrictCountries
FNDA:3,batchUnrestrictCountries
FNDA:1,moduleTransferAction
FNDA:1,moduleMintAction
FNDA:1,moduleBurnAction
FNDA:2,moduleCheck
FNDA:8,isCountryRestricted
FNDA:2,_getCountry
DA:95,5
DA:96,4
DA:97,4
DA:109,2
DA:110,1
DA:111,1
DA:124,6
DA:125,5
DA:126,10
DA:127,9
DA:128,9
DA:142,3
DA:143,2
DA:144,3
DA:145,2
DA:146,2
DA:183,2
DA:184,2
DA:185,1
DA:187,1
DA:196,8
DA:207,2
LF:22
LH:22
BRDA:94,1,0,5
BRDA:94,1,1,2
BRDA:95,2,0,4
BRDA:95,2,1,1
BRDA:108,3,0,2
BRDA:108,3,1,2
BRDA:109,4,0,1
BRDA:109,4,1,1
BRDA:123,5,0,6
BRDA:123,5,1,2
BRDA:124,6,0,5
BRDA:124,6,1,1
BRDA:126,7,0,9
BRDA:126,7,1,1
BRDA:141,8,0,3
BRDA:141,8,1,2
BRDA:142,9,0,2
BRDA:142,9,1,1
BRDA:144,10,0,2
BRDA:144,10,1,1
BRDA:155,11,0,1
BRDA:155,11,1,1
BRDA:162,12,0,1
BRDA:162,12,1,1
BRDA:169,13,0,1
BRDA:169,13,1,1
BRDA:184,14,0,1
BRDA:184,14,1,1
BRF:28
BRH:28
end_of_record
TN:
SF:/Users/kevin.thizy/Documents/Missions/Tokeny/T-REX/T-REX/contracts/compliance/modular/modules/IModule.sol
FNF:0
FNH:0
LF:0
LH:0
BRF:0
BRH:0
end_of_record
TN:
SF:/Users/kevin.thizy/Documents/Missions/Tokeny/T-REX/T-REX/contracts/DVD/DVDTransferManager.sol
FN:154,constructor
FN:177,modifyFee
FN:240,initiateDVDTransfer
FN:305,takeDVDTransfer
FN:355,cancelDVDTransfer
FN:380,isTREX
FN:399,isTREXAgent
FN:413,isTREXOwner
FN:428,calculateFee
FN:463,calculateParity
FN:479,calculateTransferID
FNF:11
FNH:11
FNDA:3,constructor
FNDA:12,modifyFee
FNDA:7,initiateDVDTransfer
FNDA:6,takeDVDTransfer
FNDA:10,cancelDVDTransfer
FNDA:11,isTREX
FNDA:6,isTREXAgent
FNDA:4,isTREXOwner
FNDA:2,calculateFee
FNDA:8,calculateParity
FNDA:3,calculateTransferID
DA:155,3
DA:185,12
DA:190,11
DA:194,11
DA:200,5
DA:201,4
DA:203,4
DA:204,3
DA:206,3
DA:207,3
DA:208,3
DA:209,3
DA:210,3
DA:211,3
DA:212,3
DA:213,3
DA:214,3
DA:215,3
DA:216,3
DA:217,3
DA:218,3
DA:219,3
DA:220,3
DA:221,3
DA:222,3
DA:223,3
DA:246,7
DA:247,6
DA:250,5
DA:251,4
DA:252,3
DA:253,3
DA:254,3
DA:255,3
DA:256,3
DA:257,3
DA:258,3
DA:259,3
DA:260,3
DA:269,3
DA:270,3
DA:271,3
DA:279,3
DA:306,6
DA:307,6
DA:308,6
DA:311,3
DA:312,3
DA:313,3
DA:318,2
DA:321,2
DA:324,2
DA:325,2
DA:326,1
DA:327,1
DA:329,2
DA:330,1
DA:332,2
DA:333,1
DA:334,1
DA:336,2
DA:337,1
DA:339,2
DA:340,2
DA:341,2
DA:356,10
DA:357,10
DA:358,10
DA:359,5
DA:366,4
DA:367,4
DA:368,4
DA:381,11
DA:382,5
DA:383,4
DA:385,1
DA:388,6
DA:400,6
DA:401,2
DA:403,4
DA:414,4
DA:415,2
DA:417,2
DA:429,2
DA:430,2
DA:431,2
DA:432,2
DA:435,2
DA:436,2
DA:437,2
DA:438,1
DA:440,1
DA:442,1
DA:443,1
DA:444,1
DA:445,1
DA:446,1
DA:449,1
DA:450,1
DA:451,1
DA:452,1
DA:453,1
DA:464,8
DA:465,8
DA:488,3
DA:491,3
LF:106
LH:106
BRDA:185,1,0,11
BRDA:185,1,1,1
BRDA:186,2,0,11
BRDA:186,2,1,0
BRDA:186,3,0,0
BRDA:186,3,1,0
BRDA:190,4,0,11
BRDA:190,4,1,0
BRDA:194,5,0,5
BRDA:194,5,1,6
BRDA:200,6,0,4
BRDA:200,6,1,1
BRDA:201,7,0,3
BRDA:201,7,1,1
BRDA:203,8,0,3
BRDA:203,8,1,1
BRDA:204,9,0,2
BRDA:204,9,1,1
BRDA:246,10,0,6
BRDA:246,10,1,1
BRDA:247,11,0,5
BRDA:247,11,1,1
BRDA:250,12,0,4
BRDA:250,12,1,1
BRDA:251,13,0,3
BRDA:251,13,1,1
BRDA:308,14,0,3
BRDA:308,14,1,3
BRDA:313,15,0,2
BRDA:313,15,1,1
BRDA:314,16,0,2
BRDA:314,16,1,0
BRDA:314,17,0,0
BRDA:314,17,1,0
BRDA:318,18,0,2
BRDA:318,18,1,0
BRDA:321,19,0,2
BRDA:321,19,1,0
BRDA:325,20,0,1
BRDA:325,20,1,1
BRDA:329,21,0,1
BRDA:329,21,1,1
BRDA:332,22,0,1
BRDA:332,22,1,1
BRDA:336,23,0,1
BRDA:336,23,1,1
BRDA:358,24,0,5
BRDA:358,24,1,5
BRDA:359,25,0,4
BRDA:359,25,1,1
BRDA:360,26,0,1
BRDA:360,26,1,1
BRDA:360,27,0,1
BRDA:360,27,1,2
BRDA:360,28,0,2
BRDA:360,28,1,0
BRDA:360,29,0,0
BRDA:360,29,1,0
BRDA:382,30,0,4
BRDA:382,30,1,1
BRDA:400,31,0,2
BRDA:400,31,1,4
BRDA:414,32,0,2
BRDA:414,32,1,2
BRDA:432,33,0,2
BRDA:432,33,1,0
BRDA:437,34,0,1
BRDA:437,34,1,1
BRDA:437,35,0,1
BRDA:437,35,1,0
BRF:70
BRH:56
end_of_record
TN:
SF:/Users/kevin.thizy/Documents/Missions/Tokeny/T-REX/T-REX/contracts/factory/ITREXFactory.sol
FNF:0
FNH:0
LF:0
LH:0
BRF:0
BRH:0
end_of_record
TN:
SF:/Users/kevin.thizy/Documents/Missions/Tokeny/T-REX/T-REX/contracts/factory/TREXFactory.sol
FN:89,constructor
FN:99,deployTREXSuite
FN:172,recoverContractOwnership
FN:179,getImplementationAuthority
FN:186,getToken
FN:193,setImplementationAuthority
FN:210,_deploy
FN:227,_deployTIR
FN:239,_deployCTR
FN:251,_deployMC
FN:263,_deployIRS
FN:275,_deployIR
FN:296,_deployToken
FNF:13
FNH:13
FNDA:36,constructor
FNDA:12,deployTREXSuite
FNDA:1,recoverContractOwnership
FNDA:19,getImplementationAuthority
FNDA:1,getToken
FNDA:36,setImplementationAuthority
FNDA:30,_deploy
FNDA:5,_deployTIR
FNDA:5,_deployCTR
FNDA:5,_deployMC
FNDA:5,_deployIRS
FNDA:5,_deployIR
FNDA:5,_deployToken
DA:90,36
DA:100,12
DA:102,11
DA:104,10
DA:106,9
DA:108,8
DA:110,7
DA:112,6
DA:115,5
DA:116,5
DA:117,5
DA:118,5
DA:119,5
DA:120,5
DA:123,0
DA:125,5
DA:127,5
DA:138,5
DA:139,1
DA:141,5
DA:142,1
DA:144,5
DA:145,5
DA:146,5
DA:147,1
DA:149,5
DA:150,1
DA:152,5
DA:153,1
DA:154,1
DA:156,1
DA:157,1
DA:160,5
DA:161,5
DA:162,5
DA:163,5
DA:164,5
DA:165,5
DA:166,5
DA:173,1
DA:180,19
DA:187,1
DA:194,36
DA:196,36
DA:204,36
DA:205,36
DA:211,30
DA:212,30
DA:214,30
DA:222,30
DA:223,30
DA:232,5
DA:233,5
DA:234,5
DA:235,5
DA:244,5
DA:245,5
DA:246,5
DA:247,5
DA:256,5
DA:257,5
DA:258,5
DA:259,5
DA:268,5
DA:269,5
DA:270,5
DA:271,5
DA:283,5
DA:284,5
DA:291,5
DA:292,5
DA:307,5
DA:308,5
DA:318,5
DA:319,5
LF:75
LH:74
BRDA:99,1,0,12
BRDA:99,1,1,1
BRDA:100,2,0,11
BRDA:100,2,1,1
BRDA:102,3,0,10
BRDA:102,3,1,1
BRDA:104,4,0,9
BRDA:104,4,1,1
BRDA:106,5,0,8
BRDA:106,5,1,1
BRDA:108,6,0,7
BRDA:108,6,1,1
BRDA:110,7,0,6
BRDA:110,7,1,1
BRDA:112,8,0,5
BRDA:112,8,1,1
BRDA:119,9,0,5
BRDA:119,9,1,0
BRDA:153,10,0,1
BRDA:153,10,1,0
BRDA:156,11,0,1
BRDA:156,11,1,0
BRDA:172,12,0,1
BRDA:172,12,1,1
BRDA:193,13,0,36
BRDA:193,13,1,0
BRDA:194,14,0,36
BRDA:194,14,1,0
BRDA:196,15,0,36
BRDA:196,15,1,0
BRF:30
BRH:24
end_of_record
TN:
SF:/Users/kevin.thizy/Documents/Missions/Tokeny/T-REX/T-REX/contracts/proxy/AbstractProxy.sol
FN:73,setImplementationAuthority
FN:91,getImplementationAuthority
FN:103,_storeImplementationAuthority
FNF:3
FNH:3
FNDA:6,setImplementationAuthority
FNDA:1131,getImplementationAuthority
FNDA:96,_storeImplementationAuthority
DA:74,6
DA:75,6
DA:76,6
DA:84,6
DA:85,6
DA:92,1131
DA:94,1131
DA:97,1131
DA:105,96
LF:9
LH:9
BRDA:74,1,0,6
BRDA:74,1,1,0
BRDA:75,2,0,6
BRDA:75,2,1,0
BRDA:76,3,0,6
BRDA:76,3,1,0
BRF:6
BRH:3
end_of_record
TN:
SF:/Users/kevin.thizy/Documents/Missions/Tokeny/T-REX/T-REX/contracts/proxy/authority/IAFactory.sol
FN:78,constructor
FN:85,deployIA
FN:101,deployedByFactory
FNF:3
FNH:3
FNDA:12,constructor
FNDA:1,deployIA
FNDA:1,deployedByFactory
DA:79,12
DA:86,1
DA:87,0
DA:88,1
DA:90,1
DA:91,1
DA:92,1
DA:93,1
DA:94,1
DA:95,1
DA:102,1
LF:11
LH:10
BRDA:86,1,0,0
BRDA:86,1,1,1
BRF:2
BRH:1
end_of_record
TN:
SF:/Users/kevin.thizy/Documents/Missions/Tokeny/T-REX/T-REX/contracts/proxy/authority/IIAFactory.sol
FNF:0
FNH:0
LF:0
LH:0
BRF:0
BRH:0
end_of_record
TN:
SF:/Users/kevin.thizy/Documents/Missions/Tokeny/T-REX/T-REX/contracts/proxy/authority/ITREXImplementationAuthority.sol
FNF:0
FNH:0
LF:0
LH:0
BRF:0
BRH:0
end_of_record
TN:
SF:/Users/kevin.thizy/Documents/Missions/Tokeny/T-REX/T-REX/contracts/proxy/authority/TREXImplementationAuthority.sol
FN:103,constructor
FN:114,setTREXFactory
FN:126,setIAFactory
FN:138,addAndUseTREXVersion
FN:146,fetchVersion
FN:160,changeImplementationAuthority
FN:218,getCurrentVersion
FN:225,getContracts
FN:232,getTREXFactory
FN:239,getTokenImplementation
FN:246,getCTRImplementation
FN:253,getIRImplementation
FN:260,getIRSImplementation
FN:267,getTIRImplementation
FN:274,getMCImplementation
FN:281,addTREXVersion
FN:301,useTREXVersion
FN:315,isReferenceContract
FN:322,getReferenceContract
FN:329,_versionToBytes
FNF:20
FNH:20
FNDA:31,constructor
FNDA:7,setTREXFactory
FNDA:5,setIAFactory
FNDA:4,addAndUseTREXVersion
FNDA:6,fetchVersion
FNDA:7,changeImplementationAuthority
FNDA:5,getCurrentVersion
FNDA:4,getContracts
FNDA:2,getTREXFactory
FNDA:244,getTokenImplementation
FNDA:120,getCTRImplementation
FNDA:150,getIRImplementation
FNDA:510,getIRSImplementation
FNDA:173,getTIRImplementation
FNDA:179,getMCImplementation
FNDA:7,addTREXVersion
FNDA:7,useTREXVersion
FNDA:30,isReferenceContract
FNDA:6,getReferenceContract
FNDA:1427,_versionToBytes
DA:104,31
DA:105,31
DA:106,31
DA:107,31
DA:108,31
DA:115,7
DA:119,6
DA:120,6
DA:127,5
DA:131,5
DA:132,5
DA:139,4
DA:140,3
DA:147,6
DA:148,5
DA:149,1
DA:151,4
DA:153,4
DA:161,7
DA:162,6
DA:163,1
DA:165,5
DA:166,5
DA:167,5
DA:168,5
DA:169,5
DA:172,5
DA:179,1
DA:182,4
DA:183,1
DA:186,3
DA:189,1
DA:191,2
DA:194,1
DA:196,1
DA:199,1
DA:203,1
DA:204,1
DA:205,1
DA:206,1
DA:207,1
DA:209,1
DA:210,1
DA:212,1
DA:219,5
DA:226,4
DA:233,2
DA:240,244
DA:247,120
DA:254,150
DA:261,510
DA:268,173
DA:275,179
DA:282,7
DA:283,5
DA:284,1
DA:286,4
DA:294,3
DA:295,3
DA:302,7
DA:303,1
DA:305,6
DA:306,1
DA:308,5
DA:309,5
DA:316,30
DA:323,6
DA:330,1427
LF:68
LH:68
BRDA:114,1,0,7
BRDA:114,1,1,1
BRDA:115,2,0,6
BRDA:115,2,1,1
BRDA:126,3,0,5
BRDA:126,3,1,1
BRDA:127,4,0,5
BRDA:127,4,1,0
BRDA:147,5,0,5
BRDA:147,5,1,1
BRDA:148,6,0,1
BRDA:148,6,1,4
BRDA:161,7,0,6
BRDA:161,7,1,1
BRDA:162,8,0,1
BRDA:162,8,1,5
BRDA:172,9,0,1
BRDA:172,9,1,4
BRDA:173,10,0,1
BRDA:173,10,1,0
BRDA:173,11,0,0
BRDA:173,11,1,0
BRDA:173,12,0,0
BRDA:173,12,1,0
BRDA:173,13,0,0
BRDA:173,13,1,0
BRDA:173,14,0,0
BRDA:173,14,1,0
BRDA:182,15,0,1
BRDA:182,15,1,3
BRDA:186,16,0,1
BRDA:186,16,1,2
BRDA:191,17,0,1
BRDA:191,17,1,1
BRDA:196,18,0,1
BRDA:196,18,1,0
BRDA:209,19,0,1
BRDA:209,19,1,0
BRDA:281,20,0,7
BRDA:281,20,1,1
BRDA:282,21,0,5
BRDA:282,21,1,2
BRDA:283,22,0,1
BRDA:283,22,1,4
BRDA:286,23,0,3
BRDA:286,23,1,1
BRDA:301,24,0,7
BRDA:301,24,1,1
BRDA:302,25,0,1
BRDA:302,25,1,6
BRDA:305,26,0,1
BRDA:305,26,1,5
BRF:52
BRH:40
end_of_record
TN:
SF:/Users/kevin.thizy/Documents/Missions/Tokeny/T-REX/T-REX/contracts/proxy/ClaimTopicsRegistryProxy.sol
FN:68,constructor
FN:81,
FNF:2
FNH:2
FNDA:8,constructor
FNDA:70,
DA:69,8
DA:70,8
DA:71,8
DA:73,8
DA:76,8
DA:77,8
DA:82,70
DA:85,70
LF:8
LH:8
BRDA:69,1,0,8
BRDA:69,1,1,0
BRDA:77,2,0,8
BRDA:77,2,1,0
BRF:4
BRH:2
end_of_record
TN:
SF:/Users/kevin.thizy/Documents/Missions/Tokeny/T-REX/T-REX/contracts/proxy/IdentityRegistryProxy.sol
FN:68,constructor
FN:96,
FNF:2
FNH:2
FNDA:8,constructor
FNDA:100,
DA:74,8
DA:80,8
DA:81,8
DA:83,8
DA:86,8
DA:92,8
DA:97,100
DA:100,100
LF:8
LH:8
BRDA:74,1,0,8
BRDA:74,1,1,0
BRDA:92,2,0,8
BRDA:92,2,1,0
BRF:4
BRH:2
end_of_record
TN:
SF:/Users/kevin.thizy/Documents/Missions/Tokeny/T-REX/T-REX/contracts/proxy/IdentityRegistryStorageProxy.sol
FN:68,constructor
FN:81,
FNF:2
FNH:2
FNDA:8,constructor
FNDA:460,
DA:69,8
DA:70,8
DA:71,8
DA:73,8
DA:76,8
DA:77,8
DA:82,460
DA:85,460
LF:8
LH:8
BRDA:69,1,0,8
BRDA:69,1,1,0
BRDA:77,2,0,8
BRDA:77,2,1,0
BRF:4
BRH:2
end_of_record
TN:
SF:/Users/kevin.thizy/Documents/Missions/Tokeny/T-REX/T-REX/contracts/proxy/interface/IProxy.sol
FNF:0
FNH:0
LF:0
LH:0
BRF:0
BRH:0
end_of_record
TN:
SF:/Users/kevin.thizy/Documents/Missions/Tokeny/T-REX/T-REX/contracts/proxy/ModularComplianceProxy.sol
FN:68,constructor
FN:81,
FNF:2
FNH:2
FNDA:50,constructor
FNDA:87,
DA:69,50
DA:70,50
DA:71,50
DA:73,50
DA:76,50
DA:77,50
DA:82,87
DA:85,87
LF:8
LH:8
BRDA:69,1,0,50
BRDA:69,1,1,0
BRDA:77,2,0,50
BRDA:77,2,1,0
BRF:4
BRH:2
end_of_record
TN:
SF:/Users/kevin.thizy/Documents/Missions/Tokeny/T-REX/T-REX/contracts/proxy/TokenProxy.sol
FN:68,constructor
FN:109,
FNF:2
FNH:2
FNDA:8,constructor
FNDA:194,
DA:78,8
DA:83,8
DA:87,8
DA:88,8
DA:89,8
DA:91,8
DA:94,8
DA:105,8
DA:110,194
DA:113,194
LF:10
LH:10
BRDA:78,1,0,8
BRDA:78,1,1,0
BRDA:83,2,0,8
BRDA:83,2,1,0
BRDA:87,3,0,8
BRDA:87,3,1,0
BRDA:105,4,0,8
BRDA:105,4,1,0
BRF:8
BRH:4
end_of_record
TN:
SF:/Users/kevin.thizy/Documents/Missions/Tokeny/T-REX/T-REX/contracts/proxy/TrustedIssuersRegistryProxy.sol
FN:69,constructor
FN:82,
FNF:2
FNH:2
FNDA:8,constructor
FNDA:123,
DA:70,8
DA:71,8
DA:72,8
DA:74,8
DA:77,8
DA:78,8
DA:83,123
DA:86,123
LF:8
LH:8
BRDA:70,1,0,8
BRDA:70,1,1,0
BRDA:78,2,0,8
BRDA:78,2,1,0
BRF:4
BRH:2
end_of_record
TN:
SF:/Users/kevin.thizy/Documents/Missions/Tokeny/T-REX/T-REX/contracts/registry/implementation/ClaimTopicsRegistry.sol
FN:70,init
FN:77,addClaimTopic
FN:90,removeClaimTopic
FN:105,getClaimTopics
FNF:4
FNH:4
FNDA:8,init
FNDA:22,addClaimTopic
FNDA:2,removeClaimTopic
FNDA:34,getClaimTopics
DA:71,8
DA:78,22
DA:79,22
DA:80,21
DA:81,114
DA:83,20
DA:84,20
DA:91,2
DA:92,2
DA:93,4
DA:94,2
DA:95,2
DA:96,2
DA:97,2
DA:106,34
LF:15
LH:15
BRDA:70,1,0,8
BRDA:70,1,1,1
BRDA:77,2,0,22
BRDA:77,2,1,1
BRDA:79,3,0,21
BRDA:79,3,1,1
BRDA:81,4,0,113
BRDA:81,4,1,1
BRDA:90,5,0,2
BRDA:90,5,1,1
BRDA:93,6,0,2
BRDA:93,6,1,2
BRF:12
BRH:12
end_of_record
TN:
SF:/Users/kevin.thizy/Documents/Missions/Tokeny/T-REX/T-REX/contracts/registry/implementation/IdentityRegistry.sol
FN:90,init
FN:108,batchRegisterIdentity
FN:121,updateIdentity
FN:130,updateCountry
FN:138,deleteIdentity
FN:147,setIdentityRegistryStorage
FN:155,setClaimTopicsRegistry
FN:163,setTrustedIssuersRegistry
FN:172,isVerified
FN:227,investorCountry
FN:234,issuersRegistry
FN:241,topicsRegistry
FN:248,identityStorage
FN:255,contains
FN:269,registerIdentity
FN:277,identity
FNF:16
FNH:16
FNDA:11,init
FNDA:1,batchRegisterIdentity
FNDA:1,updateIdentity
FNDA:1,updateCountry
FNDA:4,deleteIdentity
FNDA:1,setIdentityRegistryStorage
FNDA:1,setClaimTopicsRegistry
FNDA:1,setTrustedIssuersRegistry
FNDA:33,isVerified
FNDA:6,investorCountry
FNDA:6,issuersRegistry
FNDA:6,topicsRegistry
FNDA:6,identityStorage
FNDA:2,contains
FNDA:7,registerIdentity
FNDA:96,identity
DA:91,11
DA:96,8
DA:97,8
DA:98,8
DA:99,8
DA:100,8
DA:101,8
DA:102,8
DA:113,1
DA:114,2
DA:122,1
DA:123,1
DA:124,1
DA:131,1
DA:132,1
DA:139,4
DA:140,4
DA:141,4
DA:148,1
DA:149,1
DA:156,1
DA:157,1
DA:164,1
DA:165,1
DA:173,33
DA:174,29
DA:175,29
DA:176,1
DA:179,28
DA:180,28
DA:181,28
DA:182,28
DA:183,28
DA:184,28
DA:185,28
DA:186,28
DA:189,28
DA:191,27
DA:192,27
DA:193,29
DA:196,27
DA:197,29
DA:199,29
DA:200,27
DA:203,25
DA:206,24
DA:208,25
DA:209,1
DA:212,2
DA:213,1
DA:217,1
DA:221,24
DA:228,6
DA:235,6
DA:242,6
DA:249,6
DA:256,2
DA:257,1
DA:259,1
DA:270,7
DA:271,7
DA:278,96
LF:62
LH:62
BRDA:90,1,0,11
BRDA:90,1,1,1
BRDA:91,2,0,8
BRDA:91,2,1,3
BRDA:121,3,0,1
BRDA:121,3,1,1
BRDA:130,4,0,1
BRDA:130,4,1,1
BRDA:138,5,0,4
BRDA:138,5,1,1
BRDA:147,6,0,1
BRDA:147,6,1,1
BRDA:155,7,0,1
BRDA:155,7,1,1
BRDA:163,8,0,1
BRDA:163,8,1,1
BRDA:173,9,0,4
BRDA:173,9,1,29
BRDA:175,10,0,1
BRDA:175,10,1,28
BRDA:189,11,0,1
BRDA:189,11,1,27
BRDA:199,12,0,27
BRDA:199,12,1,2
BRDA:203,13,0,24
BRDA:203,13,1,1
BRDA:208,14,0,1
BRDA:208,14,1,24
BRDA:212,15,0,1
BRDA:212,15,1,1
BRDA:216,16,0,1
BRDA:216,16,1,1
BRDA:256,17,0,1
BRDA:256,17,1,1
BRDA:269,18,0,7
BRDA:269,18,1,1
BRF:36
BRH:36
end_of_record
TN:
SF:/Users/kevin.thizy/Documents/Missions/Tokeny/T-REX/T-REX/contracts/registry/implementation/IdentityRegistryStorage.sol
FN:72,init
FN:83,addIdentityToStorage
FN:97,modifyStoredIdentity
FN:111,modifyStoredInvestorCountry
FN:121,removeIdentityFromStorage
FN:132,bindIdentityRegistry
FN:143,unbindIdentityRegistry
FN:161,linkedIdentityRegistries
FN:168,storedIdentity
FN:175,storedInvestorCountry
FNF:10
FNH:10
FNDA:8,init
FNDA:10,addIdentityToStorage
FNDA:4,modifyStoredIdentity
FNDA:3,modifyStoredInvestorCountry
FNDA:6,removeIdentityFromStorage
FNDA:310,bindIdentityRegistry
FNDA:5,unbindIdentityRegistry
FNDA:1,linkedIdentityRegistries
FNDA:96,storedIdentity
FNDA:6,storedInvestorCountry
DA:73,8
DA:84,10
DA:88,8
DA:89,7
DA:90,7
DA:91,7
DA:98,4
DA:102,2
DA:103,1
DA:104,1
DA:105,1
DA:112,3
DA:113,2
DA:114,1
DA:115,1
DA:122,6
DA:123,5
DA:124,4
DA:125,4
DA:126,4
DA:133,310
DA:134,309
DA:135,308
DA:136,307
DA:137,307
DA:144,5
DA:145,4
DA:146,3
DA:147,3
DA:148,4
DA:149,2
DA:150,2
DA:151,2
DA:154,3
DA:155,2
DA:162,1
DA:169,96
DA:176,6
LF:38
LH:38
BRDA:72,1,0,8
BRDA:72,1,1,1
BRDA:83,2,0,10
BRDA:83,2,1,1
BRDA:84,3,0,8
BRDA:84,3,1,2
BRDA:88,4,0,7
BRDA:88,4,1,1
BRDA:97,5,0,4
BRDA:97,5,1,1
BRDA:98,6,0,2
BRDA:98,6,1,2
BRDA:102,7,0,1
BRDA:102,7,1,1
BRDA:111,8,0,3
BRDA:111,8,1,1
BRDA:112,9,0,2
BRDA:112,9,1,1
BRDA:113,10,0,1
BRDA:113,10,1,1
BRDA:121,11,0,6
BRDA:121,11,1,1
BRDA:122,12,0,5
BRDA:122,12,1,1
BRDA:123,13,0,4
BRDA:123,13,1,1
BRDA:133,14,0,309
BRDA:133,14,1,1
BRDA:134,15,0,308
BRDA:134,15,1,1
BRDA:144,16,0,4
BRDA:144,16,1,1
BRDA:145,17,0,3
BRDA:145,17,1,1
BRDA:148,18,0,2
BRDA:148,18,1,2
BRF:36
BRH:36
end_of_record
TN:
SF:/Users/kevin.thizy/Documents/Missions/Tokeny/T-REX/T-REX/contracts/registry/implementation/TrustedIssuersRegistry.sol
FN:73,init
FN:80,addTrustedIssuer
FN:97,removeTrustedIssuer
FN:130,updateIssuerClaimTopics
FN:158,getTrustedIssuers
FN:165,getTrustedIssuersForClaimTopic
FN:172,isTrustedIssuer
FN:182,getTrustedIssuerClaimTopics
FN:190,hasClaimTopic
FNF:9
FNH:9
FNDA:8,init
FNDA:62,addTrustedIssuer
FNDA:5,removeTrustedIssuer
FNDA:5,updateIssuerClaimTopics
FNDA:1,getTrustedIssuers
FNDA:29,getTrustedIssuersForClaimTopic
FNDA:2,isTrustedIssuer
FNDA:4,getTrustedIssuerClaimTopics
FNDA:3,hasClaimTopic
DA:74,8
DA:81,62
DA:82,61
DA:83,60
DA:84,59
DA:85,58
DA:86,57
DA:87,57
DA:88,57
DA:89,62
DA:91,57
DA:98,5
DA:99,4
DA:100,3
DA:101,3
DA:102,5
DA:103,3
DA:104,3
DA:105,3
DA:108,3
DA:112,4
DA:113,4
DA:114,4
DA:115,5
DA:116,4
DA:118,4
DA:119,4
DA:123,3
DA:124,3
DA:131,5
DA:132,4
DA:133,3
DA:134,2
DA:136,1
DA:137,1
DA:138,1
DA:139,1
DA:140,1
DA:141,1
DA:143,1
DA:144,1
DA:148,1
DA:149,1
DA:150,2
DA:152,1
DA:159,1
DA:166,29
DA:173,2
DA:174,1
DA:176,1
DA:183,4
DA:184,3
DA:191,3
DA:192,3
DA:193,3
DA:194,5
DA:195,2
DA:198,1
LF:58
LH:58
BRDA:73,1,0,8
BRDA:73,1,1,0
BRDA:80,2,0,62
BRDA:80,2,1,1
BRDA:81,3,0,61
BRDA:81,3,1,1
BRDA:82,4,0,60
BRDA:82,4,1,1
BRDA:83,5,0,59
BRDA:83,5,1,1
BRDA:84,6,0,58
BRDA:84,6,1,1
BRDA:85,7,0,57
BRDA:85,7,1,1
BRDA:97,8,0,5
BRDA:97,8,1,1
BRDA:98,9,0,4
BRDA:98,9,1,1
BRDA:99,10,0,3
BRDA:99,10,1,1
BRDA:102,11,0,3
BRDA:102,11,1,2
BRDA:115,12,0,4
BRDA:115,12,1,1
BRDA:130,13,0,5
BRDA:130,13,1,1
BRDA:131,14,0,4
BRDA:131,14,1,1
BRDA:132,15,0,3
BRDA:132,15,1,1
BRDA:133,16,0,2
BRDA:133,16,1,1
BRDA:134,17,0,1
BRDA:134,17,1,1
BRDA:140,18,0,1
BRDA:140,18,1,0
BRDA:173,19,0,1
BRDA:173,19,1,1
BRDA:183,20,0,3
BRDA:183,20,1,1
BRDA:194,21,0,2
BRDA:194,21,1,3
BRF:42
BRH:40
end_of_record
TN:
SF:/Users/kevin.thizy/Documents/Missions/Tokeny/T-REX/T-REX/contracts/registry/interface/IClaimTopicsRegistry.sol
FNF:0
FNH:0
LF:0
LH:0
BRF:0
BRH:0
end_of_record
TN:
SF:/Users/kevin.thizy/Documents/Missions/Tokeny/T-REX/T-REX/contracts/registry/interface/IIdentityRegistry.sol
FNF:0
FNH:0
LF:0
LH:0
BRF:0
BRH:0
end_of_record
TN:
SF:/Users/kevin.thizy/Documents/Missions/Tokeny/T-REX/T-REX/contracts/registry/interface/IIdentityRegistryStorage.sol
FNF:0
FNH:0
LF:0
LH:0
BRF:0
BRH:0
end_of_record
TN:
SF:/Users/kevin.thizy/Documents/Missions/Tokeny/T-REX/T-REX/contracts/registry/interface/ITrustedIssuersRegistry.sol
FNF:0
FNH:0
LF:0
LH:0
BRF:0
BRH:0
end_of_record
TN:
SF:/Users/kevin.thizy/Documents/Missions/Tokeny/T-REX/T-REX/contracts/registry/storage/CTRStorage.sol
FNF:0
FNH:0
LF:0
LH:0
BRF:0
BRH:0
end_of_record
TN:
SF:/Users/kevin.thizy/Documents/Missions/Tokeny/T-REX/T-REX/contracts/registry/storage/IRSStorage.sol
FNF:0
FNH:0
LF:0
LH:0
BRF:0
BRH:0
end_of_record
TN:
SF:/Users/kevin.thizy/Documents/Missions/Tokeny/T-REX/T-REX/contracts/registry/storage/IRStorage.sol
FNF:0
FNH:0
LF:0
LH:0
BRF:0
BRH:0
end_of_record
TN:
SF:/Users/kevin.thizy/Documents/Missions/Tokeny/T-REX/T-REX/contracts/registry/storage/TIRStorage.sol
FNF:0
FNH:0
LF:0
LH:0
BRF:0
BRH:0
end_of_record
TN:
SF:/Users/kevin.thizy/Documents/Missions/Tokeny/T-REX/T-REX/contracts/roles/AgentRole.sol
FN:77,onlyAgent
FN:82,addAgent
FN:88,removeAgent
FN:94,isAgent
FNF:4
FNH:3
FNDA:0,onlyAgent
FNDA:5,addAgent
FNDA:3,removeAgent
FNDA:2,isAgent
DA:78,0
DA:79,0
DA:83,5
DA:84,4
DA:85,3
DA:89,3
DA:90,2
DA:91,1
DA:95,2
LF:9
LH:7
BRDA:78,1,0,0
BRDA:78,1,1,0
BRDA:82,2,0,5
BRDA:82,2,1,1
BRDA:83,3,0,4
BRDA:83,3,1,1
BRDA:88,4,0,3
BRDA:88,4,1,1
BRDA:89,5,0,2
BRDA:89,5,1,1
BRF:10
BRH:8
end_of_record
TN:
SF:/Users/kevin.thizy/Documents/Missions/Tokeny/T-REX/T-REX/contracts/roles/AgentRoleUpgradeable.sol
FN:77,onlyAgent
FN:82,addAgent
FN:88,removeAgent
FN:94,isAgent
FNF:4
FNH:4
FNDA:118,onlyAgent
FNDA:329,addAgent
FNDA:2,removeAgent
FNDA:120,isAgent
DA:78,118
DA:79,101
DA:83,329
DA:84,329
DA:85,329
DA:89,2
DA:90,2
DA:91,2
DA:95,120
LF:9
LH:9
BRDA:78,1,0,101
BRDA:78,1,1,17
BRDA:82,2,0,329
BRDA:82,2,1,1
BRDA:83,3,0,329
BRDA:83,3,1,0
BRDA:88,4,0,2
BRDA:88,4,1,1
BRDA:89,5,0,2
BRDA:89,5,1,0
BRF:10
BRH:8
end_of_record
TN:
SF:/Users/kevin.thizy/Documents/Missions/Tokeny/T-REX/T-REX/contracts/roles/Roles.sol
FN:77,add
FN:85,remove
FN:94,has
FNF:3
FNH:3
FNDA:372,add
FNDA:4,remove
FNDA:597,has
DA:78,372
DA:79,371
DA:86,4
DA:87,3
DA:95,597
DA:96,597
LF:6
LH:6
BRDA:78,1,0,371
BRDA:78,1,1,1
BRDA:86,2,0,3
BRDA:86,2,1,1
BRDA:95,3,0,597
BRDA:95,3,1,0
BRF:6
BRH:5
end_of_record
TN:
SF:/Users/kevin.thizy/Documents/Missions/Tokeny/T-REX/T-REX/contracts/token/IToken.sol
FNF:0
FNH:0
LF:0
LH:0
BRF:0
BRH:0
end_of_record
TN:
SF:/Users/kevin.thizy/Documents/Missions/Tokeny/T-REX/T-REX/contracts/token/Token.sol
FN:75,whenNotPaused
FN:81,whenPaused
FN:107,init
FN:136,approve
FN:144,increaseAllowance
FN:152,decreaseAllowance
FN:160,setName
FN:169,setSymbol
FN:179,setOnchainID
FN:187,pause
FN:195,unpause
FN:203,batchTransfer
FN:223,transferFrom
FN:238,batchForcedTransfer
FN:251,batchMint
FN:260,batchBurn
FN:269,batchSetAddressFrozen
FN:278,batchFreezePartialTokens
FN:287,batchUnfreezePartialTokens
FN:300,recoveryAddress
FN:326,totalSupply
FN:333,allowance
FN:340,identityRegistry
FN:347,compliance
FN:354,paused
FN:361,isFrozen
FN:368,getFrozenTokens
FN:375,decimals
FN:382,name
FN:389,onchainID
FN:396,symbol
FN:403,version
FN:416,transfer
FN:434,forcedTransfer
FN:453,mint
FN:463,burn
FN:478,setAddressFrozen
FN:487,freezePartialTokens
FN:497,unfreezePartialTokens
FN:506,setIdentityRegistry
FN:514,setCompliance
FN:526,balanceOf
FN:533,_transfer
FN:551,_mint
FN:564,_burn
FN:577,_approve
FN:593,_beforeTokenTransfer
FNF:47
FNH:47
FNDA:27,whenNotPaused
FNDA:4,whenPaused
FNDA:8,init
FNDA:4,approve
FNDA:1,increaseAllowance
FNDA:1,decreaseAllowance
FNDA:2,setName
FNDA:2,setSymbol
FNDA:1,setOnchainID
FNDA:7,pause
FNDA:3,unpause
FNDA:1,batchTransfer
FNDA:7,transferFrom
FNDA:1,batchForcedTransfer
FNDA:1,batchMint
FNDA:1,batchBurn
FNDA:1,batchSetAddressFrozen
FNDA:1,batchFreezePartialTokens
FNDA:1,batchUnfreezePartialTokens
FNDA:5,recoveryAddress
FNDA:3,totalSupply
FNDA:4,allowance
FNDA:17,identityRegistry
FNDA:6,compliance
FNDA:3,paused
FNDA:2,isFrozen
FNDA:3,getFrozenTokens
FNDA:3,decimals
FNDA:3,name
FNDA:3,onchainID
FNDA:3,symbol
FNDA:3,version
FNDA:10,transfer
FNDA:10,forcedTransfer
FNDA:7,mint
FNDA:5,burn
FNDA:9,setAddressFrozen
FNDA:13,freezePartialTokens
FNDA:4,unfreezePartialTokens
FNDA:9,setIdentityRegistry
FNDA:20,setCompliance
FNDA:73,balanceOf
FNDA:13,_transfer
FNDA:5,_mint
FNDA:4,_burn
FNDA:7,_approve
FNDA:22,_beforeTokenTransfer
DA:76,27
DA:77,24
DA:82,4
DA:83,3
DA:112,8
DA:113,8
DA:117,8
DA:121,8
DA:122,8
DA:123,8
DA:124,8
DA:125,8
DA:126,8
DA:127,8
DA:128,8
DA:129,8
DA:130,8
DA:137,4
DA:138,4
DA:145,1
DA:146,1
DA:153,1
DA:154,1
DA:161,2
DA:162,1
DA:163,1
DA:170,2
DA:171,1
DA:172,1
DA:180,1
DA:181,1
DA:188,7
DA:189,7
DA:196,3
DA:197,3
DA:204,1
DA:205,2
DA:224,7
DA:225,5
DA:226,3
DA:227,1
DA:228,1
DA:229,1
DA:230,1
DA:232,2
DA:243,1
DA:244,2
DA:252,1
DA:253,2
DA:261,1
DA:262,2
DA:270,1
DA:271,2
DA:279,1
DA:280,2
DA:288,1
DA:289,2
DA:301,5
DA:302,4
DA:303,4
DA:304,4
DA:305,3
DA:306,3
DA:307,3
DA:309,3
DA:310,3
DA:311,1
DA:313,3
DA:314,1
DA:316,3
DA:317,3
DA:318,3
DA:320,1
DA:327,3
DA:334,4
DA:341,17
DA:348,6
DA:355,3
DA:362,2
DA:369,3
DA:376,3
DA:383,3
DA:390,3
DA:397,3
DA:404,3
DA:417,10
DA:418,8
DA:419,6
DA:420,4
DA:421,4
DA:422,4
DA:424,2
DA:435,10
DA:436,9
DA:437,9
DA:438,2
DA:439,2
DA:440,2
DA:442,9
DA:443,8
DA:444,8
DA:445,8
DA:447,1
DA:454,7
DA:455,6
DA:456,5
DA:457,5
DA:464,5
DA:465,4
DA:466,4
DA:467,1
DA:468,1
DA:469,1
DA:471,4
DA:472,4
DA:479,9
DA:481,9
DA:488,13
DA:489,13
DA:490,12
DA:491,12
DA:498,4
DA:499,3
DA:500,3
DA:507,9
DA:508,9
DA:515,20
DA:516,12
DA:518,20
DA:519,20
DA:520,20
DA:527,73
DA:538,13
DA:539,13
DA:541,13
DA:543,13
DA:544,13
DA:545,13
DA:552,5
DA:554,5
DA:556,5
DA:557,5
DA:558,5
DA:565,4
DA:567,4
DA:569,4
DA:570,4
DA:571,4
DA:582,7
DA:583,7
DA:585,7
DA:586,7
LF:152
LH:152
BRDA:76,1,0,24
BRDA:76,1,1,3
BRDA:82,2,0,3
BRDA:82,2,1,1
BRDA:107,3,0,8
BRDA:107,3,1,0
BRDA:112,4,0,8
BRDA:112,4,1,0
BRDA:113,5,0,8
BRDA:113,5,1,0
BRDA:117,6,0,8
BRDA:117,6,1,0
BRDA:121,7,0,8
BRDA:121,7,1,0
BRDA:160,8,0,2
BRDA:160,8,1,1
BRDA:161,9,0,1
BRDA:161,9,1,1
BRDA:169,10,0,2
BRDA:169,10,1,1
BRDA:170,11,0,1
BRDA:170,11,1,1
BRDA:179,12,0,1
BRDA:179,12,1,1
BRDA:187,13,0,8
BRDA:187,13,1,1
BRDA:187,14,0,7
BRDA:187,14,1,1
BRDA:195,15,0,4
BRDA:195,15,1,1
BRDA:195,16,0,3
BRDA:195,16,1,1
BRDA:223,17,0,7
BRDA:223,17,1,1
BRDA:224,18,0,5
BRDA:224,18,1,2
BRDA:225,19,0,3
BRDA:225,19,1,2
BRDA:226,20,0,1
BRDA:226,20,1,2
BRDA:300,21,0,5
BRDA:300,21,1,1
BRDA:301,22,0,4
BRDA:301,22,1,1
BRDA:304,23,0,3
BRDA:304,23,1,1
BRDA:310,24,0,1
BRDA:310,24,1,2
BRDA:313,25,0,1
BRDA:313,25,1,2
BRDA:416,26,0,10
BRDA:416,26,1,1
BRDA:417,27,0,8
BRDA:417,27,1,2
BRDA:418,28,0,6
BRDA:418,28,1,2
BRDA:419,29,0,4
BRDA:419,29,1,2
BRDA:434,30,0,10
BRDA:434,30,1,1
BRDA:435,31,0,9
BRDA:435,31,1,1
BRDA:437,32,0,2
BRDA:437,32,1,7
BRDA:442,33,0,8
BRDA:442,33,1,1
BRDA:453,34,0,7
BRDA:453,34,1,1
BRDA:454,35,0,6
BRDA:454,35,1,1
BRDA:455,36,0,5
BRDA:455,36,1,1
BRDA:463,37,0,5
BRDA:463,37,1,1
BRDA:464,38,0,4
BRDA:464,38,1,1
BRDA:466,39,0,1
BRDA:466,39,1,3
BRDA:478,40,0,9
BRDA:478,40,1,1
BRDA:487,41,0,13
BRDA:487,41,1,1
BRDA:489,42,0,12
BRDA:489,42,1,1
BRDA:497,43,0,4
BRDA:497,43,1,1
BRDA:498,44,0,3
BRDA:498,44,1,1
BRDA:506,45,0,9
BRDA:506,45,1,1
BRDA:514,46,0,20
BRDA:514,46,1,1
BRDA:515,47,0,12
BRDA:515,47,1,8
BRDA:538,48,0,13
BRDA:538,48,1,0
BRDA:539,49,0,13
BRDA:539,49,1,0
BRDA:552,50,0,5
BRDA:552,50,1,0
BRDA:565,51,0,4
BRDA:565,51,1,0
BRDA:582,52,0,7
BRDA:582,52,1,0
BRDA:583,53,0,7
BRDA:583,53,1,0
BRF:106
BRH:95
end_of_record
TN:
SF:/Users/kevin.thizy/Documents/Missions/Tokeny/T-REX/T-REX/contracts/token/TokenStorage.sol
FNF:0
FNH:0
LF:0
LH:0
BRF:0
BRH:0
end_of_record
